2023-10-22 21:35:29,722 UTC DEBUG    builtins        Headers before feature: {'Authorization': 'Bearer 3bb828df7836d71da0e9fdd090f6d0f66130044b'}
2023-10-22 21:35:29,722 UTC INFO     utils.rest_client Method Name: get
2023-10-22 21:35:29,722 UTC INFO     utils.rest_client Endpoint (URL): https://api.todoist.com/rest/v2/projects
2023-10-22 21:35:30,580 UTC INFO     utils.rest_client Status code: 200
2023-10-22 21:35:30,581 UTC DEBUG    utils.rest_client Request: {'User-Agent': 'python-requests/2.31.0', 'Accept-Encoding': 'gzip, deflate', 'Accept': '*/*', 'Connection': 'keep-alive', 'Authorization': 'Bearer 3bb828df7836d71da0e9fdd090f6d0f66130044b'}
2023-10-22 21:35:30,581 UTC INFO     utils.rest_client Response: [
	{
		"id": "2319576038",
		"parent_id": null,
		"order": 0,
		"color": "charcoal",
		"name": "Inbox",
		"comment_count": 0,
		"is_shared": false,
		"is_favorite": false,
		"is_inbox_project": true,
		"is_team_inbox": false,
		"url": "https://todoist.com/showProject?id=2319576038",
		"view_style": "list"
	},
	{
		"id": "2322258579",
		"parent_id": null,
		"order": 1,
		"color": "charcoal",
		"name": "PROJECT 1",
		"comment_count": 0,
		"is_shared": false,
		"is_favorite": false,
		"is_inbox_project": false,
		"is_team_inbox": false,
		"url": "https://todoist.com/showProject?id=2322258579",
		"view_style": "list"
	}
]

2023-10-22 21:35:30,581 UTC DEBUG    builtins        {'body': [{'id': '2319576038', 'parent_id': None, 'order': 0, 'color': 'charcoal', 'name': 'Inbox', 'comment_count': 0, 'is_shared': False, 'is_favorite': False, 'is_inbox_project': True, 'is_team_inbox': False, 'url': 'https://todoist.com/showProject?id=2319576038', 'view_style': 'list'}, {'id': '2322258579', 'parent_id': None, 'order': 1, 'color': 'charcoal', 'name': 'PROJECT 1', 'comment_count': 0, 'is_shared': False, 'is_favorite': False, 'is_inbox_project': False, 'is_team_inbox': False, 'url': 'https://todoist.com/showProject?id=2322258579', 'view_style': 'list'}], 'headers': {'Content-Type': 'application/json', 'Content-Length': '626', 'Connection': 'keep-alive', 'Date': 'Mon, 23 Oct 2023 01:35:30 GMT', 'Access-Control-Allow-Credentials': 'false', 'Access-Control-Allow-Origin': '*', 'Referrer-Policy': 'strict-origin-when-cross-origin', 'Server': 'gunicorn', 'Set-Cookie': 'csrf=0f8d5264973f441b80e08bddd33c9427; Expires=Thu, 20-Oct-2033 01:35:30 GMT; Secure; Path=/; SameSite=None, tduser=v4.public.eyJ1c2VyX2lkIjogNDU2ODE1ODIsICJleHAiOiAiMjAyMy0xMS0wNlQwMTozNTozMCswMDowMCJ9do6cm_JgizV2YSPY8gM9V1R567XKyF-E12dSRs3vHnmyLO-5hdT-bosY9K3GoZDQA86VPqmj7FZ_sO53V9Q1Aw; Domain=.todoist.com; Expires=Mon, 06-Nov-2023 01:35:30 GMT; Max-Age=1209600; Secure; HttpOnly; Path=/', 'Strict-Transport-Security': 'max-age=31536000; includeSubDomains; preload', 'Vary': 'Accept-Encoding', 'X-Cache': 'Miss from cloudfront', 'Via': '1.1 56c05f0518189a0b6ea6409adf2869da.cloudfront.net (CloudFront)', 'X-Amz-Cf-Pop': 'SCL51-P4', 'X-Amz-Cf-Id': 'mPYEco1njLcDEZ7Pcjc9wE2rTjdQ1yC_rsyjYv40sCyMJhl_G2MODg=='}, 'status': 200}
2023-10-22 21:35:30,582 UTC DEBUG    builtins        Scenario tags: []
2023-10-22 21:35:30,583 UTC DEBUG    builtins        HEADERS: {'Authorization': 'Bearer 3bb828df7836d71da0e9fdd090f6d0f66130044b'}
2023-10-22 21:35:30,583 UTC DEBUG    builtins        URL: https://api.todoist.com/rest/v2/
2023-10-22 21:35:30,583 UTC INFO     utils.rest_client Method Name: get
2023-10-22 21:35:30,583 UTC INFO     utils.rest_client Endpoint (URL): https://api.todoist.com/rest/v2/tasks
2023-10-22 21:35:31,481 UTC INFO     utils.rest_client Status code: 200
2023-10-22 21:35:31,481 UTC DEBUG    utils.rest_client Request: {'User-Agent': 'python-requests/2.31.0', 'Accept-Encoding': 'gzip, deflate', 'Accept': '*/*', 'Connection': 'keep-alive', 'Authorization': 'Bearer 3bb828df7836d71da0e9fdd090f6d0f66130044b', 'Cookie': 'tduser=v4.public.eyJ1c2VyX2lkIjogNDU2ODE1ODIsICJleHAiOiAiMjAyMy0xMS0wNlQwMTozNTozMCswMDowMCJ9do6cm_JgizV2YSPY8gM9V1R567XKyF-E12dSRs3vHnmyLO-5hdT-bosY9K3GoZDQA86VPqmj7FZ_sO53V9Q1Aw; csrf=0f8d5264973f441b80e08bddd33c9427'}
2023-10-22 21:35:31,481 UTC INFO     utils.rest_client Response: [
	{
		"id": "7340531591",
		"assigner_id": null,
		"assignee_id": null,
		"project_id": "2319576038",
		"section_id": null,
		"parent_id": null,
		"order": 1,
		"content": "TASK NEW",
		"description": "",
		"is_completed": false,
		"labels": [],
		"priority": 1,
		"comment_count": 0,
		"creator_id": "45681582",
		"created_at": "2023-10-23T00:41:43.610148Z",
		"due": {
			"date": "2023-10-23",
			"string": "tomorrow at 12:00",
			"lang": "en",
			"is_recurring": false,
			"datetime": "2023-10-23T12:00:00"
		},
		"url": "https://todoist.com/showTask?id=7340531591",
		"duration": null
	},
	{
		"id": "7340531606",
		"assigner_id": null,
		"assignee_id": null,
		"project_id": "2319576038",
		"section_id": null,
		"parent_id": null,
		"order": 2,
		"content": "task x",
		"description": "",
		"is_completed": false,
		"labels": [],
		"priority": 1,
		"comment_count": 0,
		"creator_id": "45681582",
		"created_at": "2023-10-23T00:41:44.280592Z",
		"due": null,
		"url": "https://todoist.com/showTask?id=7340531606",
		"duration": null
	},
	{
		"id": "7340531623",
		"assigner_id": null,
		"assignee_id": null,
		"project_id": "2319576038",
		"section_id": null,
		"parent_id": null,
		"order": 3,
		"content": "TASK UPDATED",
		"description": "",
		"is_completed": false,
		"labels": [],
		"priority": 1,
		"comment_count": 0,
		"creator_id": "45681582",
		"created_at": "2023-10-23T00:41:45.098054Z",
		"due": {
			"date": "2023-10-23",
			"string": "tomorrow at 08:00",
			"lang": "en",
			"is_recurring": false,
			"datetime": "2023-10-23T08:00:00"
		},
		"url": "https://todoist.com/showTask?id=7340531623",
		"duration": null
	},
	{
		"id": "7340531664",
		"assigner_id": null,
		"assignee_id": null,
		"project_id": "2319576038",
		"section_id": null,
		"parent_id": null,
		"order": 4,
		"content": "task x",
		"description": "",
		"is_completed": false,
		"labels": [],
		"priority": 1,
		"comment_count": 0,
		"creator_id": "45681582",
		"created_at": "2023-10-23T00:41:46.328651Z",
		"due": null,
		"url": "https://todoist.com/showTask?id=7340531664",
		"duration": null
	},
	{
		"id": "7340574599",
		"assigner_id": null,
		"assignee_id": null,
		"project_id": "2319576038",
		"section_id": null,
		"parent_id": null,
		"order": 5,
		"content": "TASK NEW",
		"description": "",
		"is_completed": false,
		"labels": [],
		"priority": 1,
		"comment_count": 0,
		"creator_id": "45681582",
		"created_at": "2023-10-23T01:11:04.158716Z",
		"due": {
			"date": "2023-10-23",
			"string": "tomorrow at 12:00",
			"lang": "en",
			"is_recurring": false,
			"datetime": "2023-10-23T12:00:00"
		},
		"url": "https://todoist.com/showTask?id=7340574599",
		"duration": null
	},
	{
		"id": "7340574616",
		"assigner_id": null,
		"assignee_id": null,
		"project_id": "2319576038",
		"section_id": null,
		"parent_id": null,
		"order": 6,
		"content": "task x",
		"description": "",
		"is_completed": false,
		"labels": [],
		"priority": 1,
		"comment_count": 0,
		"creator_id": "45681582",
		"created_at": "2023-10-23T01:11:05.180030Z",
		"due": null,
		"url": "https://todoist.com/showTask?id=7340574616",
		"duration": null
	},
	{
		"id": "7340574634",
		"assigner_id": null,
		"assignee_id": null,
		"project_id": "2319576038",
		"section_id": null,
		"parent_id": null,
		"order": 7,
		"content": "TASK UPDATED",
		"description": "",
		"is_completed": false,
		"labels": [],
		"priority": 1,
		"comment_count": 0,
		"creator_id": "45681582",
		"created_at": "2023-10-23T01:11:06.368892Z",
		"due": {
			"date": "2023-10-23",
			"string": "tomorrow at 08:00",
			"lang": "en",
			"is_recurring": false,
			"datetime": "2023-10-23T08:00:00"
		},
		"url": "https://todoist.com/showTask?id=7340574634",
		"duration": null
	},
	{
		"id": "7340576016",
		"assigner_id": null,
		"assignee_id": null,
		"project_id": "2319576038",
		"section_id": null,
		"parent_id": null,
		"order": 8,
		"content": "TASK NEW",
		"description": "",
		"is_completed": false,
		"labels": [],
		"priority": 1,
		"comment_count": 0,
		"creator_id": "45681582",
		"created_at": "2023-10-23T01:12:01.970136Z",
		"due": {
			"date": "2023-10-23",
			"string": "tomorrow at 12:00",
			"lang": "en",
			"is_recurring": false,
			"datetime": "2023-10-23T12:00:00"
		},
		"url": "https://todoist.com/showTask?id=7340576016",
		"duration": null
	},
	{
		"id": "7340576033",
		"assigner_id": null,
		"assignee_id": null,
		"project_id": "2319576038",
		"section_id": null,
		"parent_id": null,
		"order": 9,
		"content": "task x",
		"description": "",
		"is_completed": false,
		"labels": [],
		"priority": 1,
		"comment_count": 0,
		"creator_id": "45681582",
		"created_at": "2023-10-23T01:12:02.591045Z",
		"due": null,
		"url": "https://todoist.com/showTask?id=7340576033",
		"duration": null
	},
	{
		"id": "7340576083",
		"assigner_id": null,
		"assignee_id": null,
		"project_id": "2319576038",
		"section_id": null,
		"parent_id": null,
		"order": 10,
		"content": "TASK UPDATED",
		"description": "",
		"is_completed": false,
		"labels": [],
		"priority": 1,
		"comment_count": 0,
		"creator_id": "45681582",
		"created_at": "2023-10-23T01:12:03.922843Z",
		"due": {
			"date": "2023-10-23",
			"string": "tomorrow at 08:00",
			"lang": "en",
			"is_recurring": false,
			"datetime": "2023-10-23T08:00:00"
		},
		"url": "https://todoist.com/showTask?id=7340576083",
		"duration": null
	},
	{
		"id": "7340601996",
		"assigner_id": null,
		"assignee_id": null,
		"project_id": "2319576038",
		"section_id": null,
		"parent_id": null,
		"order": 11,
		"content": "TASK NEW",
		"description": "",
		"is_completed": false,
		"labels": [],
		"priority": 1,
		"comment_count": 0,
		"creator_id": "45681582",
		"created_at": "2023-10-23T01:26:05.960586Z",
		"due": {
			"date": "2023-10-23",
			"string": "tomorrow at 12:00",
			"lang": "en",
			"is_recurring": false,
			"datetime": "2023-10-23T12:00:00"
		},
		"url": "https://todoist.com/showTask?id=7340601996",
		"duration": null
	},
	{
		"id": "7340602010",
		"assigner_id": null,
		"assignee_id": null,
		"project_id": "2319576038",
		"section_id": null,
		"parent_id": null,
		"order": 12,
		"content": "task x",
		"description": "",
		"is_completed": false,
		"labels": [],
		"priority": 1,
		"comment_count": 0,
		"creator_id": "45681582",
		"created_at": "2023-10-23T01:26:06.594887Z",
		"due": null,
		"url": "https://todoist.com/showTask?id=7340602010",
		"duration": null
	},
	{
		"id": "7340602056",
		"assigner_id": null,
		"assignee_id": null,
		"project_id": "2319576038",
		"section_id": null,
		"parent_id": null,
		"order": 13,
		"content": "TASK UPDATED",
		"description": "",
		"is_completed": false,
		"labels": [],
		"priority": 1,
		"comment_count": 0,
		"creator_id": "45681582",
		"created_at": "2023-10-23T01:26:08.011088Z",
		"due": {
			"date": "2023-10-23",
			"string": "tomorrow at 08:00",
			"lang": "en",
			"is_recurring": false,
			"datetime": "2023-10-23T08:00:00"
		},
		"url": "https://todoist.com/showTask?id=7340602056",
		"duration": null
	},
	{
		"id": "7340607849",
		"assigner_id": null,
		"assignee_id": null,
		"project_id": "2319576038",
		"section_id": null,
		"parent_id": null,
		"order": 14,
		"content": "TASK NEW",
		"description": "",
		"is_completed": false,
		"labels": [],
		"priority": 1,
		"comment_count": 0,
		"creator_id": "45681582",
		"created_at": "2023-10-23T01:30:11.782129Z",
		"due": {
			"date": "2023-10-23",
			"string": "tomorrow at 12:00",
			"lang": "en",
			"is_recurring": false,
			"datetime": "2023-10-23T12:00:00"
		},
		"url": "https://todoist.com/showTask?id=7340607849",
		"duration": null
	},
	{
		"id": "7340607869",
		"assigner_id": null,
		"assignee_id": null,
		"project_id": "2319576038",
		"section_id": null,
		"parent_id": null,
		"order": 15,
		"content": "task x",
		"description": "",
		"is_completed": false,
		"labels": [],
		"priority": 1,
		"comment_count": 0,
		"creator_id": "45681582",
		"created_at": "2023-10-23T01:30:12.618278Z",
		"due": null,
		"url": "https://todoist.com/showTask?id=7340607869",
		"duration": null
	},
	{
		"id": "7340607914",
		"assigner_id": null,
		"assignee_id": null,
		"project_id": "2319576038",
		"section_id": null,
		"parent_id": null,
		"order": 16,
		"content": "TASK UPDATED",
		"description": "",
		"is_completed": false,
		"labels": [],
		"priority": 1,
		"comment_count": 0,
		"creator_id": "45681582",
		"created_at": "2023-10-23T01:30:13.874003Z",
		"due": {
			"date": "2023-10-23",
			"string": "tomorrow at 08:00",
			"lang": "en",
			"is_recurring": false,
			"datetime": "2023-10-23T08:00:00"
		},
		"url": "https://todoist.com/showTask?id=7340607914",
		"duration": null
	},
	{
		"id": "7340612458",
		"assigner_id": null,
		"assignee_id": null,
		"project_id": "2319576038",
		"section_id": null,
		"parent_id": null,
		"order": 17,
		"content": "TASK NEW",
		"description": "",
		"is_completed": false,
		"labels": [],
		"priority": 1,
		"comment_count": 0,
		"creator_id": "45681582",
		"created_at": "2023-10-23T01:33:11.196366Z",
		"due": {
			"date": "2023-10-23",
			"string": "tomorrow at 12:00",
			"lang": "en",
			"is_recurring": false,
			"datetime": "2023-10-23T12:00:00"
		},
		"url": "https://todoist.com/showTask?id=7340612458",
		"duration": null
	},
	{
		"id": "7340612476",
		"assigner_id": null,
		"assignee_id": null,
		"project_id": "2319576038",
		"section_id": null,
		"parent_id": null,
		"order": 18,
		"content": "task x",
		"description": "",
		"is_completed": false,
		"labels": [],
		"priority": 1,
		"comment_count": 0,
		"creator_id": "45681582",
		"created_at": "2023-10-23T01:33:11.855623Z",
		"due": null,
		"url": "https://todoist.com/showTask?id=7340612476",
		"duration": null
	},
	{
		"id": "7340612501",
		"assigner_id": null,
		"assignee_id": null,
		"project_id": "2319576038",
		"section_id": null,
		"parent_id": null,
		"order": 19,
		"content": "TASK UPDATED",
		"description": "",
		"is_completed": false,
		"labels": [],
		"priority": 1,
		"comment_count": 0,
		"creator_id": "45681582",
		"created_at": "2023-10-23T01:33:12.715096Z",
		"due": {
			"date": "2023-10-23",
			"string": "tomorrow at 08:00",
			"lang": "en",
			"is_recurring": false,
			"datetime": "2023-10-23T08:00:00"
		},
		"url": "https://todoist.com/showTask?id=7340612501",
		"duration": null
	},
	{
		"id": "7340612551",
		"assigner_id": null,
		"assignee_id": null,
		"project_id": "2319576038",
		"section_id": null,
		"parent_id": null,
		"order": 20,
		"content": "task x",
		"description": "",
		"is_completed": false,
		"labels": [],
		"priority": 1,
		"comment_count": 0,
		"creator_id": "45681582",
		"created_at": "2023-10-23T01:33:15.361592Z",
		"due": null,
		"url": "https://todoist.com/showTask?id=7340612551",
		"duration": null
	},
	{
		"id": "7340614567",
		"assigner_id": null,
		"assignee_id": null,
		"project_id": "2319576038",
		"section_id": null,
		"parent_id": null,
		"order": 21,
		"content": "TASK NEW",
		"description": "",
		"is_completed": false,
		"labels": [],
		"priority": 1,
		"comment_count": 0,
		"creator_id": "45681582",
		"created_at": "2023-10-23T01:34:38.488084Z",
		"due": {
			"date": "2023-10-23",
			"string": "tomorrow at 12:00",
			"lang": "en",
			"is_recurring": false,
			"datetime": "2023-10-23T12:00:00"
		},
		"url": "https://todoist.com/showTask?id=7340614567",
		"duration": null
	},
	{
		"id": "7340614583",
		"assigner_id": null,
		"assignee_id": null,
		"project_id": "2319576038",
		"section_id": null,
		"parent_id": null,
		"order": 22,
		"content": "task x",
		"description": "",
		"is_completed": false,
		"labels": [],
		"priority": 1,
		"comment_count": 0,
		"creator_id": "45681582",
		"created_at": "2023-10-23T01:34:39.097872Z",
		"due": null,
		"url": "https://todoist.com/showTask?id=7340614583",
		"duration": null
	},
	{
		"id": "7340614607",
		"assigner_id": null,
		"assignee_id": null,
		"project_id": "2319576038",
		"section_id": null,
		"parent_id": null,
		"order": 23,
		"content": "TASK UPDATED",
		"description": "",
		"is_completed": false,
		"labels": [],
		"priority": 1,
		"comment_count": 0,
		"creator_id": "45681582",
		"created_at": "2023-10-23T01:34:40.236243Z",
		"due": {
			"date": "2023-10-23",
			"string": "tomorrow at 08:00",
			"lang": "en",
			"is_recurring": false,
			"datetime": "2023-10-23T08:00:00"
		},
		"url": "https://todoist.com/showTask?id=7340614607",
		"duration": null
	}
]

2023-10-22 21:35:31,483 UTC DEBUG    builtins        Response: {'body': [{'id': '7340531591', 'assigner_id': None, 'assignee_id': None, 'project_id': '2319576038', 'section_id': None, 'parent_id': None, 'order': 1, 'content': 'TASK NEW', 'description': '', 'is_completed': False, 'labels': [], 'priority': 1, 'comment_count': 0, 'creator_id': '45681582', 'created_at': '2023-10-23T00:41:43.610148Z', 'due': {'date': '2023-10-23', 'string': 'tomorrow at 12:00', 'lang': 'en', 'is_recurring': False, 'datetime': '2023-10-23T12:00:00'}, 'url': 'https://todoist.com/showTask?id=7340531591', 'duration': None}, {'id': '7340531606', 'assigner_id': None, 'assignee_id': None, 'project_id': '2319576038', 'section_id': None, 'parent_id': None, 'order': 2, 'content': 'task x', 'description': '', 'is_completed': False, 'labels': [], 'priority': 1, 'comment_count': 0, 'creator_id': '45681582', 'created_at': '2023-10-23T00:41:44.280592Z', 'due': None, 'url': 'https://todoist.com/showTask?id=7340531606', 'duration': None}, {'id': '7340531623', 'assigner_id': None, 'assignee_id': None, 'project_id': '2319576038', 'section_id': None, 'parent_id': None, 'order': 3, 'content': 'TASK UPDATED', 'description': '', 'is_completed': False, 'labels': [], 'priority': 1, 'comment_count': 0, 'creator_id': '45681582', 'created_at': '2023-10-23T00:41:45.098054Z', 'due': {'date': '2023-10-23', 'string': 'tomorrow at 08:00', 'lang': 'en', 'is_recurring': False, 'datetime': '2023-10-23T08:00:00'}, 'url': 'https://todoist.com/showTask?id=7340531623', 'duration': None}, {'id': '7340531664', 'assigner_id': None, 'assignee_id': None, 'project_id': '2319576038', 'section_id': None, 'parent_id': None, 'order': 4, 'content': 'task x', 'description': '', 'is_completed': False, 'labels': [], 'priority': 1, 'comment_count': 0, 'creator_id': '45681582', 'created_at': '2023-10-23T00:41:46.328651Z', 'due': None, 'url': 'https://todoist.com/showTask?id=7340531664', 'duration': None}, {'id': '7340574599', 'assigner_id': None, 'assignee_id': None, 'project_id': '2319576038', 'section_id': None, 'parent_id': None, 'order': 5, 'content': 'TASK NEW', 'description': '', 'is_completed': False, 'labels': [], 'priority': 1, 'comment_count': 0, 'creator_id': '45681582', 'created_at': '2023-10-23T01:11:04.158716Z', 'due': {'date': '2023-10-23', 'string': 'tomorrow at 12:00', 'lang': 'en', 'is_recurring': False, 'datetime': '2023-10-23T12:00:00'}, 'url': 'https://todoist.com/showTask?id=7340574599', 'duration': None}, {'id': '7340574616', 'assigner_id': None, 'assignee_id': None, 'project_id': '2319576038', 'section_id': None, 'parent_id': None, 'order': 6, 'content': 'task x', 'description': '', 'is_completed': False, 'labels': [], 'priority': 1, 'comment_count': 0, 'creator_id': '45681582', 'created_at': '2023-10-23T01:11:05.180030Z', 'due': None, 'url': 'https://todoist.com/showTask?id=7340574616', 'duration': None}, {'id': '7340574634', 'assigner_id': None, 'assignee_id': None, 'project_id': '2319576038', 'section_id': None, 'parent_id': None, 'order': 7, 'content': 'TASK UPDATED', 'description': '', 'is_completed': False, 'labels': [], 'priority': 1, 'comment_count': 0, 'creator_id': '45681582', 'created_at': '2023-10-23T01:11:06.368892Z', 'due': {'date': '2023-10-23', 'string': 'tomorrow at 08:00', 'lang': 'en', 'is_recurring': False, 'datetime': '2023-10-23T08:00:00'}, 'url': 'https://todoist.com/showTask?id=7340574634', 'duration': None}, {'id': '7340576016', 'assigner_id': None, 'assignee_id': None, 'project_id': '2319576038', 'section_id': None, 'parent_id': None, 'order': 8, 'content': 'TASK NEW', 'description': '', 'is_completed': False, 'labels': [], 'priority': 1, 'comment_count': 0, 'creator_id': '45681582', 'created_at': '2023-10-23T01:12:01.970136Z', 'due': {'date': '2023-10-23', 'string': 'tomorrow at 12:00', 'lang': 'en', 'is_recurring': False, 'datetime': '2023-10-23T12:00:00'}, 'url': 'https://todoist.com/showTask?id=7340576016', 'duration': None}, {'id': '7340576033', 'assigner_id': None, 'assignee_id': None, 'project_id': '2319576038', 'section_id': None, 'parent_id': None, 'order': 9, 'content': 'task x', 'description': '', 'is_completed': False, 'labels': [], 'priority': 1, 'comment_count': 0, 'creator_id': '45681582', 'created_at': '2023-10-23T01:12:02.591045Z', 'due': None, 'url': 'https://todoist.com/showTask?id=7340576033', 'duration': None}, {'id': '7340576083', 'assigner_id': None, 'assignee_id': None, 'project_id': '2319576038', 'section_id': None, 'parent_id': None, 'order': 10, 'content': 'TASK UPDATED', 'description': '', 'is_completed': False, 'labels': [], 'priority': 1, 'comment_count': 0, 'creator_id': '45681582', 'created_at': '2023-10-23T01:12:03.922843Z', 'due': {'date': '2023-10-23', 'string': 'tomorrow at 08:00', 'lang': 'en', 'is_recurring': False, 'datetime': '2023-10-23T08:00:00'}, 'url': 'https://todoist.com/showTask?id=7340576083', 'duration': None}, {'id': '7340601996', 'assigner_id': None, 'assignee_id': None, 'project_id': '2319576038', 'section_id': None, 'parent_id': None, 'order': 11, 'content': 'TASK NEW', 'description': '', 'is_completed': False, 'labels': [], 'priority': 1, 'comment_count': 0, 'creator_id': '45681582', 'created_at': '2023-10-23T01:26:05.960586Z', 'due': {'date': '2023-10-23', 'string': 'tomorrow at 12:00', 'lang': 'en', 'is_recurring': False, 'datetime': '2023-10-23T12:00:00'}, 'url': 'https://todoist.com/showTask?id=7340601996', 'duration': None}, {'id': '7340602010', 'assigner_id': None, 'assignee_id': None, 'project_id': '2319576038', 'section_id': None, 'parent_id': None, 'order': 12, 'content': 'task x', 'description': '', 'is_completed': False, 'labels': [], 'priority': 1, 'comment_count': 0, 'creator_id': '45681582', 'created_at': '2023-10-23T01:26:06.594887Z', 'due': None, 'url': 'https://todoist.com/showTask?id=7340602010', 'duration': None}, {'id': '7340602056', 'assigner_id': None, 'assignee_id': None, 'project_id': '2319576038', 'section_id': None, 'parent_id': None, 'order': 13, 'content': 'TASK UPDATED', 'description': '', 'is_completed': False, 'labels': [], 'priority': 1, 'comment_count': 0, 'creator_id': '45681582', 'created_at': '2023-10-23T01:26:08.011088Z', 'due': {'date': '2023-10-23', 'string': 'tomorrow at 08:00', 'lang': 'en', 'is_recurring': False, 'datetime': '2023-10-23T08:00:00'}, 'url': 'https://todoist.com/showTask?id=7340602056', 'duration': None}, {'id': '7340607849', 'assigner_id': None, 'assignee_id': None, 'project_id': '2319576038', 'section_id': None, 'parent_id': None, 'order': 14, 'content': 'TASK NEW', 'description': '', 'is_completed': False, 'labels': [], 'priority': 1, 'comment_count': 0, 'creator_id': '45681582', 'created_at': '2023-10-23T01:30:11.782129Z', 'due': {'date': '2023-10-23', 'string': 'tomorrow at 12:00', 'lang': 'en', 'is_recurring': False, 'datetime': '2023-10-23T12:00:00'}, 'url': 'https://todoist.com/showTask?id=7340607849', 'duration': None}, {'id': '7340607869', 'assigner_id': None, 'assignee_id': None, 'project_id': '2319576038', 'section_id': None, 'parent_id': None, 'order': 15, 'content': 'task x', 'description': '', 'is_completed': False, 'labels': [], 'priority': 1, 'comment_count': 0, 'creator_id': '45681582', 'created_at': '2023-10-23T01:30:12.618278Z', 'due': None, 'url': 'https://todoist.com/showTask?id=7340607869', 'duration': None}, {'id': '7340607914', 'assigner_id': None, 'assignee_id': None, 'project_id': '2319576038', 'section_id': None, 'parent_id': None, 'order': 16, 'content': 'TASK UPDATED', 'description': '', 'is_completed': False, 'labels': [], 'priority': 1, 'comment_count': 0, 'creator_id': '45681582', 'created_at': '2023-10-23T01:30:13.874003Z', 'due': {'date': '2023-10-23', 'string': 'tomorrow at 08:00', 'lang': 'en', 'is_recurring': False, 'datetime': '2023-10-23T08:00:00'}, 'url': 'https://todoist.com/showTask?id=7340607914', 'duration': None}, {'id': '7340612458', 'assigner_id': None, 'assignee_id': None, 'project_id': '2319576038', 'section_id': None, 'parent_id': None, 'order': 17, 'content': 'TASK NEW', 'description': '', 'is_completed': False, 'labels': [], 'priority': 1, 'comment_count': 0, 'creator_id': '45681582', 'created_at': '2023-10-23T01:33:11.196366Z', 'due': {'date': '2023-10-23', 'string': 'tomorrow at 12:00', 'lang': 'en', 'is_recurring': False, 'datetime': '2023-10-23T12:00:00'}, 'url': 'https://todoist.com/showTask?id=7340612458', 'duration': None}, {'id': '7340612476', 'assigner_id': None, 'assignee_id': None, 'project_id': '2319576038', 'section_id': None, 'parent_id': None, 'order': 18, 'content': 'task x', 'description': '', 'is_completed': False, 'labels': [], 'priority': 1, 'comment_count': 0, 'creator_id': '45681582', 'created_at': '2023-10-23T01:33:11.855623Z', 'due': None, 'url': 'https://todoist.com/showTask?id=7340612476', 'duration': None}, {'id': '7340612501', 'assigner_id': None, 'assignee_id': None, 'project_id': '2319576038', 'section_id': None, 'parent_id': None, 'order': 19, 'content': 'TASK UPDATED', 'description': '', 'is_completed': False, 'labels': [], 'priority': 1, 'comment_count': 0, 'creator_id': '45681582', 'created_at': '2023-10-23T01:33:12.715096Z', 'due': {'date': '2023-10-23', 'string': 'tomorrow at 08:00', 'lang': 'en', 'is_recurring': False, 'datetime': '2023-10-23T08:00:00'}, 'url': 'https://todoist.com/showTask?id=7340612501', 'duration': None}, {'id': '7340612551', 'assigner_id': None, 'assignee_id': None, 'project_id': '2319576038', 'section_id': None, 'parent_id': None, 'order': 20, 'content': 'task x', 'description': '', 'is_completed': False, 'labels': [], 'priority': 1, 'comment_count': 0, 'creator_id': '45681582', 'created_at': '2023-10-23T01:33:15.361592Z', 'due': None, 'url': 'https://todoist.com/showTask?id=7340612551', 'duration': None}, {'id': '7340614567', 'assigner_id': None, 'assignee_id': None, 'project_id': '2319576038', 'section_id': None, 'parent_id': None, 'order': 21, 'content': 'TASK NEW', 'description': '', 'is_completed': False, 'labels': [], 'priority': 1, 'comment_count': 0, 'creator_id': '45681582', 'created_at': '2023-10-23T01:34:38.488084Z', 'due': {'date': '2023-10-23', 'string': 'tomorrow at 12:00', 'lang': 'en', 'is_recurring': False, 'datetime': '2023-10-23T12:00:00'}, 'url': 'https://todoist.com/showTask?id=7340614567', 'duration': None}, {'id': '7340614583', 'assigner_id': None, 'assignee_id': None, 'project_id': '2319576038', 'section_id': None, 'parent_id': None, 'order': 22, 'content': 'task x', 'description': '', 'is_completed': False, 'labels': [], 'priority': 1, 'comment_count': 0, 'creator_id': '45681582', 'created_at': '2023-10-23T01:34:39.097872Z', 'due': None, 'url': 'https://todoist.com/showTask?id=7340614583', 'duration': None}, {'id': '7340614607', 'assigner_id': None, 'assignee_id': None, 'project_id': '2319576038', 'section_id': None, 'parent_id': None, 'order': 23, 'content': 'TASK UPDATED', 'description': '', 'is_completed': False, 'labels': [], 'priority': 1, 'comment_count': 0, 'creator_id': '45681582', 'created_at': '2023-10-23T01:34:40.236243Z', 'due': {'date': '2023-10-23', 'string': 'tomorrow at 08:00', 'lang': 'en', 'is_recurring': False, 'datetime': '2023-10-23T08:00:00'}, 'url': 'https://todoist.com/showTask?id=7340614607', 'duration': None}], 'headers': {'Content-Type': 'application/json', 'Transfer-Encoding': 'chunked', 'Connection': 'keep-alive', 'Date': 'Mon, 23 Oct 2023 01:35:31 GMT', 'Access-Control-Allow-Credentials': 'false', 'Access-Control-Allow-Origin': '*', 'Content-Encoding': 'gzip', 'Referrer-Policy': 'strict-origin-when-cross-origin', 'Server': 'gunicorn', 'Strict-Transport-Security': 'max-age=31536000; includeSubDomains; preload', 'Vary': 'Accept-Encoding', 'X-Cache': 'Miss from cloudfront', 'Via': '1.1 56c05f0518189a0b6ea6409adf2869da.cloudfront.net (CloudFront)', 'X-Amz-Cf-Pop': 'SCL51-P4', 'X-Amz-Cf-Id': 'OAGEbQ0PLnOgkit6izyCgpuwZ85GDYrRQGCmmlGDpumXfPXFDfkyCA=='}, 'status': 200}
2023-10-22 21:35:31,544 UTC DEBUG    builtins        Status code from response: 200
2023-10-22 21:35:31,545 UTC DEBUG    builtins        Status code param: <class 'int'>
2023-10-22 21:35:31,545 UTC DEBUG    builtins        Status code response: <class 'int'>
2023-10-22 21:35:31,546 UTC DEBUG    builtins        Scenario tags: ['project_id']
2023-10-22 21:35:31,547 UTC INFO     utils.rest_client Method Name: post
2023-10-22 21:35:31,547 UTC INFO     utils.rest_client Endpoint (URL): https://api.todoist.com/rest/v2/projects
2023-10-22 21:35:32,293 UTC INFO     utils.rest_client Status code: 200
2023-10-22 21:35:32,293 UTC DEBUG    utils.rest_client Request: {'User-Agent': 'python-requests/2.31.0', 'Accept-Encoding': 'gzip, deflate', 'Accept': '*/*', 'Connection': 'keep-alive', 'Authorization': 'Bearer 3bb828df7836d71da0e9fdd090f6d0f66130044b', 'Cookie': 'tduser=v4.public.eyJ1c2VyX2lkIjogNDU2ODE1ODIsICJleHAiOiAiMjAyMy0xMS0wNlQwMTozNTozMCswMDowMCJ9do6cm_JgizV2YSPY8gM9V1R567XKyF-E12dSRs3vHnmyLO-5hdT-bosY9K3GoZDQA86VPqmj7FZ_sO53V9Q1Aw; csrf=0f8d5264973f441b80e08bddd33c9427', 'Content-Length': '14', 'Content-Type': 'application/x-www-form-urlencoded'}
2023-10-22 21:35:32,293 UTC INFO     utils.rest_client Response: {
	"id": "2322392881",
	"parent_id": null,
	"order": 2,
	"color": "charcoal",
	"name": "project x",
	"comment_count": 0,
	"is_shared": false,
	"is_favorite": false,
	"is_inbox_project": false,
	"is_team_inbox": false,
	"url": "https://todoist.com/showProject?id=2322392881",
	"view_style": "list"
}

2023-10-22 21:35:32,293 UTC DEBUG    builtins        Project id created: 2322392881
2023-10-22 21:35:32,294 UTC DEBUG    builtins        HEADERS: {'Authorization': 'Bearer 3bb828df7836d71da0e9fdd090f6d0f66130044b'}
2023-10-22 21:35:32,294 UTC DEBUG    builtins        URL: https://api.todoist.com/rest/v2/
2023-10-22 21:35:32,295 UTC DEBUG    builtins        JSON: {
  "content": "TASK NEW",
  "due_string": "tomorrow at 12:00"
}
2023-10-22 21:35:32,295 UTC DEBUG    builtins        Dictionary created: {'content': 'TASK NEW', 'due_string': 'tomorrow at 12:00'}
2023-10-22 21:35:32,295 UTC INFO     utils.rest_client Method Name: post
2023-10-22 21:35:32,295 UTC INFO     utils.rest_client Endpoint (URL): https://api.todoist.com/rest/v2/tasks
2023-10-22 21:35:32,922 UTC INFO     utils.rest_client Status code: 200
2023-10-22 21:35:32,922 UTC DEBUG    utils.rest_client Request: {'User-Agent': 'python-requests/2.31.0', 'Accept-Encoding': 'gzip, deflate', 'Accept': '*/*', 'Connection': 'keep-alive', 'Authorization': 'Bearer 3bb828df7836d71da0e9fdd090f6d0f66130044b', 'Cookie': 'tduser=v4.public.eyJ1c2VyX2lkIjogNDU2ODE1ODIsICJleHAiOiAiMjAyMy0xMS0wNlQwMTozNTozMCswMDowMCJ9do6cm_JgizV2YSPY8gM9V1R567XKyF-E12dSRs3vHnmyLO-5hdT-bosY9K3GoZDQA86VPqmj7FZ_sO53V9Q1Aw; csrf=0f8d5264973f441b80e08bddd33c9427', 'Content-Length': '47', 'Content-Type': 'application/x-www-form-urlencoded'}
2023-10-22 21:35:32,922 UTC INFO     utils.rest_client Response: {
	"id": "7340615804",
	"assigner_id": null,
	"assignee_id": null,
	"project_id": "2319576038",
	"section_id": null,
	"parent_id": null,
	"order": 24,
	"content": "TASK NEW",
	"description": "",
	"is_completed": false,
	"labels": [],
	"priority": 1,
	"comment_count": 0,
	"creator_id": "45681582",
	"created_at": "2023-10-23T01:35:32.756299Z",
	"due": {
		"date": "2023-10-23",
		"string": "tomorrow at 12:00",
		"lang": "en",
		"is_recurring": false,
		"datetime": "2023-10-23T12:00:00"
	},
	"url": "https://todoist.com/showTask?id=7340615804",
	"duration": null
}

2023-10-22 21:35:32,923 UTC DEBUG    builtins        Response: {'body': {'id': '7340615804', 'assigner_id': None, 'assignee_id': None, 'project_id': '2319576038', 'section_id': None, 'parent_id': None, 'order': 24, 'content': 'TASK NEW', 'description': '', 'is_completed': False, 'labels': [], 'priority': 1, 'comment_count': 0, 'creator_id': '45681582', 'created_at': '2023-10-23T01:35:32.756299Z', 'due': {'date': '2023-10-23', 'string': 'tomorrow at 12:00', 'lang': 'en', 'is_recurring': False, 'datetime': '2023-10-23T12:00:00'}, 'url': 'https://todoist.com/showTask?id=7340615804', 'duration': None}, 'headers': {'Content-Type': 'application/json', 'Content-Length': '566', 'Connection': 'keep-alive', 'Date': 'Mon, 23 Oct 2023 01:35:32 GMT', 'Access-Control-Allow-Credentials': 'false', 'Access-Control-Allow-Origin': '*', 'Cache-Control': 'no-cache', 'Referrer-Policy': 'strict-origin-when-cross-origin', 'Server': 'gunicorn', 'Strict-Transport-Security': 'max-age=31536000; includeSubDomains; preload', 'Vary': 'Accept-Encoding', 'X-Cache': 'Miss from cloudfront', 'Via': '1.1 56c05f0518189a0b6ea6409adf2869da.cloudfront.net (CloudFront)', 'X-Amz-Cf-Pop': 'SCL51-P4', 'X-Amz-Cf-Id': 'HGF1MOhYNq6TgELdzFm_TRvAXknABVcTLavBh-vBXo6JO5Kd8RJr5g=='}, 'status': 200}
2023-10-22 21:35:32,923 UTC DEBUG    builtins        Status code from response: 200
2023-10-22 21:35:32,923 UTC DEBUG    builtins        Status code param: <class 'int'>
2023-10-22 21:35:32,923 UTC DEBUG    builtins        Status code response: <class 'int'>
2023-10-22 21:35:32,924 UTC DEBUG    builtins        Scenario tags: ['task_id']
2023-10-22 21:35:32,924 UTC INFO     utils.rest_client Method Name: post
2023-10-22 21:35:32,924 UTC INFO     utils.rest_client Endpoint (URL): https://api.todoist.com/rest/v2/tasks
2023-10-22 21:35:33,529 UTC INFO     utils.rest_client Status code: 200
2023-10-22 21:35:33,530 UTC DEBUG    utils.rest_client Request: {'User-Agent': 'python-requests/2.31.0', 'Accept-Encoding': 'gzip, deflate', 'Accept': '*/*', 'Connection': 'keep-alive', 'Authorization': 'Bearer 3bb828df7836d71da0e9fdd090f6d0f66130044b', 'Cookie': 'tduser=v4.public.eyJ1c2VyX2lkIjogNDU2ODE1ODIsICJleHAiOiAiMjAyMy0xMS0wNlQwMTozNTozMCswMDowMCJ9do6cm_JgizV2YSPY8gM9V1R567XKyF-E12dSRs3vHnmyLO-5hdT-bosY9K3GoZDQA86VPqmj7FZ_sO53V9Q1Aw; csrf=0f8d5264973f441b80e08bddd33c9427', 'Content-Length': '14', 'Content-Type': 'application/x-www-form-urlencoded'}
2023-10-22 21:35:33,530 UTC INFO     utils.rest_client Response: {
	"id": "7340615817",
	"assigner_id": null,
	"assignee_id": null,
	"project_id": "2319576038",
	"section_id": null,
	"parent_id": null,
	"order": 25,
	"content": "task x",
	"description": "",
	"is_completed": false,
	"labels": [],
	"priority": 1,
	"comment_count": 0,
	"creator_id": "45681582",
	"created_at": "2023-10-23T01:35:33.376358Z",
	"due": null,
	"url": "https://todoist.com/showTask?id=7340615817",
	"duration": null
}

2023-10-22 21:35:33,530 UTC DEBUG    builtins        Task id created: 7340615817
2023-10-22 21:35:33,531 UTC DEBUG    builtins        HEADERS: {'Authorization': 'Bearer 3bb828df7836d71da0e9fdd090f6d0f66130044b'}
2023-10-22 21:35:33,531 UTC DEBUG    builtins        URL: https://api.todoist.com/rest/v2/
2023-10-22 21:35:33,531 UTC INFO     utils.rest_client Method Name: get
2023-10-22 21:35:33,532 UTC INFO     utils.rest_client Endpoint (URL): https://api.todoist.com/rest/v2/tasks/7340615817
2023-10-22 21:35:34,160 UTC INFO     utils.rest_client Status code: 200
2023-10-22 21:35:34,160 UTC DEBUG    utils.rest_client Request: {'User-Agent': 'python-requests/2.31.0', 'Accept-Encoding': 'gzip, deflate', 'Accept': '*/*', 'Connection': 'keep-alive', 'Authorization': 'Bearer 3bb828df7836d71da0e9fdd090f6d0f66130044b', 'Cookie': 'tduser=v4.public.eyJ1c2VyX2lkIjogNDU2ODE1ODIsICJleHAiOiAiMjAyMy0xMS0wNlQwMTozNTozMCswMDowMCJ9do6cm_JgizV2YSPY8gM9V1R567XKyF-E12dSRs3vHnmyLO-5hdT-bosY9K3GoZDQA86VPqmj7FZ_sO53V9Q1Aw; csrf=0f8d5264973f441b80e08bddd33c9427'}
2023-10-22 21:35:34,161 UTC INFO     utils.rest_client Response: {
	"id": "7340615817",
	"assigner_id": null,
	"assignee_id": null,
	"project_id": "2319576038",
	"section_id": null,
	"parent_id": null,
	"order": 25,
	"content": "task x",
	"description": "",
	"is_completed": false,
	"labels": [],
	"priority": 1,
	"comment_count": 0,
	"creator_id": "45681582",
	"created_at": "2023-10-23T01:35:33.376358Z",
	"due": null,
	"url": "https://todoist.com/showTask?id=7340615817",
	"duration": null
}

2023-10-22 21:35:34,161 UTC DEBUG    builtins        Response: {'body': {'id': '7340615817', 'assigner_id': None, 'assignee_id': None, 'project_id': '2319576038', 'section_id': None, 'parent_id': None, 'order': 25, 'content': 'task x', 'description': '', 'is_completed': False, 'labels': [], 'priority': 1, 'comment_count': 0, 'creator_id': '45681582', 'created_at': '2023-10-23T01:35:33.376358Z', 'due': None, 'url': 'https://todoist.com/showTask?id=7340615817', 'duration': None}, 'headers': {'Content-Type': 'application/json', 'Content-Length': '430', 'Connection': 'keep-alive', 'Date': 'Mon, 23 Oct 2023 01:35:34 GMT', 'Access-Control-Allow-Credentials': 'false', 'Access-Control-Allow-Origin': '*', 'Referrer-Policy': 'strict-origin-when-cross-origin', 'Server': 'gunicorn', 'Strict-Transport-Security': 'max-age=31536000; includeSubDomains; preload', 'Vary': 'Accept-Encoding', 'X-Cache': 'Miss from cloudfront', 'Via': '1.1 56c05f0518189a0b6ea6409adf2869da.cloudfront.net (CloudFront)', 'X-Amz-Cf-Pop': 'SCL51-P4', 'X-Amz-Cf-Id': 'ybyxa3tcqyIFbqojKiGQ-5kfr8S-sdezM1UxlzDHWo8KkcaLzhBopg=='}, 'status': 200}
2023-10-22 21:35:34,162 UTC DEBUG    builtins        Status code from response: 200
2023-10-22 21:35:34,162 UTC DEBUG    builtins        Status code param: <class 'int'>
2023-10-22 21:35:34,162 UTC DEBUG    builtins        Status code response: <class 'int'>
2023-10-22 21:35:34,162 UTC DEBUG    builtins        Scenario tags: ['task_id']
2023-10-22 21:35:34,163 UTC INFO     utils.rest_client Method Name: post
2023-10-22 21:35:34,163 UTC INFO     utils.rest_client Endpoint (URL): https://api.todoist.com/rest/v2/tasks
2023-10-22 21:35:34,726 UTC INFO     utils.rest_client Status code: 200
2023-10-22 21:35:34,726 UTC DEBUG    utils.rest_client Request: {'User-Agent': 'python-requests/2.31.0', 'Accept-Encoding': 'gzip, deflate', 'Accept': '*/*', 'Connection': 'keep-alive', 'Authorization': 'Bearer 3bb828df7836d71da0e9fdd090f6d0f66130044b', 'Cookie': 'tduser=v4.public.eyJ1c2VyX2lkIjogNDU2ODE1ODIsICJleHAiOiAiMjAyMy0xMS0wNlQwMTozNTozMCswMDowMCJ9do6cm_JgizV2YSPY8gM9V1R567XKyF-E12dSRs3vHnmyLO-5hdT-bosY9K3GoZDQA86VPqmj7FZ_sO53V9Q1Aw; csrf=0f8d5264973f441b80e08bddd33c9427', 'Content-Length': '14', 'Content-Type': 'application/x-www-form-urlencoded'}
2023-10-22 21:35:34,726 UTC INFO     utils.rest_client Response: {
	"id": "7340615848",
	"assigner_id": null,
	"assignee_id": null,
	"project_id": "2319576038",
	"section_id": null,
	"parent_id": null,
	"order": 26,
	"content": "task x",
	"description": "",
	"is_completed": false,
	"labels": [],
	"priority": 1,
	"comment_count": 0,
	"creator_id": "45681582",
	"created_at": "2023-10-23T01:35:34.609315Z",
	"due": null,
	"url": "https://todoist.com/showTask?id=7340615848",
	"duration": null
}

2023-10-22 21:35:34,727 UTC DEBUG    builtins        Task id created: 7340615848
2023-10-22 21:35:34,727 UTC DEBUG    builtins        HEADERS: {'Authorization': 'Bearer 3bb828df7836d71da0e9fdd090f6d0f66130044b'}
2023-10-22 21:35:34,727 UTC DEBUG    builtins        URL: https://api.todoist.com/rest/v2/
2023-10-22 21:35:34,728 UTC DEBUG    builtins        JSON: {
  "content": "TASK UPDATED",
  "due_string": "tomorrow at 08:00"
}
2023-10-22 21:35:34,728 UTC DEBUG    builtins        Dictionary created: {'content': 'TASK UPDATED', 'due_string': 'tomorrow at 08:00'}
2023-10-22 21:35:34,728 UTC INFO     utils.rest_client Method Name: post
2023-10-22 21:35:34,728 UTC INFO     utils.rest_client Endpoint (URL): https://api.todoist.com/rest/v2/tasks/7340615848
2023-10-22 21:35:35,474 UTC INFO     utils.rest_client Status code: 200
2023-10-22 21:35:35,475 UTC DEBUG    utils.rest_client Request: {'User-Agent': 'python-requests/2.31.0', 'Accept-Encoding': 'gzip, deflate', 'Accept': '*/*', 'Connection': 'keep-alive', 'Authorization': 'Bearer 3bb828df7836d71da0e9fdd090f6d0f66130044b', 'Cookie': 'tduser=v4.public.eyJ1c2VyX2lkIjogNDU2ODE1ODIsICJleHAiOiAiMjAyMy0xMS0wNlQwMTozNTozMCswMDowMCJ9do6cm_JgizV2YSPY8gM9V1R567XKyF-E12dSRs3vHnmyLO-5hdT-bosY9K3GoZDQA86VPqmj7FZ_sO53V9Q1Aw; csrf=0f8d5264973f441b80e08bddd33c9427', 'Content-Length': '51', 'Content-Type': 'application/x-www-form-urlencoded'}
2023-10-22 21:35:35,475 UTC INFO     utils.rest_client Response: {
	"id": "7340615848",
	"assigner_id": null,
	"assignee_id": null,
	"project_id": "2319576038",
	"section_id": null,
	"parent_id": null,
	"order": 26,
	"content": "TASK UPDATED",
	"description": "",
	"is_completed": false,
	"labels": [],
	"priority": 1,
	"comment_count": 0,
	"creator_id": "45681582",
	"created_at": "2023-10-23T01:35:34.609315Z",
	"due": {
		"date": "2023-10-23",
		"string": "tomorrow at 08:00",
		"lang": "en",
		"is_recurring": false,
		"datetime": "2023-10-23T08:00:00"
	},
	"url": "https://todoist.com/showTask?id=7340615848",
	"duration": null
}

2023-10-22 21:35:35,475 UTC DEBUG    builtins        Response: {'body': {'id': '7340615848', 'assigner_id': None, 'assignee_id': None, 'project_id': '2319576038', 'section_id': None, 'parent_id': None, 'order': 26, 'content': 'TASK UPDATED', 'description': '', 'is_completed': False, 'labels': [], 'priority': 1, 'comment_count': 0, 'creator_id': '45681582', 'created_at': '2023-10-23T01:35:34.609315Z', 'due': {'date': '2023-10-23', 'string': 'tomorrow at 08:00', 'lang': 'en', 'is_recurring': False, 'datetime': '2023-10-23T08:00:00'}, 'url': 'https://todoist.com/showTask?id=7340615848', 'duration': None}, 'headers': {'Content-Type': 'application/json', 'Content-Length': '570', 'Connection': 'keep-alive', 'Date': 'Mon, 23 Oct 2023 01:35:35 GMT', 'Access-Control-Allow-Credentials': 'false', 'Access-Control-Allow-Origin': '*', 'Cache-Control': 'no-cache', 'Referrer-Policy': 'strict-origin-when-cross-origin', 'Server': 'gunicorn', 'Strict-Transport-Security': 'max-age=31536000; includeSubDomains; preload', 'Vary': 'Accept-Encoding', 'X-Cache': 'Miss from cloudfront', 'Via': '1.1 56c05f0518189a0b6ea6409adf2869da.cloudfront.net (CloudFront)', 'X-Amz-Cf-Pop': 'SCL51-P4', 'X-Amz-Cf-Id': 'SYWGGsxY3vEZARgpEjGNd-1RnRWiqeHKy7AeGdCGiZL6tD6-7U5CCA=='}, 'status': 200}
2023-10-22 21:35:35,476 UTC DEBUG    builtins        Status code from response: 200
2023-10-22 21:35:35,476 UTC DEBUG    builtins        Status code param: <class 'int'>
2023-10-22 21:35:35,476 UTC DEBUG    builtins        Status code response: <class 'int'>
2023-10-22 21:35:35,476 UTC DEBUG    builtins        Scenario tags: ['task_id']
2023-10-22 21:35:35,477 UTC INFO     utils.rest_client Method Name: post
2023-10-22 21:35:35,477 UTC INFO     utils.rest_client Endpoint (URL): https://api.todoist.com/rest/v2/tasks
2023-10-22 21:35:36,089 UTC INFO     utils.rest_client Status code: 200
2023-10-22 21:35:36,089 UTC DEBUG    utils.rest_client Request: {'User-Agent': 'python-requests/2.31.0', 'Accept-Encoding': 'gzip, deflate', 'Accept': '*/*', 'Connection': 'keep-alive', 'Authorization': 'Bearer 3bb828df7836d71da0e9fdd090f6d0f66130044b', 'Cookie': 'tduser=v4.public.eyJ1c2VyX2lkIjogNDU2ODE1ODIsICJleHAiOiAiMjAyMy0xMS0wNlQwMTozNTozMCswMDowMCJ9do6cm_JgizV2YSPY8gM9V1R567XKyF-E12dSRs3vHnmyLO-5hdT-bosY9K3GoZDQA86VPqmj7FZ_sO53V9Q1Aw; csrf=0f8d5264973f441b80e08bddd33c9427', 'Content-Length': '14', 'Content-Type': 'application/x-www-form-urlencoded'}
2023-10-22 21:35:36,090 UTC INFO     utils.rest_client Response: {
	"id": "7340615867",
	"assigner_id": null,
	"assignee_id": null,
	"project_id": "2319576038",
	"section_id": null,
	"parent_id": null,
	"order": 27,
	"content": "task x",
	"description": "",
	"is_completed": false,
	"labels": [],
	"priority": 1,
	"comment_count": 0,
	"creator_id": "45681582",
	"created_at": "2023-10-23T01:35:35.687911Z",
	"due": null,
	"url": "https://todoist.com/showTask?id=7340615867",
	"duration": null
}

2023-10-22 21:35:36,090 UTC DEBUG    builtins        Task id created: 7340615867
2023-10-22 21:35:36,091 UTC DEBUG    builtins        HEADERS: {'Authorization': 'Bearer 3bb828df7836d71da0e9fdd090f6d0f66130044b'}
2023-10-22 21:35:36,091 UTC DEBUG    builtins        URL: https://api.todoist.com/rest/v2/
2023-10-22 21:35:36,091 UTC INFO     utils.rest_client Method Name: post
2023-10-22 21:35:36,091 UTC INFO     utils.rest_client Endpoint (URL): https://api.todoist.com/rest/v2/tasks/7340615867/close
2023-10-22 21:35:36,640 UTC INFO     utils.rest_client Status code: 204
2023-10-22 21:35:36,640 UTC DEBUG    utils.rest_client Request: {'User-Agent': 'python-requests/2.31.0', 'Accept-Encoding': 'gzip, deflate', 'Accept': '*/*', 'Connection': 'keep-alive', 'Authorization': 'Bearer 3bb828df7836d71da0e9fdd090f6d0f66130044b', 'Cookie': 'tduser=v4.public.eyJ1c2VyX2lkIjogNDU2ODE1ODIsICJleHAiOiAiMjAyMy0xMS0wNlQwMTozNTozMCswMDowMCJ9do6cm_JgizV2YSPY8gM9V1R567XKyF-E12dSRs3vHnmyLO-5hdT-bosY9K3GoZDQA86VPqmj7FZ_sO53V9Q1Aw; csrf=0f8d5264973f441b80e08bddd33c9427', 'Content-Length': '0'}
2023-10-22 21:35:36,640 UTC INFO     utils.rest_client Response: 
2023-10-22 21:35:36,640 UTC DEBUG    builtins        Response: {'body': {'msg': 'No body content'}, 'headers': {'Content-Type': 'text/html; charset=utf-8', 'Connection': 'keep-alive', 'Date': 'Mon, 23 Oct 2023 01:35:36 GMT', 'Access-Control-Allow-Credentials': 'false', 'Access-Control-Allow-Origin': '*', 'Cache-Control': 'no-cache', 'Referrer-Policy': 'strict-origin-when-cross-origin', 'Server': 'gunicorn', 'Strict-Transport-Security': 'max-age=31536000; includeSubDomains; preload', 'Vary': 'Accept-Encoding', 'X-Cache': 'Miss from cloudfront', 'Via': '1.1 56c05f0518189a0b6ea6409adf2869da.cloudfront.net (CloudFront)', 'X-Amz-Cf-Pop': 'SCL51-P4', 'X-Amz-Cf-Id': 'Kt0kce1edf_ZMUk-xAfKwOWzkCraxM6SCp2odW7NA5Jp5m6IPyZxhA=='}, 'status': 204}
2023-10-22 21:35:36,641 UTC DEBUG    builtins        Status code from response: 204
2023-10-22 21:35:36,641 UTC DEBUG    builtins        Status code param: <class 'int'>
2023-10-22 21:35:36,641 UTC DEBUG    builtins        Status code response: <class 'int'>
2023-10-22 21:35:36,642 UTC INFO     utils.rest_client Method Name: delete
2023-10-22 21:35:36,642 UTC INFO     utils.rest_client Endpoint (URL): https://api.todoist.com/rest/v2/projects/2322392881
2023-10-22 21:35:37,288 UTC INFO     utils.rest_client Status code: 204
2023-10-22 21:35:37,288 UTC DEBUG    utils.rest_client Request: {'User-Agent': 'python-requests/2.31.0', 'Accept-Encoding': 'gzip, deflate', 'Accept': '*/*', 'Connection': 'keep-alive', 'Authorization': 'Bearer 3bb828df7836d71da0e9fdd090f6d0f66130044b', 'Cookie': 'tduser=v4.public.eyJ1c2VyX2lkIjogNDU2ODE1ODIsICJleHAiOiAiMjAyMy0xMS0wNlQwMTozNTozMCswMDowMCJ9do6cm_JgizV2YSPY8gM9V1R567XKyF-E12dSRs3vHnmyLO-5hdT-bosY9K3GoZDQA86VPqmj7FZ_sO53V9Q1Aw; csrf=0f8d5264973f441b80e08bddd33c9427', 'Content-Length': '0'}
2023-10-22 21:35:37,288 UTC INFO     utils.rest_client Response: 
2023-10-22 21:35:37,289 UTC INFO     builtins        Deleting project: 2322392881
