2023-10-23 12:45:17,410 UTC DEBUG    builtins        Headers before feature: {'Authorization': 'Bearer 3bb828df7836d71da0e9fdd090f6d0f66130044b'}
2023-10-23 12:45:17,410 UTC INFO     utils.rest_client Method Name: get
2023-10-23 12:45:17,411 UTC INFO     utils.rest_client Endpoint (URL): https://api.todoist.com/rest/v2/projects
2023-10-23 12:45:22,509 UTC INFO     utils.rest_client Status code: 200
2023-10-23 12:45:22,509 UTC DEBUG    utils.rest_client Request: {'User-Agent': 'python-requests/2.31.0', 'Accept-Encoding': 'gzip, deflate', 'Accept': '*/*', 'Connection': 'keep-alive', 'Authorization': 'Bearer 3bb828df7836d71da0e9fdd090f6d0f66130044b'}
2023-10-23 12:45:22,510 UTC INFO     utils.rest_client Response: [
	{
		"id": "2319576038",
		"parent_id": null,
		"order": 0,
		"color": "charcoal",
		"name": "Inbox",
		"comment_count": 0,
		"is_shared": false,
		"is_favorite": false,
		"is_inbox_project": true,
		"is_team_inbox": false,
		"url": "https://todoist.com/showProject?id=2319576038",
		"view_style": "list"
	},
	{
		"id": "2322258579",
		"parent_id": null,
		"order": 1,
		"color": "charcoal",
		"name": "PROJECT 1",
		"comment_count": 0,
		"is_shared": false,
		"is_favorite": false,
		"is_inbox_project": false,
		"is_team_inbox": false,
		"url": "https://todoist.com/showProject?id=2322258579",
		"view_style": "list"
	}
]

2023-10-23 12:45:22,510 UTC DEBUG    builtins        {'body': [{'id': '2319576038', 'parent_id': None, 'order': 0, 'color': 'charcoal', 'name': 'Inbox', 'comment_count': 0, 'is_shared': False, 'is_favorite': False, 'is_inbox_project': True, 'is_team_inbox': False, 'url': 'https://todoist.com/showProject?id=2319576038', 'view_style': 'list'}, {'id': '2322258579', 'parent_id': None, 'order': 1, 'color': 'charcoal', 'name': 'PROJECT 1', 'comment_count': 0, 'is_shared': False, 'is_favorite': False, 'is_inbox_project': False, 'is_team_inbox': False, 'url': 'https://todoist.com/showProject?id=2322258579', 'view_style': 'list'}], 'headers': {'Content-Type': 'application/json', 'Content-Length': '626', 'Connection': 'keep-alive', 'Date': 'Mon, 23 Oct 2023 16:45:22 GMT', 'Access-Control-Allow-Credentials': 'false', 'Access-Control-Allow-Origin': '*', 'Referrer-Policy': 'strict-origin-when-cross-origin', 'Server': 'gunicorn', 'Set-Cookie': 'csrf=2d677c3e26cb424bbb21cc64512e342b; Expires=Thu, 20-Oct-2033 16:45:22 GMT; Secure; Path=/; SameSite=None, tduser=v4.public.eyJ1c2VyX2lkIjogNDU2ODE1ODIsICJleHAiOiAiMjAyMy0xMS0wNlQxNjo0NToyMiswMDowMCJ90UOaIAjdff10HFVVKUD7QX3Bi9-Q4PkyHT8yaeIveFjaoybPqREE0Ny-YwU05K94kH8lb2iZbNEsXx_faRL9DQ; Domain=.todoist.com; Expires=Mon, 06-Nov-2023 16:45:22 GMT; Max-Age=1209600; Secure; HttpOnly; Path=/', 'Strict-Transport-Security': 'max-age=31536000; includeSubDomains; preload', 'Vary': 'Accept-Encoding', 'X-Cache': 'Miss from cloudfront', 'Via': '1.1 044bedb33ca0f4efa619a47252c438ba.cloudfront.net (CloudFront)', 'X-Amz-Cf-Pop': 'LIM50-P1', 'X-Amz-Cf-Id': '_aHKIyCNDS89VT4W_d0B25EIvCkd3mHnkha40VxQJ83Y6ewXXUTj1A=='}, 'status': 200}
2023-10-23 12:45:22,511 UTC DEBUG    builtins        Scenario tags: ['label_id']
2023-10-23 12:45:22,512 UTC INFO     utils.rest_client Method Name: post
2023-10-23 12:45:22,512 UTC INFO     utils.rest_client Endpoint (URL): https://api.todoist.com/rest/v2/labels
2023-10-23 12:45:23,903 UTC INFO     utils.rest_client Status code: 200
2023-10-23 12:45:23,903 UTC DEBUG    utils.rest_client Request: {'User-Agent': 'python-requests/2.31.0', 'Accept-Encoding': 'gzip, deflate', 'Accept': '*/*', 'Connection': 'keep-alive', 'Authorization': 'Bearer 3bb828df7836d71da0e9fdd090f6d0f66130044b', 'Cookie': 'tduser=v4.public.eyJ1c2VyX2lkIjogNDU2ODE1ODIsICJleHAiOiAiMjAyMy0xMS0wNlQxNjo0NToyMiswMDowMCJ90UOaIAjdff10HFVVKUD7QX3Bi9-Q4PkyHT8yaeIveFjaoybPqREE0Ny-YwU05K94kH8lb2iZbNEsXx_faRL9DQ; csrf=2d677c3e26cb424bbb21cc64512e342b', 'Content-Length': '15', 'Content-Type': 'application/x-www-form-urlencoded'}
2023-10-23 12:45:23,903 UTC INFO     utils.rest_client Response: {
	"id": "2169487567",
	"name": "LABEL TEST",
	"order": 2,
	"color": "charcoal",
	"is_favorite": false
}

2023-10-23 12:45:23,903 UTC DEBUG    builtins        Label id created: 2169487567
2023-10-23 12:45:23,904 UTC DEBUG    builtins        HEADERS: {'Authorization': 'Bearer 3bb828df7836d71da0e9fdd090f6d0f66130044b'}
2023-10-23 12:45:23,904 UTC DEBUG    builtins        URL: https://api.todoist.com/rest/v2/
2023-10-23 12:45:23,904 UTC INFO     utils.rest_client Method Name: get
2023-10-23 12:45:23,904 UTC INFO     utils.rest_client Endpoint (URL): https://api.todoist.com/rest/v2/labels
2023-10-23 12:45:24,257 UTC INFO     utils.rest_client Status code: 200
2023-10-23 12:45:24,258 UTC DEBUG    utils.rest_client Request: {'User-Agent': 'python-requests/2.31.0', 'Accept-Encoding': 'gzip, deflate', 'Accept': '*/*', 'Connection': 'keep-alive', 'Authorization': 'Bearer 3bb828df7836d71da0e9fdd090f6d0f66130044b', 'Cookie': 'tduser=v4.public.eyJ1c2VyX2lkIjogNDU2ODE1ODIsICJleHAiOiAiMjAyMy0xMS0wNlQxNjo0NToyMiswMDowMCJ90UOaIAjdff10HFVVKUD7QX3Bi9-Q4PkyHT8yaeIveFjaoybPqREE0Ny-YwU05K94kH8lb2iZbNEsXx_faRL9DQ; csrf=2d677c3e26cb424bbb21cc64512e342b'}
2023-10-23 12:45:24,258 UTC INFO     utils.rest_client Response: [
	{
		"id": "2168770002",
		"name": "Label 2",
		"order": 1,
		"color": "charcoal",
		"is_favorite": false
	},
	{
		"id": "2169140605",
		"name": "Label 1",
		"order": 1,
		"color": "charcoal",
		"is_favorite": false
	},
	{
		"id": "2169487567",
		"name": "LABEL TEST",
		"order": 2,
		"color": "charcoal",
		"is_favorite": false
	}
]

2023-10-23 12:45:24,258 UTC DEBUG    builtins        Response: {'body': [{'id': '2168770002', 'name': 'Label 2', 'order': 1, 'color': 'charcoal', 'is_favorite': False}, {'id': '2169140605', 'name': 'Label 1', 'order': 1, 'color': 'charcoal', 'is_favorite': False}, {'id': '2169487567', 'name': 'LABEL TEST', 'order': 2, 'color': 'charcoal', 'is_favorite': False}], 'headers': {'Content-Type': 'application/json', 'Content-Length': '336', 'Connection': 'keep-alive', 'Date': 'Mon, 23 Oct 2023 16:45:24 GMT', 'Access-Control-Allow-Credentials': 'false', 'Access-Control-Allow-Origin': '*', 'Referrer-Policy': 'strict-origin-when-cross-origin', 'Server': 'gunicorn', 'Strict-Transport-Security': 'max-age=31536000; includeSubDomains; preload', 'Vary': 'Accept-Encoding', 'X-Cache': 'Miss from cloudfront', 'Via': '1.1 044bedb33ca0f4efa619a47252c438ba.cloudfront.net (CloudFront)', 'X-Amz-Cf-Pop': 'LIM50-P1', 'X-Amz-Cf-Id': 'qGkTJxOnzCWkmibWSh8il_Wu1s9sFlZx8VzX_aX4kTJ-KOL5rLJBeQ=='}, 'status': 200}
2023-10-23 12:45:24,259 UTC DEBUG    builtins        Status code from response: 200
2023-10-23 12:45:24,259 UTC DEBUG    builtins        Status code param: <class 'int'>
2023-10-23 12:45:24,260 UTC DEBUG    builtins        Status code response: <class 'int'>
2023-10-23 12:45:24,260 UTC DEBUG    builtins        Scenario tags: []
2023-10-23 12:45:24,261 UTC DEBUG    builtins        HEADERS: {'Authorization': 'Bearer 3bb828df7836d71da0e9fdd090f6d0f66130044b'}
2023-10-23 12:45:24,261 UTC DEBUG    builtins        URL: https://api.todoist.com/rest/v2/
2023-10-23 12:45:24,261 UTC DEBUG    builtins        JSON: {
  "name": "NEW LABEL"
}
2023-10-23 12:45:24,262 UTC DEBUG    builtins        Dictionary created: {'name': 'NEW LABEL'}
2023-10-23 12:45:24,262 UTC INFO     utils.rest_client Method Name: post
2023-10-23 12:45:24,262 UTC INFO     utils.rest_client Endpoint (URL): https://api.todoist.com/rest/v2/labels
2023-10-23 12:45:25,164 UTC INFO     utils.rest_client Status code: 200
2023-10-23 12:45:25,164 UTC DEBUG    utils.rest_client Request: {'User-Agent': 'python-requests/2.31.0', 'Accept-Encoding': 'gzip, deflate', 'Accept': '*/*', 'Connection': 'keep-alive', 'Authorization': 'Bearer 3bb828df7836d71da0e9fdd090f6d0f66130044b', 'Cookie': 'tduser=v4.public.eyJ1c2VyX2lkIjogNDU2ODE1ODIsICJleHAiOiAiMjAyMy0xMS0wNlQxNjo0NToyMiswMDowMCJ90UOaIAjdff10HFVVKUD7QX3Bi9-Q4PkyHT8yaeIveFjaoybPqREE0Ny-YwU05K94kH8lb2iZbNEsXx_faRL9DQ; csrf=2d677c3e26cb424bbb21cc64512e342b', 'Content-Length': '14', 'Content-Type': 'application/x-www-form-urlencoded'}
2023-10-23 12:45:25,164 UTC INFO     utils.rest_client Response: {
	"id": "2169487568",
	"name": "NEW LABEL",
	"order": 3,
	"color": "charcoal",
	"is_favorite": false
}

2023-10-23 12:45:25,164 UTC DEBUG    builtins        Response: {'body': {'id': '2169487568', 'name': 'NEW LABEL', 'order': 3, 'color': 'charcoal', 'is_favorite': False}, 'headers': {'Content-Type': 'application/json', 'Content-Length': '104', 'Connection': 'keep-alive', 'Date': 'Mon, 23 Oct 2023 16:45:25 GMT', 'Access-Control-Allow-Credentials': 'false', 'Access-Control-Allow-Origin': '*', 'Cache-Control': 'no-cache', 'Referrer-Policy': 'strict-origin-when-cross-origin', 'Server': 'gunicorn', 'Strict-Transport-Security': 'max-age=31536000; includeSubDomains; preload', 'Vary': 'Accept-Encoding', 'X-Cache': 'Miss from cloudfront', 'Via': '1.1 044bedb33ca0f4efa619a47252c438ba.cloudfront.net (CloudFront)', 'X-Amz-Cf-Pop': 'LIM50-P1', 'X-Amz-Cf-Id': 'aKkOnzp3wWgSHkOQYXqLgT7l9_vGF0kR79nsXBO1VaZNboc__zQL6w=='}, 'status': 200}
2023-10-23 12:45:25,165 UTC DEBUG    builtins        Status code from response: 200
2023-10-23 12:45:25,165 UTC DEBUG    builtins        Status code param: <class 'int'>
2023-10-23 12:45:25,165 UTC DEBUG    builtins        Status code response: <class 'int'>
2023-10-23 12:45:25,166 UTC INFO     utils.rest_client Method Name: delete
2023-10-23 12:45:25,166 UTC INFO     utils.rest_client Endpoint (URL): https://api.todoist.com/rest/v2/labels/2169487567
2023-10-23 12:45:25,617 UTC INFO     utils.rest_client Status code: 204
2023-10-23 12:45:25,618 UTC DEBUG    utils.rest_client Request: {'User-Agent': 'python-requests/2.31.0', 'Accept-Encoding': 'gzip, deflate', 'Accept': '*/*', 'Connection': 'keep-alive', 'Authorization': 'Bearer 3bb828df7836d71da0e9fdd090f6d0f66130044b', 'Cookie': 'tduser=v4.public.eyJ1c2VyX2lkIjogNDU2ODE1ODIsICJleHAiOiAiMjAyMy0xMS0wNlQxNjo0NToyMiswMDowMCJ90UOaIAjdff10HFVVKUD7QX3Bi9-Q4PkyHT8yaeIveFjaoybPqREE0Ny-YwU05K94kH8lb2iZbNEsXx_faRL9DQ; csrf=2d677c3e26cb424bbb21cc64512e342b', 'Content-Length': '0'}
2023-10-23 12:45:25,618 UTC INFO     utils.rest_client Response: 
2023-10-23 12:45:25,618 UTC INFO     builtins        Deleting label: 2169487567
2023-10-23 12:45:25,618 UTC INFO     utils.rest_client Method Name: delete
2023-10-23 12:45:25,618 UTC INFO     utils.rest_client Endpoint (URL): https://api.todoist.com/rest/v2/labels/2169487568
2023-10-23 12:45:26,712 UTC INFO     utils.rest_client Status code: 204
2023-10-23 12:45:26,713 UTC DEBUG    utils.rest_client Request: {'User-Agent': 'python-requests/2.31.0', 'Accept-Encoding': 'gzip, deflate', 'Accept': '*/*', 'Connection': 'keep-alive', 'Authorization': 'Bearer 3bb828df7836d71da0e9fdd090f6d0f66130044b', 'Cookie': 'tduser=v4.public.eyJ1c2VyX2lkIjogNDU2ODE1ODIsICJleHAiOiAiMjAyMy0xMS0wNlQxNjo0NToyMiswMDowMCJ90UOaIAjdff10HFVVKUD7QX3Bi9-Q4PkyHT8yaeIveFjaoybPqREE0Ny-YwU05K94kH8lb2iZbNEsXx_faRL9DQ; csrf=2d677c3e26cb424bbb21cc64512e342b', 'Content-Length': '0'}
2023-10-23 12:45:26,713 UTC INFO     utils.rest_client Response: 
2023-10-23 12:45:26,713 UTC INFO     builtins        Deleting label: 2169487568
