2023-10-23 16:35:05,508 UTC DEBUG    builtins        Headers before feature: {'Authorization': 'Bearer 3bb828df7836d71da0e9fdd090f6d0f66130044b'}
2023-10-23 16:35:05,509 UTC INFO     utils.rest_client Method Name: get
2023-10-23 16:35:05,509 UTC INFO     utils.rest_client Endpoint (URL): https://api.todoist.com/rest/v2/projects
2023-10-23 16:35:22,271 UTC INFO     utils.rest_client Status code: 200
2023-10-23 16:35:22,271 UTC DEBUG    utils.rest_client Request: {'User-Agent': 'python-requests/2.31.0', 'Accept-Encoding': 'gzip, deflate', 'Accept': '*/*', 'Connection': 'keep-alive', 'Authorization': 'Bearer 3bb828df7836d71da0e9fdd090f6d0f66130044b'}
2023-10-23 16:35:22,272 UTC INFO     utils.rest_client Response: [
	{
		"id": "2319576038",
		"parent_id": null,
		"order": 0,
		"color": "charcoal",
		"name": "Inbox",
		"comment_count": 0,
		"is_shared": false,
		"is_favorite": false,
		"is_inbox_project": true,
		"is_team_inbox": false,
		"url": "https://todoist.com/showProject?id=2319576038",
		"view_style": "list"
	},
	{
		"id": "2322258579",
		"parent_id": null,
		"order": 1,
		"color": "charcoal",
		"name": "PROJECT 1",
		"comment_count": 0,
		"is_shared": false,
		"is_favorite": false,
		"is_inbox_project": false,
		"is_team_inbox": false,
		"url": "https://todoist.com/showProject?id=2322258579",
		"view_style": "list"
	}
]

2023-10-23 16:35:22,272 UTC DEBUG    builtins        {'body': [{'id': '2319576038', 'parent_id': None, 'order': 0, 'color': 'charcoal', 'name': 'Inbox', 'comment_count': 0, 'is_shared': False, 'is_favorite': False, 'is_inbox_project': True, 'is_team_inbox': False, 'url': 'https://todoist.com/showProject?id=2319576038', 'view_style': 'list'}, {'id': '2322258579', 'parent_id': None, 'order': 1, 'color': 'charcoal', 'name': 'PROJECT 1', 'comment_count': 0, 'is_shared': False, 'is_favorite': False, 'is_inbox_project': False, 'is_team_inbox': False, 'url': 'https://todoist.com/showProject?id=2322258579', 'view_style': 'list'}], 'headers': {'Content-Type': 'application/json', 'Content-Length': '626', 'Connection': 'keep-alive', 'Date': 'Mon, 23 Oct 2023 20:35:22 GMT', 'Access-Control-Allow-Credentials': 'false', 'Access-Control-Allow-Origin': '*', 'Referrer-Policy': 'strict-origin-when-cross-origin', 'Server': 'gunicorn', 'Set-Cookie': 'csrf=35bb5b8af405497898171ed204124c0a; Expires=Thu, 20-Oct-2033 20:35:21 GMT; Secure; Path=/; SameSite=None, tduser=v4.public.eyJ1c2VyX2lkIjogNDU2ODE1ODIsICJleHAiOiAiMjAyMy0xMS0wNlQyMDozNToyMiswMDowMCJ9zOJW18joUPsJdI9ly8rcpnCfKPovxp1-HVAuMaQ7YP_ioosTQlTvTt9nWDx_Pu_E3NiQrhsvlkC1Ludv2HBSAA; Domain=.todoist.com; Expires=Mon, 06-Nov-2023 20:35:22 GMT; Max-Age=1209600; Secure; HttpOnly; Path=/', 'Strict-Transport-Security': 'max-age=31536000; includeSubDomains; preload', 'Vary': 'Accept-Encoding', 'X-Cache': 'Miss from cloudfront', 'Via': '1.1 b168a8fa55fcb1a61f8a56eeaacf4d70.cloudfront.net (CloudFront)', 'X-Amz-Cf-Pop': 'LIM50-P1', 'X-Amz-Cf-Id': 'jPfjzCVKUk5rHlqapUVSI_4B9Bb_P-6xWq1Bv_dcFBULI924-yjfvw=='}, 'status': 200}
2023-10-23 16:35:22,273 UTC DEBUG    builtins        Scenario tags: ['label_id']
2023-10-23 16:35:22,273 UTC INFO     utils.rest_client Method Name: post
2023-10-23 16:35:22,273 UTC INFO     utils.rest_client Endpoint (URL): https://api.todoist.com/rest/v2/labels
2023-10-23 16:35:26,570 UTC INFO     utils.rest_client Status code: 200
2023-10-23 16:35:26,570 UTC DEBUG    utils.rest_client Request: {'User-Agent': 'python-requests/2.31.0', 'Accept-Encoding': 'gzip, deflate', 'Accept': '*/*', 'Connection': 'keep-alive', 'Authorization': 'Bearer 3bb828df7836d71da0e9fdd090f6d0f66130044b', 'Cookie': 'tduser=v4.public.eyJ1c2VyX2lkIjogNDU2ODE1ODIsICJleHAiOiAiMjAyMy0xMS0wNlQyMDozNToyMiswMDowMCJ9zOJW18joUPsJdI9ly8rcpnCfKPovxp1-HVAuMaQ7YP_ioosTQlTvTt9nWDx_Pu_E3NiQrhsvlkC1Ludv2HBSAA; csrf=35bb5b8af405497898171ed204124c0a', 'Content-Length': '15', 'Content-Type': 'application/x-www-form-urlencoded'}
2023-10-23 16:35:26,570 UTC INFO     utils.rest_client Response: {
	"id": "2169491672",
	"name": "LABEL TEST",
	"order": 2,
	"color": "charcoal",
	"is_favorite": false
}

2023-10-23 16:35:26,571 UTC DEBUG    builtins        Label id created: 2169491672
2023-10-23 16:35:26,572 UTC DEBUG    builtins        HEADERS: {'Authorization': 'Bearer 3bb828df7836d71da0e9fdd090f6d0f66130044b'}
2023-10-23 16:35:26,572 UTC DEBUG    builtins        URL: https://api.todoist.com/rest/v2/
2023-10-23 16:35:26,573 UTC INFO     utils.rest_client Method Name: get
2023-10-23 16:35:26,573 UTC INFO     utils.rest_client Endpoint (URL): https://api.todoist.com/rest/v2/labels
2023-10-23 16:35:40,921 UTC INFO     utils.rest_client Status code: 200
2023-10-23 16:35:40,921 UTC DEBUG    utils.rest_client Request: {'User-Agent': 'python-requests/2.31.0', 'Accept-Encoding': 'gzip, deflate', 'Accept': '*/*', 'Connection': 'keep-alive', 'Authorization': 'Bearer 3bb828df7836d71da0e9fdd090f6d0f66130044b', 'Cookie': 'tduser=v4.public.eyJ1c2VyX2lkIjogNDU2ODE1ODIsICJleHAiOiAiMjAyMy0xMS0wNlQyMDozNToyMiswMDowMCJ9zOJW18joUPsJdI9ly8rcpnCfKPovxp1-HVAuMaQ7YP_ioosTQlTvTt9nWDx_Pu_E3NiQrhsvlkC1Ludv2HBSAA; csrf=35bb5b8af405497898171ed204124c0a'}
2023-10-23 16:35:40,921 UTC INFO     utils.rest_client Response: [
	{
		"id": "2168770002",
		"name": "Label 2",
		"order": 1,
		"color": "charcoal",
		"is_favorite": false
	},
	{
		"id": "2169140605",
		"name": "Label 1",
		"order": 1,
		"color": "charcoal",
		"is_favorite": false
	},
	{
		"id": "2169491672",
		"name": "LABEL TEST",
		"order": 2,
		"color": "charcoal",
		"is_favorite": false
	}
]

2023-10-23 16:35:40,921 UTC DEBUG    builtins        Response: {'body': [{'id': '2168770002', 'name': 'Label 2', 'order': 1, 'color': 'charcoal', 'is_favorite': False}, {'id': '2169140605', 'name': 'Label 1', 'order': 1, 'color': 'charcoal', 'is_favorite': False}, {'id': '2169491672', 'name': 'LABEL TEST', 'order': 2, 'color': 'charcoal', 'is_favorite': False}], 'headers': {'Content-Type': 'application/json', 'Content-Length': '336', 'Connection': 'keep-alive', 'Date': 'Mon, 23 Oct 2023 20:35:40 GMT', 'Access-Control-Allow-Credentials': 'false', 'Access-Control-Allow-Origin': '*', 'Referrer-Policy': 'strict-origin-when-cross-origin', 'Server': 'gunicorn', 'Strict-Transport-Security': 'max-age=31536000; includeSubDomains; preload', 'Vary': 'Accept-Encoding', 'X-Cache': 'Miss from cloudfront', 'Via': '1.1 b168a8fa55fcb1a61f8a56eeaacf4d70.cloudfront.net (CloudFront)', 'X-Amz-Cf-Pop': 'LIM50-P1', 'X-Amz-Cf-Id': 'TrqKmsCWINeIQtmWryCS0W5opBIFxGgiMRBdgKMOtzyrTQrg0ckbog=='}, 'status': 200}
2023-10-23 16:35:40,923 UTC DEBUG    builtins        Status code from response: 200
2023-10-23 16:35:40,923 UTC DEBUG    builtins        Status code param: <class 'int'>
2023-10-23 16:35:40,923 UTC DEBUG    builtins        Status code response: <class 'int'>
2023-10-23 16:35:40,924 UTC DEBUG    builtins        Scenario tags: []
2023-10-23 16:35:40,924 UTC DEBUG    builtins        Scenario tags: ['label_id']
2023-10-23 16:35:40,925 UTC INFO     utils.rest_client Method Name: post
2023-10-23 16:35:40,925 UTC INFO     utils.rest_client Endpoint (URL): https://api.todoist.com/rest/v2/labels
2023-10-23 16:35:57,112 UTC ERROR    utils.rest_client HTTP error: 400 Client Error: Bad Request for url: https://api.todoist.com/rest/v2/labels
2023-10-23 16:35:57,113 UTC INFO     utils.rest_client Method Name: delete
2023-10-23 16:35:57,113 UTC INFO     utils.rest_client Endpoint (URL): https://api.todoist.com/rest/v2/labels/2169491672
2023-10-23 16:36:02,024 UTC INFO     utils.rest_client Status code: 204
2023-10-23 16:36:02,024 UTC DEBUG    utils.rest_client Request: {'User-Agent': 'python-requests/2.31.0', 'Accept-Encoding': 'gzip, deflate', 'Accept': '*/*', 'Connection': 'keep-alive', 'Authorization': 'Bearer 3bb828df7836d71da0e9fdd090f6d0f66130044b', 'Cookie': 'tduser=v4.public.eyJ1c2VyX2lkIjogNDU2ODE1ODIsICJleHAiOiAiMjAyMy0xMS0wNlQyMDozNToyMiswMDowMCJ9zOJW18joUPsJdI9ly8rcpnCfKPovxp1-HVAuMaQ7YP_ioosTQlTvTt9nWDx_Pu_E3NiQrhsvlkC1Ludv2HBSAA; csrf=35bb5b8af405497898171ed204124c0a', 'Content-Length': '0'}
2023-10-23 16:36:02,024 UTC INFO     utils.rest_client Response: 
2023-10-23 16:36:02,024 UTC INFO     builtins        Deleting label: 2169491672
