2023-10-22 21:34:34,212 UTC DEBUG    builtins        Headers before feature: {'Authorization': 'Bearer 3bb828df7836d71da0e9fdd090f6d0f66130044b'}
2023-10-22 21:34:34,213 UTC INFO     utils.rest_client Method Name: get
2023-10-22 21:34:34,213 UTC INFO     utils.rest_client Endpoint (URL): https://api.todoist.com/rest/v2/projects
2023-10-22 21:34:36,399 UTC INFO     utils.rest_client Status code: 200
2023-10-22 21:34:36,399 UTC DEBUG    utils.rest_client Request: {'User-Agent': 'python-requests/2.31.0', 'Accept-Encoding': 'gzip, deflate', 'Accept': '*/*', 'Connection': 'keep-alive', 'Authorization': 'Bearer 3bb828df7836d71da0e9fdd090f6d0f66130044b'}
2023-10-22 21:34:36,399 UTC INFO     utils.rest_client Response: [
	{
		"id": "2319576038",
		"parent_id": null,
		"order": 0,
		"color": "charcoal",
		"name": "Inbox",
		"comment_count": 0,
		"is_shared": false,
		"is_favorite": false,
		"is_inbox_project": true,
		"is_team_inbox": false,
		"url": "https://todoist.com/showProject?id=2319576038",
		"view_style": "list"
	},
	{
		"id": "2322258579",
		"parent_id": null,
		"order": 1,
		"color": "charcoal",
		"name": "PROJECT 1",
		"comment_count": 0,
		"is_shared": false,
		"is_favorite": false,
		"is_inbox_project": false,
		"is_team_inbox": false,
		"url": "https://todoist.com/showProject?id=2322258579",
		"view_style": "list"
	}
]

2023-10-22 21:34:36,400 UTC DEBUG    builtins        {'body': [{'id': '2319576038', 'parent_id': None, 'order': 0, 'color': 'charcoal', 'name': 'Inbox', 'comment_count': 0, 'is_shared': False, 'is_favorite': False, 'is_inbox_project': True, 'is_team_inbox': False, 'url': 'https://todoist.com/showProject?id=2319576038', 'view_style': 'list'}, {'id': '2322258579', 'parent_id': None, 'order': 1, 'color': 'charcoal', 'name': 'PROJECT 1', 'comment_count': 0, 'is_shared': False, 'is_favorite': False, 'is_inbox_project': False, 'is_team_inbox': False, 'url': 'https://todoist.com/showProject?id=2322258579', 'view_style': 'list'}], 'headers': {'Content-Type': 'application/json', 'Content-Length': '626', 'Connection': 'keep-alive', 'Date': 'Mon, 23 Oct 2023 01:34:36 GMT', 'Access-Control-Allow-Credentials': 'false', 'Access-Control-Allow-Origin': '*', 'Referrer-Policy': 'strict-origin-when-cross-origin', 'Server': 'gunicorn', 'Set-Cookie': 'csrf=4d05bb815a6647a29e60bfd9814b73bb; Expires=Thu, 20-Oct-2033 01:34:34 GMT; Secure; Path=/; SameSite=None, tduser=v4.public.eyJ1c2VyX2lkIjogNDU2ODE1ODIsICJleHAiOiAiMjAyMy0xMS0wNlQwMTozNDozNiswMDowMCJ9JG0o0pIlfqZ1uyDUxHWETUc5JoFlVVhn1epqiGsvTYZMkEiU5j80k2ClbRR1xaREHZs5Xm2_MmwtI7ub0hQsAQ; Domain=.todoist.com; Expires=Mon, 06-Nov-2023 01:34:36 GMT; Max-Age=1209600; Secure; HttpOnly; Path=/', 'Strict-Transport-Security': 'max-age=31536000; includeSubDomains; preload', 'Vary': 'Accept-Encoding', 'X-Cache': 'Miss from cloudfront', 'Via': '1.1 a54f7f9af7b4580fd2094f5032b79ada.cloudfront.net (CloudFront)', 'X-Amz-Cf-Pop': 'SCL51-P4', 'X-Amz-Cf-Id': 'CCTO8-3w6dCRFFMIMBJFxXiIWeFugizaRa4kLjzPYw3hvHR8FT2HaQ=='}, 'status': 200}
2023-10-22 21:34:36,400 UTC DEBUG    builtins        Scenario tags: []
2023-10-22 21:34:36,401 UTC DEBUG    builtins        HEADERS: {'Authorization': 'Bearer 3bb828df7836d71da0e9fdd090f6d0f66130044b'}
2023-10-22 21:34:36,401 UTC DEBUG    builtins        URL: https://api.todoist.com/rest/v2/
2023-10-22 21:34:36,402 UTC INFO     utils.rest_client Method Name: get
2023-10-22 21:34:36,402 UTC INFO     utils.rest_client Endpoint (URL): https://api.todoist.com/rest/v2/tasks
2023-10-22 21:34:37,205 UTC INFO     utils.rest_client Status code: 200
2023-10-22 21:34:37,206 UTC DEBUG    utils.rest_client Request: {'User-Agent': 'python-requests/2.31.0', 'Accept-Encoding': 'gzip, deflate', 'Accept': '*/*', 'Connection': 'keep-alive', 'Authorization': 'Bearer 3bb828df7836d71da0e9fdd090f6d0f66130044b', 'Cookie': 'tduser=v4.public.eyJ1c2VyX2lkIjogNDU2ODE1ODIsICJleHAiOiAiMjAyMy0xMS0wNlQwMTozNDozNiswMDowMCJ9JG0o0pIlfqZ1uyDUxHWETUc5JoFlVVhn1epqiGsvTYZMkEiU5j80k2ClbRR1xaREHZs5Xm2_MmwtI7ub0hQsAQ; csrf=4d05bb815a6647a29e60bfd9814b73bb'}
2023-10-22 21:34:37,206 UTC INFO     utils.rest_client Response: [
	{
		"id": "7340531591",
		"assigner_id": null,
		"assignee_id": null,
		"project_id": "2319576038",
		"section_id": null,
		"parent_id": null,
		"order": 1,
		"content": "TASK NEW",
		"description": "",
		"is_completed": false,
		"labels": [],
		"priority": 1,
		"comment_count": 0,
		"creator_id": "45681582",
		"created_at": "2023-10-23T00:41:43.610148Z",
		"due": {
			"date": "2023-10-23",
			"string": "tomorrow at 12:00",
			"lang": "en",
			"is_recurring": false,
			"datetime": "2023-10-23T12:00:00"
		},
		"url": "https://todoist.com/showTask?id=7340531591",
		"duration": null
	},
	{
		"id": "7340531606",
		"assigner_id": null,
		"assignee_id": null,
		"project_id": "2319576038",
		"section_id": null,
		"parent_id": null,
		"order": 2,
		"content": "task x",
		"description": "",
		"is_completed": false,
		"labels": [],
		"priority": 1,
		"comment_count": 0,
		"creator_id": "45681582",
		"created_at": "2023-10-23T00:41:44.280592Z",
		"due": null,
		"url": "https://todoist.com/showTask?id=7340531606",
		"duration": null
	},
	{
		"id": "7340531623",
		"assigner_id": null,
		"assignee_id": null,
		"project_id": "2319576038",
		"section_id": null,
		"parent_id": null,
		"order": 3,
		"content": "TASK UPDATED",
		"description": "",
		"is_completed": false,
		"labels": [],
		"priority": 1,
		"comment_count": 0,
		"creator_id": "45681582",
		"created_at": "2023-10-23T00:41:45.098054Z",
		"due": {
			"date": "2023-10-23",
			"string": "tomorrow at 08:00",
			"lang": "en",
			"is_recurring": false,
			"datetime": "2023-10-23T08:00:00"
		},
		"url": "https://todoist.com/showTask?id=7340531623",
		"duration": null
	},
	{
		"id": "7340531664",
		"assigner_id": null,
		"assignee_id": null,
		"project_id": "2319576038",
		"section_id": null,
		"parent_id": null,
		"order": 4,
		"content": "task x",
		"description": "",
		"is_completed": false,
		"labels": [],
		"priority": 1,
		"comment_count": 0,
		"creator_id": "45681582",
		"created_at": "2023-10-23T00:41:46.328651Z",
		"due": null,
		"url": "https://todoist.com/showTask?id=7340531664",
		"duration": null
	},
	{
		"id": "7340574599",
		"assigner_id": null,
		"assignee_id": null,
		"project_id": "2319576038",
		"section_id": null,
		"parent_id": null,
		"order": 5,
		"content": "TASK NEW",
		"description": "",
		"is_completed": false,
		"labels": [],
		"priority": 1,
		"comment_count": 0,
		"creator_id": "45681582",
		"created_at": "2023-10-23T01:11:04.158716Z",
		"due": {
			"date": "2023-10-23",
			"string": "tomorrow at 12:00",
			"lang": "en",
			"is_recurring": false,
			"datetime": "2023-10-23T12:00:00"
		},
		"url": "https://todoist.com/showTask?id=7340574599",
		"duration": null
	},
	{
		"id": "7340574616",
		"assigner_id": null,
		"assignee_id": null,
		"project_id": "2319576038",
		"section_id": null,
		"parent_id": null,
		"order": 6,
		"content": "task x",
		"description": "",
		"is_completed": false,
		"labels": [],
		"priority": 1,
		"comment_count": 0,
		"creator_id": "45681582",
		"created_at": "2023-10-23T01:11:05.180030Z",
		"due": null,
		"url": "https://todoist.com/showTask?id=7340574616",
		"duration": null
	},
	{
		"id": "7340574634",
		"assigner_id": null,
		"assignee_id": null,
		"project_id": "2319576038",
		"section_id": null,
		"parent_id": null,
		"order": 7,
		"content": "TASK UPDATED",
		"description": "",
		"is_completed": false,
		"labels": [],
		"priority": 1,
		"comment_count": 0,
		"creator_id": "45681582",
		"created_at": "2023-10-23T01:11:06.368892Z",
		"due": {
			"date": "2023-10-23",
			"string": "tomorrow at 08:00",
			"lang": "en",
			"is_recurring": false,
			"datetime": "2023-10-23T08:00:00"
		},
		"url": "https://todoist.com/showTask?id=7340574634",
		"duration": null
	},
	{
		"id": "7340576016",
		"assigner_id": null,
		"assignee_id": null,
		"project_id": "2319576038",
		"section_id": null,
		"parent_id": null,
		"order": 8,
		"content": "TASK NEW",
		"description": "",
		"is_completed": false,
		"labels": [],
		"priority": 1,
		"comment_count": 0,
		"creator_id": "45681582",
		"created_at": "2023-10-23T01:12:01.970136Z",
		"due": {
			"date": "2023-10-23",
			"string": "tomorrow at 12:00",
			"lang": "en",
			"is_recurring": false,
			"datetime": "2023-10-23T12:00:00"
		},
		"url": "https://todoist.com/showTask?id=7340576016",
		"duration": null
	},
	{
		"id": "7340576033",
		"assigner_id": null,
		"assignee_id": null,
		"project_id": "2319576038",
		"section_id": null,
		"parent_id": null,
		"order": 9,
		"content": "task x",
		"description": "",
		"is_completed": false,
		"labels": [],
		"priority": 1,
		"comment_count": 0,
		"creator_id": "45681582",
		"created_at": "2023-10-23T01:12:02.591045Z",
		"due": null,
		"url": "https://todoist.com/showTask?id=7340576033",
		"duration": null
	},
	{
		"id": "7340576083",
		"assigner_id": null,
		"assignee_id": null,
		"project_id": "2319576038",
		"section_id": null,
		"parent_id": null,
		"order": 10,
		"content": "TASK UPDATED",
		"description": "",
		"is_completed": false,
		"labels": [],
		"priority": 1,
		"comment_count": 0,
		"creator_id": "45681582",
		"created_at": "2023-10-23T01:12:03.922843Z",
		"due": {
			"date": "2023-10-23",
			"string": "tomorrow at 08:00",
			"lang": "en",
			"is_recurring": false,
			"datetime": "2023-10-23T08:00:00"
		},
		"url": "https://todoist.com/showTask?id=7340576083",
		"duration": null
	},
	{
		"id": "7340601996",
		"assigner_id": null,
		"assignee_id": null,
		"project_id": "2319576038",
		"section_id": null,
		"parent_id": null,
		"order": 11,
		"content": "TASK NEW",
		"description": "",
		"is_completed": false,
		"labels": [],
		"priority": 1,
		"comment_count": 0,
		"creator_id": "45681582",
		"created_at": "2023-10-23T01:26:05.960586Z",
		"due": {
			"date": "2023-10-23",
			"string": "tomorrow at 12:00",
			"lang": "en",
			"is_recurring": false,
			"datetime": "2023-10-23T12:00:00"
		},
		"url": "https://todoist.com/showTask?id=7340601996",
		"duration": null
	},
	{
		"id": "7340602010",
		"assigner_id": null,
		"assignee_id": null,
		"project_id": "2319576038",
		"section_id": null,
		"parent_id": null,
		"order": 12,
		"content": "task x",
		"description": "",
		"is_completed": false,
		"labels": [],
		"priority": 1,
		"comment_count": 0,
		"creator_id": "45681582",
		"created_at": "2023-10-23T01:26:06.594887Z",
		"due": null,
		"url": "https://todoist.com/showTask?id=7340602010",
		"duration": null
	},
	{
		"id": "7340602056",
		"assigner_id": null,
		"assignee_id": null,
		"project_id": "2319576038",
		"section_id": null,
		"parent_id": null,
		"order": 13,
		"content": "TASK UPDATED",
		"description": "",
		"is_completed": false,
		"labels": [],
		"priority": 1,
		"comment_count": 0,
		"creator_id": "45681582",
		"created_at": "2023-10-23T01:26:08.011088Z",
		"due": {
			"date": "2023-10-23",
			"string": "tomorrow at 08:00",
			"lang": "en",
			"is_recurring": false,
			"datetime": "2023-10-23T08:00:00"
		},
		"url": "https://todoist.com/showTask?id=7340602056",
		"duration": null
	},
	{
		"id": "7340607849",
		"assigner_id": null,
		"assignee_id": null,
		"project_id": "2319576038",
		"section_id": null,
		"parent_id": null,
		"order": 14,
		"content": "TASK NEW",
		"description": "",
		"is_completed": false,
		"labels": [],
		"priority": 1,
		"comment_count": 0,
		"creator_id": "45681582",
		"created_at": "2023-10-23T01:30:11.782129Z",
		"due": {
			"date": "2023-10-23",
			"string": "tomorrow at 12:00",
			"lang": "en",
			"is_recurring": false,
			"datetime": "2023-10-23T12:00:00"
		},
		"url": "https://todoist.com/showTask?id=7340607849",
		"duration": null
	},
	{
		"id": "7340607869",
		"assigner_id": null,
		"assignee_id": null,
		"project_id": "2319576038",
		"section_id": null,
		"parent_id": null,
		"order": 15,
		"content": "task x",
		"description": "",
		"is_completed": false,
		"labels": [],
		"priority": 1,
		"comment_count": 0,
		"creator_id": "45681582",
		"created_at": "2023-10-23T01:30:12.618278Z",
		"due": null,
		"url": "https://todoist.com/showTask?id=7340607869",
		"duration": null
	},
	{
		"id": "7340607914",
		"assigner_id": null,
		"assignee_id": null,
		"project_id": "2319576038",
		"section_id": null,
		"parent_id": null,
		"order": 16,
		"content": "TASK UPDATED",
		"description": "",
		"is_completed": false,
		"labels": [],
		"priority": 1,
		"comment_count": 0,
		"creator_id": "45681582",
		"created_at": "2023-10-23T01:30:13.874003Z",
		"due": {
			"date": "2023-10-23",
			"string": "tomorrow at 08:00",
			"lang": "en",
			"is_recurring": false,
			"datetime": "2023-10-23T08:00:00"
		},
		"url": "https://todoist.com/showTask?id=7340607914",
		"duration": null
	},
	{
		"id": "7340612458",
		"assigner_id": null,
		"assignee_id": null,
		"project_id": "2319576038",
		"section_id": null,
		"parent_id": null,
		"order": 17,
		"content": "TASK NEW",
		"description": "",
		"is_completed": false,
		"labels": [],
		"priority": 1,
		"comment_count": 0,
		"creator_id": "45681582",
		"created_at": "2023-10-23T01:33:11.196366Z",
		"due": {
			"date": "2023-10-23",
			"string": "tomorrow at 12:00",
			"lang": "en",
			"is_recurring": false,
			"datetime": "2023-10-23T12:00:00"
		},
		"url": "https://todoist.com/showTask?id=7340612458",
		"duration": null
	},
	{
		"id": "7340612476",
		"assigner_id": null,
		"assignee_id": null,
		"project_id": "2319576038",
		"section_id": null,
		"parent_id": null,
		"order": 18,
		"content": "task x",
		"description": "",
		"is_completed": false,
		"labels": [],
		"priority": 1,
		"comment_count": 0,
		"creator_id": "45681582",
		"created_at": "2023-10-23T01:33:11.855623Z",
		"due": null,
		"url": "https://todoist.com/showTask?id=7340612476",
		"duration": null
	},
	{
		"id": "7340612501",
		"assigner_id": null,
		"assignee_id": null,
		"project_id": "2319576038",
		"section_id": null,
		"parent_id": null,
		"order": 19,
		"content": "TASK UPDATED",
		"description": "",
		"is_completed": false,
		"labels": [],
		"priority": 1,
		"comment_count": 0,
		"creator_id": "45681582",
		"created_at": "2023-10-23T01:33:12.715096Z",
		"due": {
			"date": "2023-10-23",
			"string": "tomorrow at 08:00",
			"lang": "en",
			"is_recurring": false,
			"datetime": "2023-10-23T08:00:00"
		},
		"url": "https://todoist.com/showTask?id=7340612501",
		"duration": null
	},
	{
		"id": "7340612551",
		"assigner_id": null,
		"assignee_id": null,
		"project_id": "2319576038",
		"section_id": null,
		"parent_id": null,
		"order": 20,
		"content": "task x",
		"description": "",
		"is_completed": false,
		"labels": [],
		"priority": 1,
		"comment_count": 0,
		"creator_id": "45681582",
		"created_at": "2023-10-23T01:33:15.361592Z",
		"due": null,
		"url": "https://todoist.com/showTask?id=7340612551",
		"duration": null
	}
]

2023-10-22 21:34:37,207 UTC DEBUG    builtins        Response: {'body': [{'id': '7340531591', 'assigner_id': None, 'assignee_id': None, 'project_id': '2319576038', 'section_id': None, 'parent_id': None, 'order': 1, 'content': 'TASK NEW', 'description': '', 'is_completed': False, 'labels': [], 'priority': 1, 'comment_count': 0, 'creator_id': '45681582', 'created_at': '2023-10-23T00:41:43.610148Z', 'due': {'date': '2023-10-23', 'string': 'tomorrow at 12:00', 'lang': 'en', 'is_recurring': False, 'datetime': '2023-10-23T12:00:00'}, 'url': 'https://todoist.com/showTask?id=7340531591', 'duration': None}, {'id': '7340531606', 'assigner_id': None, 'assignee_id': None, 'project_id': '2319576038', 'section_id': None, 'parent_id': None, 'order': 2, 'content': 'task x', 'description': '', 'is_completed': False, 'labels': [], 'priority': 1, 'comment_count': 0, 'creator_id': '45681582', 'created_at': '2023-10-23T00:41:44.280592Z', 'due': None, 'url': 'https://todoist.com/showTask?id=7340531606', 'duration': None}, {'id': '7340531623', 'assigner_id': None, 'assignee_id': None, 'project_id': '2319576038', 'section_id': None, 'parent_id': None, 'order': 3, 'content': 'TASK UPDATED', 'description': '', 'is_completed': False, 'labels': [], 'priority': 1, 'comment_count': 0, 'creator_id': '45681582', 'created_at': '2023-10-23T00:41:45.098054Z', 'due': {'date': '2023-10-23', 'string': 'tomorrow at 08:00', 'lang': 'en', 'is_recurring': False, 'datetime': '2023-10-23T08:00:00'}, 'url': 'https://todoist.com/showTask?id=7340531623', 'duration': None}, {'id': '7340531664', 'assigner_id': None, 'assignee_id': None, 'project_id': '2319576038', 'section_id': None, 'parent_id': None, 'order': 4, 'content': 'task x', 'description': '', 'is_completed': False, 'labels': [], 'priority': 1, 'comment_count': 0, 'creator_id': '45681582', 'created_at': '2023-10-23T00:41:46.328651Z', 'due': None, 'url': 'https://todoist.com/showTask?id=7340531664', 'duration': None}, {'id': '7340574599', 'assigner_id': None, 'assignee_id': None, 'project_id': '2319576038', 'section_id': None, 'parent_id': None, 'order': 5, 'content': 'TASK NEW', 'description': '', 'is_completed': False, 'labels': [], 'priority': 1, 'comment_count': 0, 'creator_id': '45681582', 'created_at': '2023-10-23T01:11:04.158716Z', 'due': {'date': '2023-10-23', 'string': 'tomorrow at 12:00', 'lang': 'en', 'is_recurring': False, 'datetime': '2023-10-23T12:00:00'}, 'url': 'https://todoist.com/showTask?id=7340574599', 'duration': None}, {'id': '7340574616', 'assigner_id': None, 'assignee_id': None, 'project_id': '2319576038', 'section_id': None, 'parent_id': None, 'order': 6, 'content': 'task x', 'description': '', 'is_completed': False, 'labels': [], 'priority': 1, 'comment_count': 0, 'creator_id': '45681582', 'created_at': '2023-10-23T01:11:05.180030Z', 'due': None, 'url': 'https://todoist.com/showTask?id=7340574616', 'duration': None}, {'id': '7340574634', 'assigner_id': None, 'assignee_id': None, 'project_id': '2319576038', 'section_id': None, 'parent_id': None, 'order': 7, 'content': 'TASK UPDATED', 'description': '', 'is_completed': False, 'labels': [], 'priority': 1, 'comment_count': 0, 'creator_id': '45681582', 'created_at': '2023-10-23T01:11:06.368892Z', 'due': {'date': '2023-10-23', 'string': 'tomorrow at 08:00', 'lang': 'en', 'is_recurring': False, 'datetime': '2023-10-23T08:00:00'}, 'url': 'https://todoist.com/showTask?id=7340574634', 'duration': None}, {'id': '7340576016', 'assigner_id': None, 'assignee_id': None, 'project_id': '2319576038', 'section_id': None, 'parent_id': None, 'order': 8, 'content': 'TASK NEW', 'description': '', 'is_completed': False, 'labels': [], 'priority': 1, 'comment_count': 0, 'creator_id': '45681582', 'created_at': '2023-10-23T01:12:01.970136Z', 'due': {'date': '2023-10-23', 'string': 'tomorrow at 12:00', 'lang': 'en', 'is_recurring': False, 'datetime': '2023-10-23T12:00:00'}, 'url': 'https://todoist.com/showTask?id=7340576016', 'duration': None}, {'id': '7340576033', 'assigner_id': None, 'assignee_id': None, 'project_id': '2319576038', 'section_id': None, 'parent_id': None, 'order': 9, 'content': 'task x', 'description': '', 'is_completed': False, 'labels': [], 'priority': 1, 'comment_count': 0, 'creator_id': '45681582', 'created_at': '2023-10-23T01:12:02.591045Z', 'due': None, 'url': 'https://todoist.com/showTask?id=7340576033', 'duration': None}, {'id': '7340576083', 'assigner_id': None, 'assignee_id': None, 'project_id': '2319576038', 'section_id': None, 'parent_id': None, 'order': 10, 'content': 'TASK UPDATED', 'description': '', 'is_completed': False, 'labels': [], 'priority': 1, 'comment_count': 0, 'creator_id': '45681582', 'created_at': '2023-10-23T01:12:03.922843Z', 'due': {'date': '2023-10-23', 'string': 'tomorrow at 08:00', 'lang': 'en', 'is_recurring': False, 'datetime': '2023-10-23T08:00:00'}, 'url': 'https://todoist.com/showTask?id=7340576083', 'duration': None}, {'id': '7340601996', 'assigner_id': None, 'assignee_id': None, 'project_id': '2319576038', 'section_id': None, 'parent_id': None, 'order': 11, 'content': 'TASK NEW', 'description': '', 'is_completed': False, 'labels': [], 'priority': 1, 'comment_count': 0, 'creator_id': '45681582', 'created_at': '2023-10-23T01:26:05.960586Z', 'due': {'date': '2023-10-23', 'string': 'tomorrow at 12:00', 'lang': 'en', 'is_recurring': False, 'datetime': '2023-10-23T12:00:00'}, 'url': 'https://todoist.com/showTask?id=7340601996', 'duration': None}, {'id': '7340602010', 'assigner_id': None, 'assignee_id': None, 'project_id': '2319576038', 'section_id': None, 'parent_id': None, 'order': 12, 'content': 'task x', 'description': '', 'is_completed': False, 'labels': [], 'priority': 1, 'comment_count': 0, 'creator_id': '45681582', 'created_at': '2023-10-23T01:26:06.594887Z', 'due': None, 'url': 'https://todoist.com/showTask?id=7340602010', 'duration': None}, {'id': '7340602056', 'assigner_id': None, 'assignee_id': None, 'project_id': '2319576038', 'section_id': None, 'parent_id': None, 'order': 13, 'content': 'TASK UPDATED', 'description': '', 'is_completed': False, 'labels': [], 'priority': 1, 'comment_count': 0, 'creator_id': '45681582', 'created_at': '2023-10-23T01:26:08.011088Z', 'due': {'date': '2023-10-23', 'string': 'tomorrow at 08:00', 'lang': 'en', 'is_recurring': False, 'datetime': '2023-10-23T08:00:00'}, 'url': 'https://todoist.com/showTask?id=7340602056', 'duration': None}, {'id': '7340607849', 'assigner_id': None, 'assignee_id': None, 'project_id': '2319576038', 'section_id': None, 'parent_id': None, 'order': 14, 'content': 'TASK NEW', 'description': '', 'is_completed': False, 'labels': [], 'priority': 1, 'comment_count': 0, 'creator_id': '45681582', 'created_at': '2023-10-23T01:30:11.782129Z', 'due': {'date': '2023-10-23', 'string': 'tomorrow at 12:00', 'lang': 'en', 'is_recurring': False, 'datetime': '2023-10-23T12:00:00'}, 'url': 'https://todoist.com/showTask?id=7340607849', 'duration': None}, {'id': '7340607869', 'assigner_id': None, 'assignee_id': None, 'project_id': '2319576038', 'section_id': None, 'parent_id': None, 'order': 15, 'content': 'task x', 'description': '', 'is_completed': False, 'labels': [], 'priority': 1, 'comment_count': 0, 'creator_id': '45681582', 'created_at': '2023-10-23T01:30:12.618278Z', 'due': None, 'url': 'https://todoist.com/showTask?id=7340607869', 'duration': None}, {'id': '7340607914', 'assigner_id': None, 'assignee_id': None, 'project_id': '2319576038', 'section_id': None, 'parent_id': None, 'order': 16, 'content': 'TASK UPDATED', 'description': '', 'is_completed': False, 'labels': [], 'priority': 1, 'comment_count': 0, 'creator_id': '45681582', 'created_at': '2023-10-23T01:30:13.874003Z', 'due': {'date': '2023-10-23', 'string': 'tomorrow at 08:00', 'lang': 'en', 'is_recurring': False, 'datetime': '2023-10-23T08:00:00'}, 'url': 'https://todoist.com/showTask?id=7340607914', 'duration': None}, {'id': '7340612458', 'assigner_id': None, 'assignee_id': None, 'project_id': '2319576038', 'section_id': None, 'parent_id': None, 'order': 17, 'content': 'TASK NEW', 'description': '', 'is_completed': False, 'labels': [], 'priority': 1, 'comment_count': 0, 'creator_id': '45681582', 'created_at': '2023-10-23T01:33:11.196366Z', 'due': {'date': '2023-10-23', 'string': 'tomorrow at 12:00', 'lang': 'en', 'is_recurring': False, 'datetime': '2023-10-23T12:00:00'}, 'url': 'https://todoist.com/showTask?id=7340612458', 'duration': None}, {'id': '7340612476', 'assigner_id': None, 'assignee_id': None, 'project_id': '2319576038', 'section_id': None, 'parent_id': None, 'order': 18, 'content': 'task x', 'description': '', 'is_completed': False, 'labels': [], 'priority': 1, 'comment_count': 0, 'creator_id': '45681582', 'created_at': '2023-10-23T01:33:11.855623Z', 'due': None, 'url': 'https://todoist.com/showTask?id=7340612476', 'duration': None}, {'id': '7340612501', 'assigner_id': None, 'assignee_id': None, 'project_id': '2319576038', 'section_id': None, 'parent_id': None, 'order': 19, 'content': 'TASK UPDATED', 'description': '', 'is_completed': False, 'labels': [], 'priority': 1, 'comment_count': 0, 'creator_id': '45681582', 'created_at': '2023-10-23T01:33:12.715096Z', 'due': {'date': '2023-10-23', 'string': 'tomorrow at 08:00', 'lang': 'en', 'is_recurring': False, 'datetime': '2023-10-23T08:00:00'}, 'url': 'https://todoist.com/showTask?id=7340612501', 'duration': None}, {'id': '7340612551', 'assigner_id': None, 'assignee_id': None, 'project_id': '2319576038', 'section_id': None, 'parent_id': None, 'order': 20, 'content': 'task x', 'description': '', 'is_completed': False, 'labels': [], 'priority': 1, 'comment_count': 0, 'creator_id': '45681582', 'created_at': '2023-10-23T01:33:15.361592Z', 'due': None, 'url': 'https://todoist.com/showTask?id=7340612551', 'duration': None}], 'headers': {'Content-Type': 'application/json', 'Transfer-Encoding': 'chunked', 'Connection': 'keep-alive', 'Date': 'Mon, 23 Oct 2023 01:34:37 GMT', 'Access-Control-Allow-Credentials': 'false', 'Access-Control-Allow-Origin': '*', 'Content-Encoding': 'gzip', 'Referrer-Policy': 'strict-origin-when-cross-origin', 'Server': 'gunicorn', 'Strict-Transport-Security': 'max-age=31536000; includeSubDomains; preload', 'Vary': 'Accept-Encoding', 'X-Cache': 'Miss from cloudfront', 'Via': '1.1 a54f7f9af7b4580fd2094f5032b79ada.cloudfront.net (CloudFront)', 'X-Amz-Cf-Pop': 'SCL51-P4', 'X-Amz-Cf-Id': 'SAQJwwbfrbDtn7DmBDmcsyfm_eme9-ELjQrtJ3TLb6ARCSQlZZS3kA=='}, 'status': 200}
2023-10-22 21:34:37,222 UTC DEBUG    builtins        Status code from response: 200
2023-10-22 21:34:37,222 UTC DEBUG    builtins        Status code param: <class 'int'>
2023-10-22 21:34:37,222 UTC DEBUG    builtins        Status code response: <class 'int'>
2023-10-22 21:34:37,223 UTC DEBUG    builtins        Scenario tags: ['project_id']
2023-10-22 21:34:37,223 UTC INFO     utils.rest_client Method Name: post
2023-10-22 21:34:37,223 UTC INFO     utils.rest_client Endpoint (URL): https://api.todoist.com/rest/v2/projects
2023-10-22 21:34:38,027 UTC INFO     utils.rest_client Status code: 200
2023-10-22 21:34:38,027 UTC DEBUG    utils.rest_client Request: {'User-Agent': 'python-requests/2.31.0', 'Accept-Encoding': 'gzip, deflate', 'Accept': '*/*', 'Connection': 'keep-alive', 'Authorization': 'Bearer 3bb828df7836d71da0e9fdd090f6d0f66130044b', 'Cookie': 'tduser=v4.public.eyJ1c2VyX2lkIjogNDU2ODE1ODIsICJleHAiOiAiMjAyMy0xMS0wNlQwMTozNDozNiswMDowMCJ9JG0o0pIlfqZ1uyDUxHWETUc5JoFlVVhn1epqiGsvTYZMkEiU5j80k2ClbRR1xaREHZs5Xm2_MmwtI7ub0hQsAQ; csrf=4d05bb815a6647a29e60bfd9814b73bb', 'Content-Length': '14', 'Content-Type': 'application/x-www-form-urlencoded'}
2023-10-22 21:34:38,027 UTC INFO     utils.rest_client Response: {
	"id": "2322392849",
	"parent_id": null,
	"order": 2,
	"color": "charcoal",
	"name": "project x",
	"comment_count": 0,
	"is_shared": false,
	"is_favorite": false,
	"is_inbox_project": false,
	"is_team_inbox": false,
	"url": "https://todoist.com/showProject?id=2322392849",
	"view_style": "list"
}

2023-10-22 21:34:38,027 UTC DEBUG    builtins        Project id created: 2322392849
2023-10-22 21:34:38,028 UTC DEBUG    builtins        HEADERS: {'Authorization': 'Bearer 3bb828df7836d71da0e9fdd090f6d0f66130044b'}
2023-10-22 21:34:38,028 UTC DEBUG    builtins        URL: https://api.todoist.com/rest/v2/
2023-10-22 21:34:38,029 UTC DEBUG    builtins        JSON: {
  "content": "TASK NEW",
  "due_string": "tomorrow at 12:00"
}
2023-10-22 21:34:38,029 UTC DEBUG    builtins        Dictionary created: {'content': 'TASK NEW', 'due_string': 'tomorrow at 12:00'}
2023-10-22 21:34:38,029 UTC INFO     utils.rest_client Method Name: post
2023-10-22 21:34:38,030 UTC INFO     utils.rest_client Endpoint (URL): https://api.todoist.com/rest/v2/tasks
2023-10-22 21:34:38,641 UTC INFO     utils.rest_client Status code: 200
2023-10-22 21:34:38,641 UTC DEBUG    utils.rest_client Request: {'User-Agent': 'python-requests/2.31.0', 'Accept-Encoding': 'gzip, deflate', 'Accept': '*/*', 'Connection': 'keep-alive', 'Authorization': 'Bearer 3bb828df7836d71da0e9fdd090f6d0f66130044b', 'Cookie': 'tduser=v4.public.eyJ1c2VyX2lkIjogNDU2ODE1ODIsICJleHAiOiAiMjAyMy0xMS0wNlQwMTozNDozNiswMDowMCJ9JG0o0pIlfqZ1uyDUxHWETUc5JoFlVVhn1epqiGsvTYZMkEiU5j80k2ClbRR1xaREHZs5Xm2_MmwtI7ub0hQsAQ; csrf=4d05bb815a6647a29e60bfd9814b73bb', 'Content-Length': '47', 'Content-Type': 'application/x-www-form-urlencoded'}
2023-10-22 21:34:38,642 UTC INFO     utils.rest_client Response: {
	"id": "7340614567",
	"assigner_id": null,
	"assignee_id": null,
	"project_id": "2319576038",
	"section_id": null,
	"parent_id": null,
	"order": 21,
	"content": "TASK NEW",
	"description": "",
	"is_completed": false,
	"labels": [],
	"priority": 1,
	"comment_count": 0,
	"creator_id": "45681582",
	"created_at": "2023-10-23T01:34:38.488084Z",
	"due": {
		"date": "2023-10-23",
		"string": "tomorrow at 12:00",
		"lang": "en",
		"is_recurring": false,
		"datetime": "2023-10-23T12:00:00"
	},
	"url": "https://todoist.com/showTask?id=7340614567",
	"duration": null
}

2023-10-22 21:34:38,642 UTC DEBUG    builtins        Response: {'body': {'id': '7340614567', 'assigner_id': None, 'assignee_id': None, 'project_id': '2319576038', 'section_id': None, 'parent_id': None, 'order': 21, 'content': 'TASK NEW', 'description': '', 'is_completed': False, 'labels': [], 'priority': 1, 'comment_count': 0, 'creator_id': '45681582', 'created_at': '2023-10-23T01:34:38.488084Z', 'due': {'date': '2023-10-23', 'string': 'tomorrow at 12:00', 'lang': 'en', 'is_recurring': False, 'datetime': '2023-10-23T12:00:00'}, 'url': 'https://todoist.com/showTask?id=7340614567', 'duration': None}, 'headers': {'Content-Type': 'application/json', 'Content-Length': '566', 'Connection': 'keep-alive', 'Date': 'Mon, 23 Oct 2023 01:34:38 GMT', 'Access-Control-Allow-Credentials': 'false', 'Access-Control-Allow-Origin': '*', 'Cache-Control': 'no-cache', 'Referrer-Policy': 'strict-origin-when-cross-origin', 'Server': 'gunicorn', 'Strict-Transport-Security': 'max-age=31536000; includeSubDomains; preload', 'Vary': 'Accept-Encoding', 'X-Cache': 'Miss from cloudfront', 'Via': '1.1 a54f7f9af7b4580fd2094f5032b79ada.cloudfront.net (CloudFront)', 'X-Amz-Cf-Pop': 'SCL51-P4', 'X-Amz-Cf-Id': '6rnTtRq92zvBEpeprfVENrW0fRBugJKP8Fmb_f7jZP60zwcNoO_h6Q=='}, 'status': 200}
2023-10-22 21:34:38,643 UTC DEBUG    builtins        Status code from response: 200
2023-10-22 21:34:38,643 UTC DEBUG    builtins        Status code param: <class 'int'>
2023-10-22 21:34:38,643 UTC DEBUG    builtins        Status code response: <class 'int'>
2023-10-22 21:34:38,643 UTC DEBUG    builtins        Scenario tags: ['task_id']
2023-10-22 21:34:38,643 UTC INFO     utils.rest_client Method Name: post
2023-10-22 21:34:38,643 UTC INFO     utils.rest_client Endpoint (URL): https://api.todoist.com/rest/v2/tasks
2023-10-22 21:34:39,257 UTC INFO     utils.rest_client Status code: 200
2023-10-22 21:34:39,257 UTC DEBUG    utils.rest_client Request: {'User-Agent': 'python-requests/2.31.0', 'Accept-Encoding': 'gzip, deflate', 'Accept': '*/*', 'Connection': 'keep-alive', 'Authorization': 'Bearer 3bb828df7836d71da0e9fdd090f6d0f66130044b', 'Cookie': 'tduser=v4.public.eyJ1c2VyX2lkIjogNDU2ODE1ODIsICJleHAiOiAiMjAyMy0xMS0wNlQwMTozNDozNiswMDowMCJ9JG0o0pIlfqZ1uyDUxHWETUc5JoFlVVhn1epqiGsvTYZMkEiU5j80k2ClbRR1xaREHZs5Xm2_MmwtI7ub0hQsAQ; csrf=4d05bb815a6647a29e60bfd9814b73bb', 'Content-Length': '14', 'Content-Type': 'application/x-www-form-urlencoded'}
2023-10-22 21:34:39,257 UTC INFO     utils.rest_client Response: {
	"id": "7340614583",
	"assigner_id": null,
	"assignee_id": null,
	"project_id": "2319576038",
	"section_id": null,
	"parent_id": null,
	"order": 22,
	"content": "task x",
	"description": "",
	"is_completed": false,
	"labels": [],
	"priority": 1,
	"comment_count": 0,
	"creator_id": "45681582",
	"created_at": "2023-10-23T01:34:39.097872Z",
	"due": null,
	"url": "https://todoist.com/showTask?id=7340614583",
	"duration": null
}

2023-10-22 21:34:39,258 UTC DEBUG    builtins        Task id created: 7340614583
2023-10-22 21:34:39,258 UTC DEBUG    builtins        HEADERS: {'Authorization': 'Bearer 3bb828df7836d71da0e9fdd090f6d0f66130044b'}
2023-10-22 21:34:39,259 UTC DEBUG    builtins        URL: https://api.todoist.com/rest/v2/
2023-10-22 21:34:39,259 UTC INFO     utils.rest_client Method Name: get
2023-10-22 21:34:39,259 UTC INFO     utils.rest_client Endpoint (URL): https://api.todoist.com/rest/v2/tasks/7340614583
2023-10-22 21:34:39,766 UTC INFO     utils.rest_client Status code: 200
2023-10-22 21:34:39,766 UTC DEBUG    utils.rest_client Request: {'User-Agent': 'python-requests/2.31.0', 'Accept-Encoding': 'gzip, deflate', 'Accept': '*/*', 'Connection': 'keep-alive', 'Authorization': 'Bearer 3bb828df7836d71da0e9fdd090f6d0f66130044b', 'Cookie': 'tduser=v4.public.eyJ1c2VyX2lkIjogNDU2ODE1ODIsICJleHAiOiAiMjAyMy0xMS0wNlQwMTozNDozNiswMDowMCJ9JG0o0pIlfqZ1uyDUxHWETUc5JoFlVVhn1epqiGsvTYZMkEiU5j80k2ClbRR1xaREHZs5Xm2_MmwtI7ub0hQsAQ; csrf=4d05bb815a6647a29e60bfd9814b73bb'}
2023-10-22 21:34:39,766 UTC INFO     utils.rest_client Response: {
	"id": "7340614583",
	"assigner_id": null,
	"assignee_id": null,
	"project_id": "2319576038",
	"section_id": null,
	"parent_id": null,
	"order": 22,
	"content": "task x",
	"description": "",
	"is_completed": false,
	"labels": [],
	"priority": 1,
	"comment_count": 0,
	"creator_id": "45681582",
	"created_at": "2023-10-23T01:34:39.097872Z",
	"due": null,
	"url": "https://todoist.com/showTask?id=7340614583",
	"duration": null
}

2023-10-22 21:34:39,767 UTC DEBUG    builtins        Response: {'body': {'id': '7340614583', 'assigner_id': None, 'assignee_id': None, 'project_id': '2319576038', 'section_id': None, 'parent_id': None, 'order': 22, 'content': 'task x', 'description': '', 'is_completed': False, 'labels': [], 'priority': 1, 'comment_count': 0, 'creator_id': '45681582', 'created_at': '2023-10-23T01:34:39.097872Z', 'due': None, 'url': 'https://todoist.com/showTask?id=7340614583', 'duration': None}, 'headers': {'Content-Type': 'application/json', 'Content-Length': '430', 'Connection': 'keep-alive', 'Date': 'Mon, 23 Oct 2023 01:34:39 GMT', 'Access-Control-Allow-Credentials': 'false', 'Access-Control-Allow-Origin': '*', 'Referrer-Policy': 'strict-origin-when-cross-origin', 'Server': 'gunicorn', 'Strict-Transport-Security': 'max-age=31536000; includeSubDomains; preload', 'Vary': 'Accept-Encoding', 'X-Cache': 'Miss from cloudfront', 'Via': '1.1 a54f7f9af7b4580fd2094f5032b79ada.cloudfront.net (CloudFront)', 'X-Amz-Cf-Pop': 'SCL51-P4', 'X-Amz-Cf-Id': 'oRttHTIQX1O0IUYS-vephG8kFQ9xlGl58fkiZwmIeYcr_mFQ5un4UQ=='}, 'status': 200}
2023-10-22 21:34:39,767 UTC DEBUG    builtins        Status code from response: 200
2023-10-22 21:34:39,767 UTC DEBUG    builtins        Status code param: <class 'int'>
2023-10-22 21:34:39,767 UTC DEBUG    builtins        Status code response: <class 'int'>
2023-10-22 21:34:39,768 UTC DEBUG    builtins        Scenario tags: ['task_id']
2023-10-22 21:34:39,768 UTC INFO     utils.rest_client Method Name: post
2023-10-22 21:34:39,768 UTC INFO     utils.rest_client Endpoint (URL): https://api.todoist.com/rest/v2/tasks
2023-10-22 21:34:40,380 UTC INFO     utils.rest_client Status code: 200
2023-10-22 21:34:40,380 UTC DEBUG    utils.rest_client Request: {'User-Agent': 'python-requests/2.31.0', 'Accept-Encoding': 'gzip, deflate', 'Accept': '*/*', 'Connection': 'keep-alive', 'Authorization': 'Bearer 3bb828df7836d71da0e9fdd090f6d0f66130044b', 'Cookie': 'tduser=v4.public.eyJ1c2VyX2lkIjogNDU2ODE1ODIsICJleHAiOiAiMjAyMy0xMS0wNlQwMTozNDozNiswMDowMCJ9JG0o0pIlfqZ1uyDUxHWETUc5JoFlVVhn1epqiGsvTYZMkEiU5j80k2ClbRR1xaREHZs5Xm2_MmwtI7ub0hQsAQ; csrf=4d05bb815a6647a29e60bfd9814b73bb', 'Content-Length': '14', 'Content-Type': 'application/x-www-form-urlencoded'}
2023-10-22 21:34:40,380 UTC INFO     utils.rest_client Response: {
	"id": "7340614607",
	"assigner_id": null,
	"assignee_id": null,
	"project_id": "2319576038",
	"section_id": null,
	"parent_id": null,
	"order": 23,
	"content": "task x",
	"description": "",
	"is_completed": false,
	"labels": [],
	"priority": 1,
	"comment_count": 0,
	"creator_id": "45681582",
	"created_at": "2023-10-23T01:34:40.236243Z",
	"due": null,
	"url": "https://todoist.com/showTask?id=7340614607",
	"duration": null
}

2023-10-22 21:34:40,381 UTC DEBUG    builtins        Task id created: 7340614607
2023-10-22 21:34:40,381 UTC DEBUG    builtins        HEADERS: {'Authorization': 'Bearer 3bb828df7836d71da0e9fdd090f6d0f66130044b'}
2023-10-22 21:34:40,381 UTC DEBUG    builtins        URL: https://api.todoist.com/rest/v2/
2023-10-22 21:34:40,382 UTC DEBUG    builtins        JSON: {
  "content": "TASK UPDATED",
  "due_string": "tomorrow at 08:00"
}
2023-10-22 21:34:40,382 UTC DEBUG    builtins        Dictionary created: {'content': 'TASK UPDATED', 'due_string': 'tomorrow at 08:00'}
2023-10-22 21:34:40,382 UTC INFO     utils.rest_client Method Name: post
2023-10-22 21:34:40,382 UTC INFO     utils.rest_client Endpoint (URL): https://api.todoist.com/rest/v2/tasks/7340614607
2023-10-22 21:34:40,690 UTC INFO     utils.rest_client Status code: 200
2023-10-22 21:34:40,690 UTC DEBUG    utils.rest_client Request: {'User-Agent': 'python-requests/2.31.0', 'Accept-Encoding': 'gzip, deflate', 'Accept': '*/*', 'Connection': 'keep-alive', 'Authorization': 'Bearer 3bb828df7836d71da0e9fdd090f6d0f66130044b', 'Cookie': 'tduser=v4.public.eyJ1c2VyX2lkIjogNDU2ODE1ODIsICJleHAiOiAiMjAyMy0xMS0wNlQwMTozNDozNiswMDowMCJ9JG0o0pIlfqZ1uyDUxHWETUc5JoFlVVhn1epqiGsvTYZMkEiU5j80k2ClbRR1xaREHZs5Xm2_MmwtI7ub0hQsAQ; csrf=4d05bb815a6647a29e60bfd9814b73bb', 'Content-Length': '51', 'Content-Type': 'application/x-www-form-urlencoded'}
2023-10-22 21:34:40,690 UTC INFO     utils.rest_client Response: {
	"id": "7340614607",
	"assigner_id": null,
	"assignee_id": null,
	"project_id": "2319576038",
	"section_id": null,
	"parent_id": null,
	"order": 23,
	"content": "TASK UPDATED",
	"description": "",
	"is_completed": false,
	"labels": [],
	"priority": 1,
	"comment_count": 0,
	"creator_id": "45681582",
	"created_at": "2023-10-23T01:34:40.236243Z",
	"due": {
		"date": "2023-10-23",
		"string": "tomorrow at 08:00",
		"lang": "en",
		"is_recurring": false,
		"datetime": "2023-10-23T08:00:00"
	},
	"url": "https://todoist.com/showTask?id=7340614607",
	"duration": null
}

2023-10-22 21:34:40,691 UTC DEBUG    builtins        Response: {'body': {'id': '7340614607', 'assigner_id': None, 'assignee_id': None, 'project_id': '2319576038', 'section_id': None, 'parent_id': None, 'order': 23, 'content': 'TASK UPDATED', 'description': '', 'is_completed': False, 'labels': [], 'priority': 1, 'comment_count': 0, 'creator_id': '45681582', 'created_at': '2023-10-23T01:34:40.236243Z', 'due': {'date': '2023-10-23', 'string': 'tomorrow at 08:00', 'lang': 'en', 'is_recurring': False, 'datetime': '2023-10-23T08:00:00'}, 'url': 'https://todoist.com/showTask?id=7340614607', 'duration': None}, 'headers': {'Content-Type': 'application/json', 'Content-Length': '570', 'Connection': 'keep-alive', 'Date': 'Mon, 23 Oct 2023 01:34:40 GMT', 'Access-Control-Allow-Credentials': 'false', 'Access-Control-Allow-Origin': '*', 'Cache-Control': 'no-cache', 'Referrer-Policy': 'strict-origin-when-cross-origin', 'Server': 'gunicorn', 'Strict-Transport-Security': 'max-age=31536000; includeSubDomains; preload', 'Vary': 'Accept-Encoding', 'X-Cache': 'Miss from cloudfront', 'Via': '1.1 a54f7f9af7b4580fd2094f5032b79ada.cloudfront.net (CloudFront)', 'X-Amz-Cf-Pop': 'SCL51-P4', 'X-Amz-Cf-Id': 'rhSNlQ9ISx4zVRRD7sTa86PpUKYavh53wkUo0tFrXkQVb6w3gitugQ=='}, 'status': 200}
2023-10-22 21:34:40,691 UTC DEBUG    builtins        Status code from response: 200
2023-10-22 21:34:40,691 UTC DEBUG    builtins        Status code param: <class 'int'>
2023-10-22 21:34:40,692 UTC DEBUG    builtins        Status code response: <class 'int'>
2023-10-22 21:34:40,692 UTC DEBUG    builtins        Scenario tags: ['task_id']
2023-10-22 21:34:40,692 UTC INFO     utils.rest_client Method Name: post
2023-10-22 21:34:40,692 UTC INFO     utils.rest_client Endpoint (URL): https://api.todoist.com/rest/v2/tasks
2023-10-22 21:34:41,302 UTC INFO     utils.rest_client Status code: 200
2023-10-22 21:34:41,302 UTC DEBUG    utils.rest_client Request: {'User-Agent': 'python-requests/2.31.0', 'Accept-Encoding': 'gzip, deflate', 'Accept': '*/*', 'Connection': 'keep-alive', 'Authorization': 'Bearer 3bb828df7836d71da0e9fdd090f6d0f66130044b', 'Cookie': 'tduser=v4.public.eyJ1c2VyX2lkIjogNDU2ODE1ODIsICJleHAiOiAiMjAyMy0xMS0wNlQwMTozNDozNiswMDowMCJ9JG0o0pIlfqZ1uyDUxHWETUc5JoFlVVhn1epqiGsvTYZMkEiU5j80k2ClbRR1xaREHZs5Xm2_MmwtI7ub0hQsAQ; csrf=4d05bb815a6647a29e60bfd9814b73bb', 'Content-Length': '14', 'Content-Type': 'application/x-www-form-urlencoded'}
2023-10-22 21:34:41,303 UTC INFO     utils.rest_client Response: {
	"id": "7340614628",
	"assigner_id": null,
	"assignee_id": null,
	"project_id": "2319576038",
	"section_id": null,
	"parent_id": null,
	"order": 24,
	"content": "task x",
	"description": "",
	"is_completed": false,
	"labels": [],
	"priority": 1,
	"comment_count": 0,
	"creator_id": "45681582",
	"created_at": "2023-10-23T01:34:41.152338Z",
	"due": null,
	"url": "https://todoist.com/showTask?id=7340614628",
	"duration": null
}

2023-10-22 21:34:41,303 UTC DEBUG    builtins        Task id created: 7340614628
2023-10-22 21:34:41,304 UTC DEBUG    builtins        HEADERS: {'Authorization': 'Bearer 3bb828df7836d71da0e9fdd090f6d0f66130044b'}
2023-10-22 21:34:41,304 UTC DEBUG    builtins        URL: https://api.todoist.com/rest/v2/
2023-10-22 21:34:41,304 UTC INFO     utils.rest_client Method Name: post
2023-10-22 21:34:41,304 UTC INFO     utils.rest_client Endpoint (URL): https://api.todoist.com/rest/v2/tasks/7340614628/close
2023-10-22 21:34:42,120 UTC INFO     utils.rest_client Status code: 204
2023-10-22 21:34:42,120 UTC DEBUG    utils.rest_client Request: {'User-Agent': 'python-requests/2.31.0', 'Accept-Encoding': 'gzip, deflate', 'Accept': '*/*', 'Connection': 'keep-alive', 'Authorization': 'Bearer 3bb828df7836d71da0e9fdd090f6d0f66130044b', 'Cookie': 'tduser=v4.public.eyJ1c2VyX2lkIjogNDU2ODE1ODIsICJleHAiOiAiMjAyMy0xMS0wNlQwMTozNDozNiswMDowMCJ9JG0o0pIlfqZ1uyDUxHWETUc5JoFlVVhn1epqiGsvTYZMkEiU5j80k2ClbRR1xaREHZs5Xm2_MmwtI7ub0hQsAQ; csrf=4d05bb815a6647a29e60bfd9814b73bb', 'Content-Length': '0'}
2023-10-22 21:34:42,120 UTC INFO     utils.rest_client Response: 
2023-10-22 21:34:42,120 UTC DEBUG    builtins        Response: {'body': {'msg': 'No body content'}, 'headers': {'Content-Type': 'text/html; charset=utf-8', 'Connection': 'keep-alive', 'Date': 'Mon, 23 Oct 2023 01:34:42 GMT', 'Access-Control-Allow-Credentials': 'false', 'Access-Control-Allow-Origin': '*', 'Cache-Control': 'no-cache', 'Referrer-Policy': 'strict-origin-when-cross-origin', 'Server': 'gunicorn', 'Strict-Transport-Security': 'max-age=31536000; includeSubDomains; preload', 'Vary': 'Accept-Encoding', 'X-Cache': 'Miss from cloudfront', 'Via': '1.1 a54f7f9af7b4580fd2094f5032b79ada.cloudfront.net (CloudFront)', 'X-Amz-Cf-Pop': 'SCL51-P4', 'X-Amz-Cf-Id': '0b0TYL-1vTgndKUPPi6qsHbxQ8ICi0_Vu5zPzZFmhalHOerwyz4cJg=='}, 'status': 204}
2023-10-22 21:34:42,121 UTC INFO     utils.rest_client Method Name: delete
2023-10-22 21:34:42,121 UTC INFO     utils.rest_client Endpoint (URL): https://api.todoist.com/rest/v2/projects/2322392849
2023-10-22 21:34:42,838 UTC INFO     utils.rest_client Status code: 204
2023-10-22 21:34:42,838 UTC DEBUG    utils.rest_client Request: {'User-Agent': 'python-requests/2.31.0', 'Accept-Encoding': 'gzip, deflate', 'Accept': '*/*', 'Connection': 'keep-alive', 'Authorization': 'Bearer 3bb828df7836d71da0e9fdd090f6d0f66130044b', 'Cookie': 'tduser=v4.public.eyJ1c2VyX2lkIjogNDU2ODE1ODIsICJleHAiOiAiMjAyMy0xMS0wNlQwMTozNDozNiswMDowMCJ9JG0o0pIlfqZ1uyDUxHWETUc5JoFlVVhn1epqiGsvTYZMkEiU5j80k2ClbRR1xaREHZs5Xm2_MmwtI7ub0hQsAQ; csrf=4d05bb815a6647a29e60bfd9814b73bb', 'Content-Length': '0'}
2023-10-22 21:34:42,838 UTC INFO     utils.rest_client Response: 
2023-10-22 21:34:42,838 UTC INFO     builtins        Deleting project: 2322392849
