2023-10-23 16:41:34,111 UTC DEBUG    builtins        Headers before feature: {'Authorization': 'Bearer 3bb828df7836d71da0e9fdd090f6d0f66130044b'}
2023-10-23 16:41:34,111 UTC INFO     utils.rest_client Method Name: get
2023-10-23 16:41:34,111 UTC INFO     utils.rest_client Endpoint (URL): https://api.todoist.com/rest/v2/projects
2023-10-23 16:41:40,964 UTC INFO     utils.rest_client Status code: 200
2023-10-23 16:41:40,964 UTC DEBUG    utils.rest_client Request: {'User-Agent': 'python-requests/2.31.0', 'Accept-Encoding': 'gzip, deflate', 'Accept': '*/*', 'Connection': 'keep-alive', 'Authorization': 'Bearer 3bb828df7836d71da0e9fdd090f6d0f66130044b'}
2023-10-23 16:41:40,964 UTC INFO     utils.rest_client Response: [
	{
		"id": "2319576038",
		"parent_id": null,
		"order": 0,
		"color": "charcoal",
		"name": "Inbox",
		"comment_count": 0,
		"is_shared": false,
		"is_favorite": false,
		"is_inbox_project": true,
		"is_team_inbox": false,
		"url": "https://todoist.com/showProject?id=2319576038",
		"view_style": "list"
	},
	{
		"id": "2322258579",
		"parent_id": null,
		"order": 1,
		"color": "charcoal",
		"name": "PROJECT 1",
		"comment_count": 0,
		"is_shared": false,
		"is_favorite": false,
		"is_inbox_project": false,
		"is_team_inbox": false,
		"url": "https://todoist.com/showProject?id=2322258579",
		"view_style": "list"
	}
]

2023-10-23 16:41:40,965 UTC DEBUG    builtins        {'body': [{'id': '2319576038', 'parent_id': None, 'order': 0, 'color': 'charcoal', 'name': 'Inbox', 'comment_count': 0, 'is_shared': False, 'is_favorite': False, 'is_inbox_project': True, 'is_team_inbox': False, 'url': 'https://todoist.com/showProject?id=2319576038', 'view_style': 'list'}, {'id': '2322258579', 'parent_id': None, 'order': 1, 'color': 'charcoal', 'name': 'PROJECT 1', 'comment_count': 0, 'is_shared': False, 'is_favorite': False, 'is_inbox_project': False, 'is_team_inbox': False, 'url': 'https://todoist.com/showProject?id=2322258579', 'view_style': 'list'}], 'headers': {'Content-Type': 'application/json', 'Content-Length': '626', 'Connection': 'keep-alive', 'Date': 'Mon, 23 Oct 2023 20:41:40 GMT', 'Access-Control-Allow-Credentials': 'false', 'Access-Control-Allow-Origin': '*', 'Referrer-Policy': 'strict-origin-when-cross-origin', 'Server': 'gunicorn', 'Set-Cookie': 'csrf=cc9b8e75f425467bb34fbb033be94fc0; Expires=Thu, 20-Oct-2033 20:41:40 GMT; Secure; Path=/; SameSite=None, tduser=v4.public.eyJ1c2VyX2lkIjogNDU2ODE1ODIsICJleHAiOiAiMjAyMy0xMS0wNlQyMDo0MTo0MCswMDowMCJ9OTcrwK9nm6pAMGQOAxQ76iQvCmVpZjX-as2FBgcURFcC0WTfvGJNzetjOG1IpTQ0nUdpySoE1wd6AmCw5KbwAw; Domain=.todoist.com; Expires=Mon, 06-Nov-2023 20:41:40 GMT; Max-Age=1209600; Secure; HttpOnly; Path=/', 'Strict-Transport-Security': 'max-age=31536000; includeSubDomains; preload', 'Vary': 'Accept-Encoding', 'X-Cache': 'Miss from cloudfront', 'Via': '1.1 8e549689daceb1adfb27c798bb377b52.cloudfront.net (CloudFront)', 'X-Amz-Cf-Pop': 'LIM50-P1', 'X-Amz-Cf-Id': 'I9ulOaDRQw6k6AHSRZrxj1MLRR4JQBFk7hGWzS5gr3EpH5qgTZBnPw=='}, 'status': 200}
2023-10-23 16:41:40,965 UTC DEBUG    builtins        Scenario tags: ['label_id']
2023-10-23 16:41:40,966 UTC INFO     utils.rest_client Method Name: post
2023-10-23 16:41:40,966 UTC INFO     utils.rest_client Endpoint (URL): https://api.todoist.com/rest/v2/labels
2023-10-23 16:41:42,295 UTC INFO     utils.rest_client Status code: 200
2023-10-23 16:41:42,295 UTC DEBUG    utils.rest_client Request: {'User-Agent': 'python-requests/2.31.0', 'Accept-Encoding': 'gzip, deflate', 'Accept': '*/*', 'Connection': 'keep-alive', 'Authorization': 'Bearer 3bb828df7836d71da0e9fdd090f6d0f66130044b', 'Cookie': 'tduser=v4.public.eyJ1c2VyX2lkIjogNDU2ODE1ODIsICJleHAiOiAiMjAyMy0xMS0wNlQyMDo0MTo0MCswMDowMCJ9OTcrwK9nm6pAMGQOAxQ76iQvCmVpZjX-as2FBgcURFcC0WTfvGJNzetjOG1IpTQ0nUdpySoE1wd6AmCw5KbwAw; csrf=cc9b8e75f425467bb34fbb033be94fc0', 'Content-Length': '15', 'Content-Type': 'application/x-www-form-urlencoded'}
2023-10-23 16:41:42,295 UTC INFO     utils.rest_client Response: {
	"id": "2169491794",
	"name": "LABEL TEST",
	"order": 2,
	"color": "charcoal",
	"is_favorite": false
}

2023-10-23 16:41:42,295 UTC DEBUG    builtins        Label id created: 2169491794
2023-10-23 16:41:42,296 UTC DEBUG    builtins        HEADERS: {'Authorization': 'Bearer 3bb828df7836d71da0e9fdd090f6d0f66130044b'}
2023-10-23 16:41:42,296 UTC DEBUG    builtins        URL: https://api.todoist.com/rest/v2/
2023-10-23 16:41:42,297 UTC INFO     utils.rest_client Method Name: get
2023-10-23 16:41:42,297 UTC INFO     utils.rest_client Endpoint (URL): https://api.todoist.com/rest/v2/labels
2023-10-23 16:41:45,205 UTC INFO     utils.rest_client Status code: 200
2023-10-23 16:41:45,205 UTC DEBUG    utils.rest_client Request: {'User-Agent': 'python-requests/2.31.0', 'Accept-Encoding': 'gzip, deflate', 'Accept': '*/*', 'Connection': 'keep-alive', 'Authorization': 'Bearer 3bb828df7836d71da0e9fdd090f6d0f66130044b', 'Cookie': 'tduser=v4.public.eyJ1c2VyX2lkIjogNDU2ODE1ODIsICJleHAiOiAiMjAyMy0xMS0wNlQyMDo0MTo0MCswMDowMCJ9OTcrwK9nm6pAMGQOAxQ76iQvCmVpZjX-as2FBgcURFcC0WTfvGJNzetjOG1IpTQ0nUdpySoE1wd6AmCw5KbwAw; csrf=cc9b8e75f425467bb34fbb033be94fc0'}
2023-10-23 16:41:45,206 UTC INFO     utils.rest_client Response: [
	{
		"id": "2168770002",
		"name": "Label 2",
		"order": 1,
		"color": "charcoal",
		"is_favorite": false
	},
	{
		"id": "2169140605",
		"name": "Label 1",
		"order": 1,
		"color": "charcoal",
		"is_favorite": false
	},
	{
		"id": "2169491794",
		"name": "LABEL TEST",
		"order": 2,
		"color": "charcoal",
		"is_favorite": false
	}
]

2023-10-23 16:41:45,206 UTC DEBUG    builtins        Response: {'body': [{'id': '2168770002', 'name': 'Label 2', 'order': 1, 'color': 'charcoal', 'is_favorite': False}, {'id': '2169140605', 'name': 'Label 1', 'order': 1, 'color': 'charcoal', 'is_favorite': False}, {'id': '2169491794', 'name': 'LABEL TEST', 'order': 2, 'color': 'charcoal', 'is_favorite': False}], 'headers': {'Content-Type': 'application/json', 'Content-Length': '336', 'Connection': 'keep-alive', 'Date': 'Mon, 23 Oct 2023 20:41:45 GMT', 'Access-Control-Allow-Credentials': 'false', 'Access-Control-Allow-Origin': '*', 'Referrer-Policy': 'strict-origin-when-cross-origin', 'Server': 'gunicorn', 'Strict-Transport-Security': 'max-age=31536000; includeSubDomains; preload', 'Vary': 'Accept-Encoding', 'X-Cache': 'Miss from cloudfront', 'Via': '1.1 8e549689daceb1adfb27c798bb377b52.cloudfront.net (CloudFront)', 'X-Amz-Cf-Pop': 'LIM50-P1', 'X-Amz-Cf-Id': 'NqaNiDuGmNAjEv1mwKsar6_Dg6LS6cOLQ9cInRTQKXbl8kpAiNdoUg=='}, 'status': 200}
2023-10-23 16:41:45,207 UTC DEBUG    builtins        Status code from response: 200
2023-10-23 16:41:45,207 UTC DEBUG    builtins        Status code param: <class 'int'>
2023-10-23 16:41:45,207 UTC DEBUG    builtins        Status code response: <class 'int'>
2023-10-23 16:41:45,208 UTC INFO     utils.rest_client Method Name: delete
2023-10-23 16:41:45,208 UTC INFO     utils.rest_client Endpoint (URL): https://api.todoist.com/rest/v2/labels/2169491794
2023-10-23 16:41:45,653 UTC INFO     utils.rest_client Status code: 204
2023-10-23 16:41:45,654 UTC DEBUG    utils.rest_client Request: {'User-Agent': 'python-requests/2.31.0', 'Accept-Encoding': 'gzip, deflate', 'Accept': '*/*', 'Connection': 'keep-alive', 'Authorization': 'Bearer 3bb828df7836d71da0e9fdd090f6d0f66130044b', 'Cookie': 'tduser=v4.public.eyJ1c2VyX2lkIjogNDU2ODE1ODIsICJleHAiOiAiMjAyMy0xMS0wNlQyMDo0MTo0MCswMDowMCJ9OTcrwK9nm6pAMGQOAxQ76iQvCmVpZjX-as2FBgcURFcC0WTfvGJNzetjOG1IpTQ0nUdpySoE1wd6AmCw5KbwAw; csrf=cc9b8e75f425467bb34fbb033be94fc0', 'Content-Length': '0'}
2023-10-23 16:41:45,654 UTC INFO     utils.rest_client Response: 
2023-10-23 16:41:45,654 UTC INFO     builtins        Deleting label: 2169491794
2023-10-23 16:41:45,654 UTC DEBUG    builtins        Scenario tags: []
2023-10-23 16:41:45,655 UTC DEBUG    builtins        HEADERS: {'Authorization': 'Bearer 3bb828df7836d71da0e9fdd090f6d0f66130044b'}
2023-10-23 16:41:45,655 UTC DEBUG    builtins        URL: https://api.todoist.com/rest/v2/
2023-10-23 16:41:45,656 UTC DEBUG    builtins        JSON: {
  "name": "NEW LABEL"
}
2023-10-23 16:41:45,656 UTC DEBUG    builtins        Dictionary created: {'name': 'NEW LABEL'}
2023-10-23 16:41:45,656 UTC INFO     utils.rest_client Method Name: post
2023-10-23 16:41:45,656 UTC INFO     utils.rest_client Endpoint (URL): https://api.todoist.com/rest/v2/labels
2023-10-23 16:41:51,475 UTC INFO     utils.rest_client Status code: 200
2023-10-23 16:41:51,475 UTC DEBUG    utils.rest_client Request: {'User-Agent': 'python-requests/2.31.0', 'Accept-Encoding': 'gzip, deflate', 'Accept': '*/*', 'Connection': 'keep-alive', 'Authorization': 'Bearer 3bb828df7836d71da0e9fdd090f6d0f66130044b', 'Cookie': 'tduser=v4.public.eyJ1c2VyX2lkIjogNDU2ODE1ODIsICJleHAiOiAiMjAyMy0xMS0wNlQyMDo0MTo0MCswMDowMCJ9OTcrwK9nm6pAMGQOAxQ76iQvCmVpZjX-as2FBgcURFcC0WTfvGJNzetjOG1IpTQ0nUdpySoE1wd6AmCw5KbwAw; csrf=cc9b8e75f425467bb34fbb033be94fc0', 'Content-Length': '14', 'Content-Type': 'application/x-www-form-urlencoded'}
2023-10-23 16:41:51,475 UTC INFO     utils.rest_client Response: {
	"id": "2169491798",
	"name": "NEW LABEL",
	"order": 2,
	"color": "charcoal",
	"is_favorite": false
}

2023-10-23 16:41:51,475 UTC DEBUG    builtins        Response: {'body': {'id': '2169491798', 'name': 'NEW LABEL', 'order': 2, 'color': 'charcoal', 'is_favorite': False}, 'headers': {'Content-Type': 'application/json', 'Content-Length': '104', 'Connection': 'keep-alive', 'Date': 'Mon, 23 Oct 2023 20:41:51 GMT', 'Access-Control-Allow-Credentials': 'false', 'Access-Control-Allow-Origin': '*', 'Cache-Control': 'no-cache', 'Referrer-Policy': 'strict-origin-when-cross-origin', 'Server': 'gunicorn', 'Strict-Transport-Security': 'max-age=31536000; includeSubDomains; preload', 'Vary': 'Accept-Encoding', 'X-Cache': 'Miss from cloudfront', 'Via': '1.1 8e549689daceb1adfb27c798bb377b52.cloudfront.net (CloudFront)', 'X-Amz-Cf-Pop': 'LIM50-P1', 'X-Amz-Cf-Id': 'xJCXAxUGzyQR0--f0M4-KSIxZHs_4mMpvRyv7VE2oaESQB9VBzec4A=='}, 'status': 200}
2023-10-23 16:41:51,476 UTC DEBUG    builtins        Status code from response: 200
2023-10-23 16:41:51,476 UTC DEBUG    builtins        Status code param: <class 'int'>
2023-10-23 16:41:51,476 UTC DEBUG    builtins        Status code response: <class 'int'>
2023-10-23 16:41:51,476 UTC INFO     utils.rest_client Method Name: delete
2023-10-23 16:41:51,476 UTC INFO     utils.rest_client Endpoint (URL): https://api.todoist.com/rest/v2/labels/2169491794
2023-10-23 16:41:58,445 UTC INFO     utils.rest_client Status code: 204
2023-10-23 16:41:58,445 UTC DEBUG    utils.rest_client Request: {'User-Agent': 'python-requests/2.31.0', 'Accept-Encoding': 'gzip, deflate', 'Accept': '*/*', 'Connection': 'keep-alive', 'Authorization': 'Bearer 3bb828df7836d71da0e9fdd090f6d0f66130044b', 'Cookie': 'tduser=v4.public.eyJ1c2VyX2lkIjogNDU2ODE1ODIsICJleHAiOiAiMjAyMy0xMS0wNlQyMDo0MTo0MCswMDowMCJ9OTcrwK9nm6pAMGQOAxQ76iQvCmVpZjX-as2FBgcURFcC0WTfvGJNzetjOG1IpTQ0nUdpySoE1wd6AmCw5KbwAw; csrf=cc9b8e75f425467bb34fbb033be94fc0', 'Content-Length': '0'}
2023-10-23 16:41:58,446 UTC INFO     utils.rest_client Response: 
2023-10-23 16:41:58,446 UTC INFO     builtins        Deleting label: 2169491794
2023-10-23 16:41:58,446 UTC INFO     utils.rest_client Method Name: delete
2023-10-23 16:41:58,446 UTC INFO     utils.rest_client Endpoint (URL): https://api.todoist.com/rest/v2/labels/2169491798
2023-10-23 16:42:11,809 UTC INFO     utils.rest_client Status code: 204
2023-10-23 16:42:11,810 UTC DEBUG    utils.rest_client Request: {'User-Agent': 'python-requests/2.31.0', 'Accept-Encoding': 'gzip, deflate', 'Accept': '*/*', 'Connection': 'keep-alive', 'Authorization': 'Bearer 3bb828df7836d71da0e9fdd090f6d0f66130044b', 'Cookie': 'tduser=v4.public.eyJ1c2VyX2lkIjogNDU2ODE1ODIsICJleHAiOiAiMjAyMy0xMS0wNlQyMDo0MTo0MCswMDowMCJ9OTcrwK9nm6pAMGQOAxQ76iQvCmVpZjX-as2FBgcURFcC0WTfvGJNzetjOG1IpTQ0nUdpySoE1wd6AmCw5KbwAw; csrf=cc9b8e75f425467bb34fbb033be94fc0', 'Content-Length': '0'}
2023-10-23 16:42:11,810 UTC INFO     utils.rest_client Response: 
2023-10-23 16:42:11,810 UTC INFO     builtins        Deleting label: 2169491798
2023-10-23 16:42:11,810 UTC DEBUG    builtins        Scenario tags: ['label_id']
2023-10-23 16:42:11,811 UTC INFO     utils.rest_client Method Name: post
2023-10-23 16:42:11,811 UTC INFO     utils.rest_client Endpoint (URL): https://api.todoist.com/rest/v2/labels
2023-10-23 16:42:14,772 UTC INFO     utils.rest_client Status code: 200
2023-10-23 16:42:14,772 UTC DEBUG    utils.rest_client Request: {'User-Agent': 'python-requests/2.31.0', 'Accept-Encoding': 'gzip, deflate', 'Accept': '*/*', 'Connection': 'keep-alive', 'Authorization': 'Bearer 3bb828df7836d71da0e9fdd090f6d0f66130044b', 'Cookie': 'tduser=v4.public.eyJ1c2VyX2lkIjogNDU2ODE1ODIsICJleHAiOiAiMjAyMy0xMS0wNlQyMDo0MTo0MCswMDowMCJ9OTcrwK9nm6pAMGQOAxQ76iQvCmVpZjX-as2FBgcURFcC0WTfvGJNzetjOG1IpTQ0nUdpySoE1wd6AmCw5KbwAw; csrf=cc9b8e75f425467bb34fbb033be94fc0', 'Content-Length': '15', 'Content-Type': 'application/x-www-form-urlencoded'}
2023-10-23 16:42:14,773 UTC INFO     utils.rest_client Response: {
	"id": "2169491805",
	"name": "LABEL TEST",
	"order": 2,
	"color": "charcoal",
	"is_favorite": false
}

2023-10-23 16:42:14,773 UTC DEBUG    builtins        Label id created: 2169491805
2023-10-23 16:42:14,773 UTC DEBUG    builtins        HEADERS: {'Authorization': 'Bearer 3bb828df7836d71da0e9fdd090f6d0f66130044b'}
2023-10-23 16:42:14,773 UTC DEBUG    builtins        URL: https://api.todoist.com/rest/v2/
2023-10-23 16:42:14,774 UTC INFO     utils.rest_client Method Name: get
2023-10-23 16:42:14,774 UTC INFO     utils.rest_client Endpoint (URL): https://api.todoist.com/rest/v2/labels/2169491805
2023-10-23 16:42:24,993 UTC INFO     utils.rest_client Status code: 200
2023-10-23 16:42:24,993 UTC DEBUG    utils.rest_client Request: {'User-Agent': 'python-requests/2.31.0', 'Accept-Encoding': 'gzip, deflate', 'Accept': '*/*', 'Connection': 'keep-alive', 'Authorization': 'Bearer 3bb828df7836d71da0e9fdd090f6d0f66130044b', 'Cookie': 'tduser=v4.public.eyJ1c2VyX2lkIjogNDU2ODE1ODIsICJleHAiOiAiMjAyMy0xMS0wNlQyMDo0MTo0MCswMDowMCJ9OTcrwK9nm6pAMGQOAxQ76iQvCmVpZjX-as2FBgcURFcC0WTfvGJNzetjOG1IpTQ0nUdpySoE1wd6AmCw5KbwAw; csrf=cc9b8e75f425467bb34fbb033be94fc0'}
2023-10-23 16:42:24,993 UTC INFO     utils.rest_client Response: {
	"id": "2169491805",
	"name": "LABEL TEST",
	"order": 2,
	"color": "charcoal",
	"is_favorite": false
}

2023-10-23 16:42:24,993 UTC DEBUG    builtins        Response: {'body': {'id': '2169491805', 'name': 'LABEL TEST', 'order': 2, 'color': 'charcoal', 'is_favorite': False}, 'headers': {'Content-Type': 'application/json', 'Content-Length': '105', 'Connection': 'keep-alive', 'Date': 'Mon, 23 Oct 2023 20:42:24 GMT', 'Access-Control-Allow-Credentials': 'false', 'Access-Control-Allow-Origin': '*', 'Referrer-Policy': 'strict-origin-when-cross-origin', 'Server': 'gunicorn', 'Strict-Transport-Security': 'max-age=31536000; includeSubDomains; preload', 'Vary': 'Accept-Encoding', 'X-Cache': 'Miss from cloudfront', 'Via': '1.1 8e549689daceb1adfb27c798bb377b52.cloudfront.net (CloudFront)', 'X-Amz-Cf-Pop': 'LIM50-P1', 'X-Amz-Cf-Id': 'c2uuDm7leXRXrxkN2S4oH_Xq7iJV7z4gtRGi5RhY-1AsygoytjPNrw=='}, 'status': 200}
2023-10-23 16:42:24,994 UTC DEBUG    builtins        Status code from response: 200
2023-10-23 16:42:24,994 UTC DEBUG    builtins        Status code param: <class 'int'>
2023-10-23 16:42:24,995 UTC DEBUG    builtins        Status code response: <class 'int'>
2023-10-23 16:42:24,995 UTC INFO     utils.rest_client Method Name: delete
2023-10-23 16:42:24,995 UTC INFO     utils.rest_client Endpoint (URL): https://api.todoist.com/rest/v2/labels/2169491794
2023-10-23 16:42:28,238 UTC INFO     utils.rest_client Status code: 204
2023-10-23 16:42:28,238 UTC DEBUG    utils.rest_client Request: {'User-Agent': 'python-requests/2.31.0', 'Accept-Encoding': 'gzip, deflate', 'Accept': '*/*', 'Connection': 'keep-alive', 'Authorization': 'Bearer 3bb828df7836d71da0e9fdd090f6d0f66130044b', 'Cookie': 'tduser=v4.public.eyJ1c2VyX2lkIjogNDU2ODE1ODIsICJleHAiOiAiMjAyMy0xMS0wNlQyMDo0MTo0MCswMDowMCJ9OTcrwK9nm6pAMGQOAxQ76iQvCmVpZjX-as2FBgcURFcC0WTfvGJNzetjOG1IpTQ0nUdpySoE1wd6AmCw5KbwAw; csrf=cc9b8e75f425467bb34fbb033be94fc0', 'Content-Length': '0'}
2023-10-23 16:42:28,238 UTC INFO     utils.rest_client Response: 
2023-10-23 16:42:28,238 UTC INFO     builtins        Deleting label: 2169491794
2023-10-23 16:42:28,238 UTC INFO     utils.rest_client Method Name: delete
2023-10-23 16:42:28,239 UTC INFO     utils.rest_client Endpoint (URL): https://api.todoist.com/rest/v2/labels/2169491798
2023-10-23 16:42:32,412 UTC INFO     utils.rest_client Status code: 204
2023-10-23 16:42:32,412 UTC DEBUG    utils.rest_client Request: {'User-Agent': 'python-requests/2.31.0', 'Accept-Encoding': 'gzip, deflate', 'Accept': '*/*', 'Connection': 'keep-alive', 'Authorization': 'Bearer 3bb828df7836d71da0e9fdd090f6d0f66130044b', 'Cookie': 'tduser=v4.public.eyJ1c2VyX2lkIjogNDU2ODE1ODIsICJleHAiOiAiMjAyMy0xMS0wNlQyMDo0MTo0MCswMDowMCJ9OTcrwK9nm6pAMGQOAxQ76iQvCmVpZjX-as2FBgcURFcC0WTfvGJNzetjOG1IpTQ0nUdpySoE1wd6AmCw5KbwAw; csrf=cc9b8e75f425467bb34fbb033be94fc0', 'Content-Length': '0'}
2023-10-23 16:42:32,412 UTC INFO     utils.rest_client Response: 
2023-10-23 16:42:32,412 UTC INFO     builtins        Deleting label: 2169491798
2023-10-23 16:42:32,412 UTC INFO     utils.rest_client Method Name: delete
2023-10-23 16:42:32,413 UTC INFO     utils.rest_client Endpoint (URL): https://api.todoist.com/rest/v2/labels/2169491805
2023-10-23 16:42:34,003 UTC INFO     utils.rest_client Status code: 204
2023-10-23 16:42:34,004 UTC DEBUG    utils.rest_client Request: {'User-Agent': 'python-requests/2.31.0', 'Accept-Encoding': 'gzip, deflate', 'Accept': '*/*', 'Connection': 'keep-alive', 'Authorization': 'Bearer 3bb828df7836d71da0e9fdd090f6d0f66130044b', 'Cookie': 'tduser=v4.public.eyJ1c2VyX2lkIjogNDU2ODE1ODIsICJleHAiOiAiMjAyMy0xMS0wNlQyMDo0MTo0MCswMDowMCJ9OTcrwK9nm6pAMGQOAxQ76iQvCmVpZjX-as2FBgcURFcC0WTfvGJNzetjOG1IpTQ0nUdpySoE1wd6AmCw5KbwAw; csrf=cc9b8e75f425467bb34fbb033be94fc0', 'Content-Length': '0'}
2023-10-23 16:42:34,004 UTC INFO     utils.rest_client Response: 
2023-10-23 16:42:34,004 UTC INFO     builtins        Deleting label: 2169491805
2023-10-23 16:42:34,004 UTC INFO     utils.rest_client Method Name: delete
2023-10-23 16:42:34,005 UTC INFO     utils.rest_client Endpoint (URL): https://api.todoist.com/rest/v2/labels/2169491794
2023-10-23 16:42:35,913 UTC INFO     utils.rest_client Status code: 204
2023-10-23 16:42:35,913 UTC DEBUG    utils.rest_client Request: {'User-Agent': 'python-requests/2.31.0', 'Accept-Encoding': 'gzip, deflate', 'Accept': '*/*', 'Connection': 'keep-alive', 'Authorization': 'Bearer 3bb828df7836d71da0e9fdd090f6d0f66130044b', 'Cookie': 'tduser=v4.public.eyJ1c2VyX2lkIjogNDU2ODE1ODIsICJleHAiOiAiMjAyMy0xMS0wNlQyMDo0MTo0MCswMDowMCJ9OTcrwK9nm6pAMGQOAxQ76iQvCmVpZjX-as2FBgcURFcC0WTfvGJNzetjOG1IpTQ0nUdpySoE1wd6AmCw5KbwAw; csrf=cc9b8e75f425467bb34fbb033be94fc0', 'Content-Length': '0'}
2023-10-23 16:42:35,913 UTC INFO     utils.rest_client Response: 
2023-10-23 16:42:35,913 UTC INFO     builtins        Deleting label: 2169491794
2023-10-23 16:42:35,913 UTC INFO     utils.rest_client Method Name: delete
2023-10-23 16:42:35,914 UTC INFO     utils.rest_client Endpoint (URL): https://api.todoist.com/rest/v2/labels/2169491798
2023-10-23 16:42:38,144 UTC INFO     utils.rest_client Status code: 204
2023-10-23 16:42:38,144 UTC DEBUG    utils.rest_client Request: {'User-Agent': 'python-requests/2.31.0', 'Accept-Encoding': 'gzip, deflate', 'Accept': '*/*', 'Connection': 'keep-alive', 'Authorization': 'Bearer 3bb828df7836d71da0e9fdd090f6d0f66130044b', 'Cookie': 'tduser=v4.public.eyJ1c2VyX2lkIjogNDU2ODE1ODIsICJleHAiOiAiMjAyMy0xMS0wNlQyMDo0MTo0MCswMDowMCJ9OTcrwK9nm6pAMGQOAxQ76iQvCmVpZjX-as2FBgcURFcC0WTfvGJNzetjOG1IpTQ0nUdpySoE1wd6AmCw5KbwAw; csrf=cc9b8e75f425467bb34fbb033be94fc0', 'Content-Length': '0'}
2023-10-23 16:42:38,144 UTC INFO     utils.rest_client Response: 
2023-10-23 16:42:38,145 UTC INFO     builtins        Deleting label: 2169491798
2023-10-23 16:42:38,145 UTC INFO     utils.rest_client Method Name: delete
2023-10-23 16:42:38,145 UTC INFO     utils.rest_client Endpoint (URL): https://api.todoist.com/rest/v2/labels/2169491805
2023-10-23 16:42:47,011 UTC INFO     utils.rest_client Status code: 204
2023-10-23 16:42:47,011 UTC DEBUG    utils.rest_client Request: {'User-Agent': 'python-requests/2.31.0', 'Accept-Encoding': 'gzip, deflate', 'Accept': '*/*', 'Connection': 'keep-alive', 'Authorization': 'Bearer 3bb828df7836d71da0e9fdd090f6d0f66130044b', 'Cookie': 'tduser=v4.public.eyJ1c2VyX2lkIjogNDU2ODE1ODIsICJleHAiOiAiMjAyMy0xMS0wNlQyMDo0MTo0MCswMDowMCJ9OTcrwK9nm6pAMGQOAxQ76iQvCmVpZjX-as2FBgcURFcC0WTfvGJNzetjOG1IpTQ0nUdpySoE1wd6AmCw5KbwAw; csrf=cc9b8e75f425467bb34fbb033be94fc0', 'Content-Length': '0'}
2023-10-23 16:42:47,011 UTC INFO     utils.rest_client Response: 
2023-10-23 16:42:47,011 UTC INFO     builtins        Deleting label: 2169491805
