2023-10-23 11:20:47,238 UTC DEBUG    builtins        Headers before feature: {'Authorization': 'Bearer 3bb828df7836d71da0e9fdd090f6d0f66130044b'}
2023-10-23 11:20:47,238 UTC INFO     utils.rest_client Method Name: get
2023-10-23 11:20:47,238 UTC INFO     utils.rest_client Endpoint (URL): https://api.todoist.com/rest/v2/projects
2023-10-23 11:20:47,950 UTC INFO     utils.rest_client Status code: 200
2023-10-23 11:20:47,950 UTC DEBUG    utils.rest_client Request: {'User-Agent': 'python-requests/2.31.0', 'Accept-Encoding': 'gzip, deflate', 'Accept': '*/*', 'Connection': 'keep-alive', 'Authorization': 'Bearer 3bb828df7836d71da0e9fdd090f6d0f66130044b'}
2023-10-23 11:20:47,950 UTC INFO     utils.rest_client Response: [
	{
		"id": "2319576038",
		"parent_id": null,
		"order": 0,
		"color": "charcoal",
		"name": "Inbox",
		"comment_count": 0,
		"is_shared": false,
		"is_favorite": false,
		"is_inbox_project": true,
		"is_team_inbox": false,
		"url": "https://todoist.com/showProject?id=2319576038",
		"view_style": "list"
	},
	{
		"id": "2322258579",
		"parent_id": null,
		"order": 1,
		"color": "charcoal",
		"name": "PROJECT 1",
		"comment_count": 0,
		"is_shared": false,
		"is_favorite": false,
		"is_inbox_project": false,
		"is_team_inbox": false,
		"url": "https://todoist.com/showProject?id=2322258579",
		"view_style": "list"
	}
]

2023-10-23 11:20:47,951 UTC DEBUG    builtins        {'body': [{'id': '2319576038', 'parent_id': None, 'order': 0, 'color': 'charcoal', 'name': 'Inbox', 'comment_count': 0, 'is_shared': False, 'is_favorite': False, 'is_inbox_project': True, 'is_team_inbox': False, 'url': 'https://todoist.com/showProject?id=2319576038', 'view_style': 'list'}, {'id': '2322258579', 'parent_id': None, 'order': 1, 'color': 'charcoal', 'name': 'PROJECT 1', 'comment_count': 0, 'is_shared': False, 'is_favorite': False, 'is_inbox_project': False, 'is_team_inbox': False, 'url': 'https://todoist.com/showProject?id=2322258579', 'view_style': 'list'}], 'headers': {'Content-Type': 'application/json', 'Content-Length': '626', 'Connection': 'keep-alive', 'Date': 'Mon, 23 Oct 2023 15:20:47 GMT', 'Access-Control-Allow-Credentials': 'false', 'Access-Control-Allow-Origin': '*', 'Referrer-Policy': 'strict-origin-when-cross-origin', 'Server': 'gunicorn', 'Set-Cookie': 'csrf=66702079caf3474ea844e9f58a2c2950; Expires=Thu, 20-Oct-2033 15:20:47 GMT; Secure; Path=/; SameSite=None, tduser=v4.public.eyJ1c2VyX2lkIjogNDU2ODE1ODIsICJleHAiOiAiMjAyMy0xMS0wNlQxNToyMDo0NyswMDowMCJ9Zf-n76njfDjXZXGq96TvUrOSWryh15ZhxAY-VP6g-jPOgAbu9WuL0sJLEmWRLAMQCecq4GNP499_90tU_lJyBg; Domain=.todoist.com; Expires=Mon, 06-Nov-2023 15:20:47 GMT; Max-Age=1209600; Secure; HttpOnly; Path=/', 'Strict-Transport-Security': 'max-age=31536000; includeSubDomains; preload', 'Vary': 'Accept-Encoding', 'X-Cache': 'Miss from cloudfront', 'Via': '1.1 af3d2c4aae84cb3609a51b4e8756647a.cloudfront.net (CloudFront)', 'X-Amz-Cf-Pop': 'LIM50-P1', 'X-Amz-Cf-Id': 'i_AlbMDMlXibzSFIFaBG-XvVBK6eVlwgMcykM3VYa5id9skDd7yz4Q=='}, 'status': 200}
2023-10-23 11:20:47,951 UTC DEBUG    builtins        Scenario tags: []
2023-10-23 11:20:47,952 UTC DEBUG    builtins        HEADERS: {'Authorization': 'Bearer 3bb828df7836d71da0e9fdd090f6d0f66130044b'}
2023-10-23 11:20:47,952 UTC DEBUG    builtins        URL: https://api.todoist.com/rest/v2/
2023-10-23 11:20:47,953 UTC DEBUG    builtins        JSON: {
  "name": "NEW LABEL"
}
2023-10-23 11:20:47,953 UTC DEBUG    builtins        Dictionary created: {'name': 'NEW LABEL'}
2023-10-23 11:20:47,953 UTC INFO     utils.rest_client Method Name: post
2023-10-23 11:20:47,953 UTC INFO     utils.rest_client Endpoint (URL): https://api.todoist.com/rest/v2/labels
2023-10-23 11:20:48,336 UTC ERROR    utils.rest_client HTTP error: 400 Client Error: Bad Request for url: https://api.todoist.com/rest/v2/labels
2023-10-23 11:20:48,336 UTC DEBUG    builtins        Response: {'body': {'msg': 'Label with this name already exists'}, 'headers': {'Content-Type': 'text/plain; charset=utf-8', 'Content-Length': '35', 'Connection': 'keep-alive', 'Date': 'Mon, 23 Oct 2023 15:20:48 GMT', 'Access-Control-Allow-Credentials': 'false', 'Access-Control-Allow-Origin': '*', 'Cache-Control': 'no-cache', 'Referrer-Policy': 'strict-origin-when-cross-origin', 'Server': 'gunicorn', 'Strict-Transport-Security': 'max-age=31536000; includeSubDomains; preload', 'Vary': 'Accept-Encoding', 'X-Cache': 'Error from cloudfront', 'Via': '1.1 af3d2c4aae84cb3609a51b4e8756647a.cloudfront.net (CloudFront)', 'X-Amz-Cf-Pop': 'LIM50-P1', 'X-Amz-Cf-Id': 'uJjHLU_2Nd2C9TcvtIln72h-yKMQ55lUzgs7chG08S7NqUouAfh_Mg=='}, 'status': 400}
