2023-10-23 12:44:58,855 UTC DEBUG    builtins        Headers before feature: {'Authorization': 'Bearer 3bb828df7836d71da0e9fdd090f6d0f66130044b'}
2023-10-23 12:44:58,856 UTC INFO     utils.rest_client Method Name: get
2023-10-23 12:44:58,856 UTC INFO     utils.rest_client Endpoint (URL): https://api.todoist.com/rest/v2/projects
2023-10-23 12:45:00,974 UTC INFO     utils.rest_client Status code: 200
2023-10-23 12:45:00,974 UTC DEBUG    utils.rest_client Request: {'User-Agent': 'python-requests/2.31.0', 'Accept-Encoding': 'gzip, deflate', 'Accept': '*/*', 'Connection': 'keep-alive', 'Authorization': 'Bearer 3bb828df7836d71da0e9fdd090f6d0f66130044b'}
2023-10-23 12:45:00,974 UTC INFO     utils.rest_client Response: [
	{
		"id": "2319576038",
		"parent_id": null,
		"order": 0,
		"color": "charcoal",
		"name": "Inbox",
		"comment_count": 0,
		"is_shared": false,
		"is_favorite": false,
		"is_inbox_project": true,
		"is_team_inbox": false,
		"url": "https://todoist.com/showProject?id=2319576038",
		"view_style": "list"
	},
	{
		"id": "2322258579",
		"parent_id": null,
		"order": 1,
		"color": "charcoal",
		"name": "PROJECT 1",
		"comment_count": 0,
		"is_shared": false,
		"is_favorite": false,
		"is_inbox_project": false,
		"is_team_inbox": false,
		"url": "https://todoist.com/showProject?id=2322258579",
		"view_style": "list"
	}
]

2023-10-23 12:45:00,975 UTC DEBUG    builtins        {'body': [{'id': '2319576038', 'parent_id': None, 'order': 0, 'color': 'charcoal', 'name': 'Inbox', 'comment_count': 0, 'is_shared': False, 'is_favorite': False, 'is_inbox_project': True, 'is_team_inbox': False, 'url': 'https://todoist.com/showProject?id=2319576038', 'view_style': 'list'}, {'id': '2322258579', 'parent_id': None, 'order': 1, 'color': 'charcoal', 'name': 'PROJECT 1', 'comment_count': 0, 'is_shared': False, 'is_favorite': False, 'is_inbox_project': False, 'is_team_inbox': False, 'url': 'https://todoist.com/showProject?id=2322258579', 'view_style': 'list'}], 'headers': {'Content-Type': 'application/json', 'Content-Length': '626', 'Connection': 'keep-alive', 'Date': 'Mon, 23 Oct 2023 16:45:00 GMT', 'Access-Control-Allow-Credentials': 'false', 'Access-Control-Allow-Origin': '*', 'Referrer-Policy': 'strict-origin-when-cross-origin', 'Server': 'gunicorn', 'Set-Cookie': 'csrf=869bb534088640f09b3aeb5674164b59; Expires=Thu, 20-Oct-2033 16:45:00 GMT; Secure; Path=/; SameSite=None, tduser=v4.public.eyJ1c2VyX2lkIjogNDU2ODE1ODIsICJleHAiOiAiMjAyMy0xMS0wNlQxNjo0NTowMCswMDowMCJ9rWRseb4eUWrIGmQZRevarQCqHa1y7c7zgRfvuI054R3dE6SVubmdlRvw9lRazhR2RykGM4Y952ZIVPCu_ylZBQ; Domain=.todoist.com; Expires=Mon, 06-Nov-2023 16:45:00 GMT; Max-Age=1209600; Secure; HttpOnly; Path=/', 'Strict-Transport-Security': 'max-age=31536000; includeSubDomains; preload', 'Vary': 'Accept-Encoding', 'X-Cache': 'Miss from cloudfront', 'Via': '1.1 c3f52c6e51c79b76b85ae5ed7c2503a6.cloudfront.net (CloudFront)', 'X-Amz-Cf-Pop': 'LIM50-P1', 'X-Amz-Cf-Id': 'QR1Y15gmr6gZ5skSHT0gAO_OTweThQ3h8jFGTalMlWf0WfFhntsXcg=='}, 'status': 200}
2023-10-23 12:45:00,975 UTC DEBUG    builtins        Scenario tags: ['label_id']
2023-10-23 12:45:00,975 UTC INFO     utils.rest_client Method Name: post
2023-10-23 12:45:00,975 UTC INFO     utils.rest_client Endpoint (URL): https://api.todoist.com/rest/v2/labels
2023-10-23 12:45:02,746 UTC INFO     utils.rest_client Status code: 200
2023-10-23 12:45:02,746 UTC DEBUG    utils.rest_client Request: {'User-Agent': 'python-requests/2.31.0', 'Accept-Encoding': 'gzip, deflate', 'Accept': '*/*', 'Connection': 'keep-alive', 'Authorization': 'Bearer 3bb828df7836d71da0e9fdd090f6d0f66130044b', 'Cookie': 'tduser=v4.public.eyJ1c2VyX2lkIjogNDU2ODE1ODIsICJleHAiOiAiMjAyMy0xMS0wNlQxNjo0NTowMCswMDowMCJ9rWRseb4eUWrIGmQZRevarQCqHa1y7c7zgRfvuI054R3dE6SVubmdlRvw9lRazhR2RykGM4Y952ZIVPCu_ylZBQ; csrf=869bb534088640f09b3aeb5674164b59', 'Content-Length': '15', 'Content-Type': 'application/x-www-form-urlencoded'}
2023-10-23 12:45:02,746 UTC INFO     utils.rest_client Response: {
	"id": "2169487557",
	"name": "LABEL TEST",
	"order": 2,
	"color": "charcoal",
	"is_favorite": false
}

2023-10-23 12:45:02,746 UTC DEBUG    builtins        Label id created: 2169487557
2023-10-23 12:45:02,747 UTC DEBUG    builtins        HEADERS: {'Authorization': 'Bearer 3bb828df7836d71da0e9fdd090f6d0f66130044b'}
2023-10-23 12:45:02,747 UTC DEBUG    builtins        URL: https://api.todoist.com/rest/v2/
2023-10-23 12:45:02,748 UTC INFO     utils.rest_client Method Name: get
2023-10-23 12:45:02,748 UTC INFO     utils.rest_client Endpoint (URL): https://api.todoist.com/rest/v2/labels
2023-10-23 12:45:05,190 UTC INFO     utils.rest_client Status code: 200
2023-10-23 12:45:05,191 UTC DEBUG    utils.rest_client Request: {'User-Agent': 'python-requests/2.31.0', 'Accept-Encoding': 'gzip, deflate', 'Accept': '*/*', 'Connection': 'keep-alive', 'Authorization': 'Bearer 3bb828df7836d71da0e9fdd090f6d0f66130044b', 'Cookie': 'tduser=v4.public.eyJ1c2VyX2lkIjogNDU2ODE1ODIsICJleHAiOiAiMjAyMy0xMS0wNlQxNjo0NTowMCswMDowMCJ9rWRseb4eUWrIGmQZRevarQCqHa1y7c7zgRfvuI054R3dE6SVubmdlRvw9lRazhR2RykGM4Y952ZIVPCu_ylZBQ; csrf=869bb534088640f09b3aeb5674164b59'}
2023-10-23 12:45:05,191 UTC INFO     utils.rest_client Response: [
	{
		"id": "2168770002",
		"name": "Label 2",
		"order": 1,
		"color": "charcoal",
		"is_favorite": false
	},
	{
		"id": "2169140605",
		"name": "Label 1",
		"order": 1,
		"color": "charcoal",
		"is_favorite": false
	},
	{
		"id": "2169487557",
		"name": "LABEL TEST",
		"order": 2,
		"color": "charcoal",
		"is_favorite": false
	}
]

2023-10-23 12:45:05,191 UTC DEBUG    builtins        Response: {'body': [{'id': '2168770002', 'name': 'Label 2', 'order': 1, 'color': 'charcoal', 'is_favorite': False}, {'id': '2169140605', 'name': 'Label 1', 'order': 1, 'color': 'charcoal', 'is_favorite': False}, {'id': '2169487557', 'name': 'LABEL TEST', 'order': 2, 'color': 'charcoal', 'is_favorite': False}], 'headers': {'Content-Type': 'application/json', 'Content-Length': '336', 'Connection': 'keep-alive', 'Date': 'Mon, 23 Oct 2023 16:45:05 GMT', 'Access-Control-Allow-Credentials': 'false', 'Access-Control-Allow-Origin': '*', 'Referrer-Policy': 'strict-origin-when-cross-origin', 'Server': 'gunicorn', 'Strict-Transport-Security': 'max-age=31536000; includeSubDomains; preload', 'Vary': 'Accept-Encoding', 'X-Cache': 'Miss from cloudfront', 'Via': '1.1 c3f52c6e51c79b76b85ae5ed7c2503a6.cloudfront.net (CloudFront)', 'X-Amz-Cf-Pop': 'LIM50-P1', 'X-Amz-Cf-Id': 'kGW-nUmZVPXjSxLhR5RezHCr7HVXESboG5bMnZ0k-ecuT6oy9JBsPA=='}, 'status': 200}
2023-10-23 12:45:05,192 UTC DEBUG    builtins        Status code from response: 200
2023-10-23 12:45:05,192 UTC DEBUG    builtins        Status code param: <class 'int'>
2023-10-23 12:45:05,193 UTC DEBUG    builtins        Status code response: <class 'int'>
2023-10-23 12:45:05,193 UTC DEBUG    builtins        Scenario tags: []
2023-10-23 12:45:05,194 UTC DEBUG    builtins        HEADERS: {'Authorization': 'Bearer 3bb828df7836d71da0e9fdd090f6d0f66130044b'}
2023-10-23 12:45:05,194 UTC DEBUG    builtins        URL: https://api.todoist.com/rest/v2/
2023-10-23 12:45:05,195 UTC DEBUG    builtins        JSON: {
  "name": "NEW LABEL"
}
2023-10-23 12:45:05,196 UTC DEBUG    builtins        Dictionary created: {'name': 'NEW LABEL'}
2023-10-23 12:45:05,196 UTC INFO     utils.rest_client Method Name: post
2023-10-23 12:45:05,196 UTC INFO     utils.rest_client Endpoint (URL): https://api.todoist.com/rest/v2/labels
2023-10-23 12:45:08,455 UTC INFO     utils.rest_client Status code: 200
2023-10-23 12:45:08,456 UTC DEBUG    utils.rest_client Request: {'User-Agent': 'python-requests/2.31.0', 'Accept-Encoding': 'gzip, deflate', 'Accept': '*/*', 'Connection': 'keep-alive', 'Authorization': 'Bearer 3bb828df7836d71da0e9fdd090f6d0f66130044b', 'Cookie': 'tduser=v4.public.eyJ1c2VyX2lkIjogNDU2ODE1ODIsICJleHAiOiAiMjAyMy0xMS0wNlQxNjo0NTowMCswMDowMCJ9rWRseb4eUWrIGmQZRevarQCqHa1y7c7zgRfvuI054R3dE6SVubmdlRvw9lRazhR2RykGM4Y952ZIVPCu_ylZBQ; csrf=869bb534088640f09b3aeb5674164b59', 'Content-Length': '14', 'Content-Type': 'application/x-www-form-urlencoded'}
2023-10-23 12:45:08,456 UTC INFO     utils.rest_client Response: {
	"id": "2169487560",
	"name": "NEW LABEL",
	"order": 3,
	"color": "charcoal",
	"is_favorite": false
}

2023-10-23 12:45:08,456 UTC DEBUG    builtins        Response: {'body': {'id': '2169487560', 'name': 'NEW LABEL', 'order': 3, 'color': 'charcoal', 'is_favorite': False}, 'headers': {'Content-Type': 'application/json', 'Content-Length': '104', 'Connection': 'keep-alive', 'Date': 'Mon, 23 Oct 2023 16:45:08 GMT', 'Access-Control-Allow-Credentials': 'false', 'Access-Control-Allow-Origin': '*', 'Cache-Control': 'no-cache', 'Referrer-Policy': 'strict-origin-when-cross-origin', 'Server': 'gunicorn', 'Strict-Transport-Security': 'max-age=31536000; includeSubDomains; preload', 'Vary': 'Accept-Encoding', 'X-Cache': 'Miss from cloudfront', 'Via': '1.1 c3f52c6e51c79b76b85ae5ed7c2503a6.cloudfront.net (CloudFront)', 'X-Amz-Cf-Pop': 'LIM50-P1', 'X-Amz-Cf-Id': 'UzHGvHnzmvW4nSrK73c_zwRIDc1M9gUILzJzAKpJU3cfhbPv-DChnw=='}, 'status': 200}
2023-10-23 12:45:08,457 UTC DEBUG    builtins        Status code from response: 200
2023-10-23 12:45:08,457 UTC DEBUG    builtins        Status code param: <class 'int'>
2023-10-23 12:45:08,457 UTC DEBUG    builtins        Status code response: <class 'int'>
2023-10-23 12:45:08,457 UTC INFO     utils.rest_client Method Name: delete
2023-10-23 12:45:08,457 UTC INFO     utils.rest_client Endpoint (URL): https://api.todoist.com/rest/v2/labels/2169487557
2023-10-23 12:45:09,666 UTC INFO     utils.rest_client Status code: 204
2023-10-23 12:45:09,666 UTC DEBUG    utils.rest_client Request: {'User-Agent': 'python-requests/2.31.0', 'Accept-Encoding': 'gzip, deflate', 'Accept': '*/*', 'Connection': 'keep-alive', 'Authorization': 'Bearer 3bb828df7836d71da0e9fdd090f6d0f66130044b', 'Cookie': 'tduser=v4.public.eyJ1c2VyX2lkIjogNDU2ODE1ODIsICJleHAiOiAiMjAyMy0xMS0wNlQxNjo0NTowMCswMDowMCJ9rWRseb4eUWrIGmQZRevarQCqHa1y7c7zgRfvuI054R3dE6SVubmdlRvw9lRazhR2RykGM4Y952ZIVPCu_ylZBQ; csrf=869bb534088640f09b3aeb5674164b59', 'Content-Length': '0'}
2023-10-23 12:45:09,667 UTC INFO     utils.rest_client Response: 
2023-10-23 12:45:09,667 UTC INFO     builtins        Deleting label: 2169487557
2023-10-23 12:45:09,667 UTC INFO     utils.rest_client Method Name: delete
2023-10-23 12:45:09,667 UTC INFO     utils.rest_client Endpoint (URL): https://api.todoist.com/rest/v2/labels/2169487560
2023-10-23 12:45:13,920 UTC INFO     utils.rest_client Status code: 204
2023-10-23 12:45:13,920 UTC DEBUG    utils.rest_client Request: {'User-Agent': 'python-requests/2.31.0', 'Accept-Encoding': 'gzip, deflate', 'Accept': '*/*', 'Connection': 'keep-alive', 'Authorization': 'Bearer 3bb828df7836d71da0e9fdd090f6d0f66130044b', 'Cookie': 'tduser=v4.public.eyJ1c2VyX2lkIjogNDU2ODE1ODIsICJleHAiOiAiMjAyMy0xMS0wNlQxNjo0NTowMCswMDowMCJ9rWRseb4eUWrIGmQZRevarQCqHa1y7c7zgRfvuI054R3dE6SVubmdlRvw9lRazhR2RykGM4Y952ZIVPCu_ylZBQ; csrf=869bb534088640f09b3aeb5674164b59', 'Content-Length': '0'}
2023-10-23 12:45:13,921 UTC INFO     utils.rest_client Response: 
2023-10-23 12:45:13,921 UTC INFO     builtins        Deleting label: 2169487560
