2023-10-23 10:02:02,074 UTC DEBUG    builtins        Headers before feature: {'Authorization': 'Bearer 3bb828df7836d71da0e9fdd090f6d0f66130044b'}
2023-10-23 10:02:02,075 UTC INFO     utils.rest_client Method Name: get
2023-10-23 10:02:02,075 UTC INFO     utils.rest_client Endpoint (URL): https://api.todoist.com/rest/v2/projects
2023-10-23 10:02:02,815 UTC INFO     utils.rest_client Status code: 200
2023-10-23 10:02:02,815 UTC DEBUG    utils.rest_client Request: {'User-Agent': 'python-requests/2.31.0', 'Accept-Encoding': 'gzip, deflate', 'Accept': '*/*', 'Connection': 'keep-alive', 'Authorization': 'Bearer 3bb828df7836d71da0e9fdd090f6d0f66130044b'}
2023-10-23 10:02:02,816 UTC INFO     utils.rest_client Response: [
	{
		"id": "2319576038",
		"parent_id": null,
		"order": 0,
		"color": "charcoal",
		"name": "Inbox",
		"comment_count": 0,
		"is_shared": false,
		"is_favorite": false,
		"is_inbox_project": true,
		"is_team_inbox": false,
		"url": "https://todoist.com/showProject?id=2319576038",
		"view_style": "list"
	},
	{
		"id": "2322258579",
		"parent_id": null,
		"order": 1,
		"color": "charcoal",
		"name": "PROJECT 1",
		"comment_count": 0,
		"is_shared": false,
		"is_favorite": false,
		"is_inbox_project": false,
		"is_team_inbox": false,
		"url": "https://todoist.com/showProject?id=2322258579",
		"view_style": "list"
	}
]

2023-10-23 10:02:02,816 UTC DEBUG    builtins        {'body': [{'id': '2319576038', 'parent_id': None, 'order': 0, 'color': 'charcoal', 'name': 'Inbox', 'comment_count': 0, 'is_shared': False, 'is_favorite': False, 'is_inbox_project': True, 'is_team_inbox': False, 'url': 'https://todoist.com/showProject?id=2319576038', 'view_style': 'list'}, {'id': '2322258579', 'parent_id': None, 'order': 1, 'color': 'charcoal', 'name': 'PROJECT 1', 'comment_count': 0, 'is_shared': False, 'is_favorite': False, 'is_inbox_project': False, 'is_team_inbox': False, 'url': 'https://todoist.com/showProject?id=2322258579', 'view_style': 'list'}], 'headers': {'Content-Type': 'application/json', 'Content-Length': '626', 'Connection': 'keep-alive', 'Date': 'Mon, 23 Oct 2023 14:02:02 GMT', 'Access-Control-Allow-Credentials': 'false', 'Access-Control-Allow-Origin': '*', 'Referrer-Policy': 'strict-origin-when-cross-origin', 'Server': 'gunicorn', 'Set-Cookie': 'csrf=6eda738191354657836b43ce05c2cac7; Expires=Thu, 20-Oct-2033 14:02:02 GMT; Secure; Path=/; SameSite=None, tduser=v4.public.eyJ1c2VyX2lkIjogNDU2ODE1ODIsICJleHAiOiAiMjAyMy0xMS0wNlQxNDowMjowMiswMDowMCJ9cGaw7UxX9Fr-59B0dERVBwYHebfpAoH4FiEC7OSiEiKVLyxSa9lNal6VWRqVPmDbhOxas99sz9YLb2jKTXQMAQ; Domain=.todoist.com; Expires=Mon, 06-Nov-2023 14:02:02 GMT; Max-Age=1209600; Secure; HttpOnly; Path=/', 'Strict-Transport-Security': 'max-age=31536000; includeSubDomains; preload', 'Vary': 'Accept-Encoding', 'X-Cache': 'Miss from cloudfront', 'Via': '1.1 41214e21a06ae299a8c0c72752b81bac.cloudfront.net (CloudFront)', 'X-Amz-Cf-Pop': 'LIM50-P1', 'X-Amz-Cf-Id': 'CNB2D_W07qQ4lNTDPsp0xH__INFny78sQUf_5aXP9DgpFHaIAN-zZw=='}, 'status': 200}
2023-10-23 10:02:02,817 UTC DEBUG    builtins        Scenario tags: ['project_id']
2023-10-23 10:02:02,817 UTC INFO     utils.rest_client Method Name: post
2023-10-23 10:02:02,817 UTC INFO     utils.rest_client Endpoint (URL): https://api.todoist.com/rest/v2/projects
2023-10-23 10:02:03,439 UTC INFO     utils.rest_client Status code: 200
2023-10-23 10:02:03,439 UTC DEBUG    utils.rest_client Request: {'User-Agent': 'python-requests/2.31.0', 'Accept-Encoding': 'gzip, deflate', 'Accept': '*/*', 'Connection': 'keep-alive', 'Authorization': 'Bearer 3bb828df7836d71da0e9fdd090f6d0f66130044b', 'Cookie': 'tduser=v4.public.eyJ1c2VyX2lkIjogNDU2ODE1ODIsICJleHAiOiAiMjAyMy0xMS0wNlQxNDowMjowMiswMDowMCJ9cGaw7UxX9Fr-59B0dERVBwYHebfpAoH4FiEC7OSiEiKVLyxSa9lNal6VWRqVPmDbhOxas99sz9YLb2jKTXQMAQ; csrf=6eda738191354657836b43ce05c2cac7', 'Content-Length': '14', 'Content-Type': 'application/x-www-form-urlencoded'}
2023-10-23 10:02:03,440 UTC INFO     utils.rest_client Response: {
	"id": "2322426711",
	"parent_id": null,
	"order": 2,
	"color": "charcoal",
	"name": "project x",
	"comment_count": 0,
	"is_shared": false,
	"is_favorite": false,
	"is_inbox_project": false,
	"is_team_inbox": false,
	"url": "https://todoist.com/showProject?id=2322426711",
	"view_style": "list"
}

2023-10-23 10:02:03,440 UTC DEBUG    builtins        Project id created: 2322426711
2023-10-23 10:02:03,441 UTC DEBUG    builtins        HEADERS: {'Authorization': 'Bearer 3bb828df7836d71da0e9fdd090f6d0f66130044b'}
2023-10-23 10:02:03,441 UTC DEBUG    builtins        URL: https://api.todoist.com/rest/v2/
2023-10-23 10:02:03,445 UTC DEBUG    builtins        Scenario tags: ['project_id']
2023-10-23 10:02:03,445 UTC INFO     utils.rest_client Method Name: post
2023-10-23 10:02:03,445 UTC INFO     utils.rest_client Endpoint (URL): https://api.todoist.com/rest/v2/projects
2023-10-23 10:02:04,415 UTC INFO     utils.rest_client Status code: 200
2023-10-23 10:02:04,415 UTC DEBUG    utils.rest_client Request: {'User-Agent': 'python-requests/2.31.0', 'Accept-Encoding': 'gzip, deflate', 'Accept': '*/*', 'Connection': 'keep-alive', 'Authorization': 'Bearer 3bb828df7836d71da0e9fdd090f6d0f66130044b', 'Cookie': 'tduser=v4.public.eyJ1c2VyX2lkIjogNDU2ODE1ODIsICJleHAiOiAiMjAyMy0xMS0wNlQxNDowMjowMiswMDowMCJ9cGaw7UxX9Fr-59B0dERVBwYHebfpAoH4FiEC7OSiEiKVLyxSa9lNal6VWRqVPmDbhOxas99sz9YLb2jKTXQMAQ; csrf=6eda738191354657836b43ce05c2cac7', 'Content-Length': '14', 'Content-Type': 'application/x-www-form-urlencoded'}
2023-10-23 10:02:04,415 UTC INFO     utils.rest_client Response: {
	"id": "2322426712",
	"parent_id": null,
	"order": 3,
	"color": "charcoal",
	"name": "project x",
	"comment_count": 0,
	"is_shared": false,
	"is_favorite": false,
	"is_inbox_project": false,
	"is_team_inbox": false,
	"url": "https://todoist.com/showProject?id=2322426712",
	"view_style": "list"
}

2023-10-23 10:02:04,416 UTC DEBUG    builtins        Project id created: 2322426712
2023-10-23 10:02:04,416 UTC DEBUG    builtins        HEADERS: {'Authorization': 'Bearer 3bb828df7836d71da0e9fdd090f6d0f66130044b'}
2023-10-23 10:02:04,416 UTC DEBUG    builtins        URL: https://api.todoist.com/rest/v2/
2023-10-23 10:02:04,417 UTC INFO     utils.rest_client Method Name: post
2023-10-23 10:02:04,417 UTC INFO     utils.rest_client Endpoint (URL): https://api.todoist.com/rest/v2/comments
2023-10-23 10:02:06,829 UTC INFO     utils.rest_client Status code: 200
2023-10-23 10:02:06,829 UTC DEBUG    utils.rest_client Request: {'User-Agent': 'python-requests/2.31.0', 'Accept-Encoding': 'gzip, deflate', 'Accept': '*/*', 'Connection': 'keep-alive', 'Authorization': 'Bearer 3bb828df7836d71da0e9fdd090f6d0f66130044b', 'Cookie': 'tduser=v4.public.eyJ1c2VyX2lkIjogNDU2ODE1ODIsICJleHAiOiAiMjAyMy0xMS0wNlQxNDowMjowMiswMDowMCJ9cGaw7UxX9Fr-59B0dERVBwYHebfpAoH4FiEC7OSiEiKVLyxSa9lNal6VWRqVPmDbhOxas99sz9YLb2jKTXQMAQ; csrf=6eda738191354657836b43ce05c2cac7', 'Content-Length': '52', 'Content-Type': 'application/x-www-form-urlencoded'}
2023-10-23 10:02:06,829 UTC INFO     utils.rest_client Response: {
	"id": "3387495207",
	"task_id": null,
	"project_id": "2322426712",
	"content": "NEW COMMENT IN PROJECT",
	"posted_at": "2023-10-23T14:02:06.651712Z",
	"attachment": null
}

2023-10-23 10:02:06,829 UTC DEBUG    builtins        Response: {'body': {'id': '3387495207', 'task_id': None, 'project_id': '2322426712', 'content': 'NEW COMMENT IN PROJECT', 'posted_at': '2023-10-23T14:02:06.651712Z', 'attachment': None}, 'headers': {'Content-Type': 'application/json', 'Content-Length': '175', 'Connection': 'keep-alive', 'Date': 'Mon, 23 Oct 2023 14:02:06 GMT', 'Access-Control-Allow-Credentials': 'false', 'Access-Control-Allow-Origin': '*', 'Cache-Control': 'no-cache', 'Referrer-Policy': 'strict-origin-when-cross-origin', 'Server': 'gunicorn', 'Strict-Transport-Security': 'max-age=31536000; includeSubDomains; preload', 'Vary': 'Accept-Encoding', 'X-Cache': 'Miss from cloudfront', 'Via': '1.1 41214e21a06ae299a8c0c72752b81bac.cloudfront.net (CloudFront)', 'X-Amz-Cf-Pop': 'LIM50-P1', 'X-Amz-Cf-Id': 'ub67wvwfT0OvIaSRnz2JRFuzMZYqCG0ENVvCNPwhMYGsFFEkJMQfZg=='}, 'status': 200}
2023-10-23 10:02:06,830 UTC DEBUG    builtins        Status code from response: 200
2023-10-23 10:02:06,830 UTC DEBUG    builtins        Status code param: <class 'int'>
2023-10-23 10:02:06,830 UTC DEBUG    builtins        Status code response: <class 'int'>
2023-10-23 10:02:06,831 UTC INFO     utils.rest_client Method Name: delete
2023-10-23 10:02:06,831 UTC INFO     utils.rest_client Endpoint (URL): https://api.todoist.com/rest/v2/projects/2322426711
2023-10-23 10:02:07,344 UTC INFO     utils.rest_client Status code: 204
2023-10-23 10:02:07,344 UTC DEBUG    utils.rest_client Request: {'User-Agent': 'python-requests/2.31.0', 'Accept-Encoding': 'gzip, deflate', 'Accept': '*/*', 'Connection': 'keep-alive', 'Authorization': 'Bearer 3bb828df7836d71da0e9fdd090f6d0f66130044b', 'Cookie': 'tduser=v4.public.eyJ1c2VyX2lkIjogNDU2ODE1ODIsICJleHAiOiAiMjAyMy0xMS0wNlQxNDowMjowMiswMDowMCJ9cGaw7UxX9Fr-59B0dERVBwYHebfpAoH4FiEC7OSiEiKVLyxSa9lNal6VWRqVPmDbhOxas99sz9YLb2jKTXQMAQ; csrf=6eda738191354657836b43ce05c2cac7', 'Content-Length': '0'}
2023-10-23 10:02:07,345 UTC INFO     utils.rest_client Response: 
2023-10-23 10:02:07,345 UTC INFO     builtins        Deleting project: 2322426711
2023-10-23 10:02:07,345 UTC INFO     utils.rest_client Method Name: delete
2023-10-23 10:02:07,346 UTC INFO     utils.rest_client Endpoint (URL): https://api.todoist.com/rest/v2/projects/2322426712
2023-10-23 10:02:08,266 UTC INFO     utils.rest_client Status code: 204
2023-10-23 10:02:08,267 UTC DEBUG    utils.rest_client Request: {'User-Agent': 'python-requests/2.31.0', 'Accept-Encoding': 'gzip, deflate', 'Accept': '*/*', 'Connection': 'keep-alive', 'Authorization': 'Bearer 3bb828df7836d71da0e9fdd090f6d0f66130044b', 'Cookie': 'tduser=v4.public.eyJ1c2VyX2lkIjogNDU2ODE1ODIsICJleHAiOiAiMjAyMy0xMS0wNlQxNDowMjowMiswMDowMCJ9cGaw7UxX9Fr-59B0dERVBwYHebfpAoH4FiEC7OSiEiKVLyxSa9lNal6VWRqVPmDbhOxas99sz9YLb2jKTXQMAQ; csrf=6eda738191354657836b43ce05c2cac7', 'Content-Length': '0'}
2023-10-23 10:02:08,267 UTC INFO     utils.rest_client Response: 
2023-10-23 10:02:08,267 UTC INFO     builtins        Deleting project: 2322426712
