2023-10-23 16:31:57,637 UTC DEBUG    builtins        Headers before feature: {'Authorization': 'Bearer 3bb828df7836d71da0e9fdd090f6d0f66130044b'}
2023-10-23 16:31:57,638 UTC INFO     utils.rest_client Method Name: get
2023-10-23 16:31:57,638 UTC INFO     utils.rest_client Endpoint (URL): https://api.todoist.com/rest/v2/projects
2023-10-23 16:32:01,541 UTC INFO     utils.rest_client Status code: 200
2023-10-23 16:32:01,541 UTC DEBUG    utils.rest_client Request: {'User-Agent': 'python-requests/2.31.0', 'Accept-Encoding': 'gzip, deflate', 'Accept': '*/*', 'Connection': 'keep-alive', 'Authorization': 'Bearer 3bb828df7836d71da0e9fdd090f6d0f66130044b'}
2023-10-23 16:32:01,541 UTC INFO     utils.rest_client Response: [
	{
		"id": "2319576038",
		"parent_id": null,
		"order": 0,
		"color": "charcoal",
		"name": "Inbox",
		"comment_count": 0,
		"is_shared": false,
		"is_favorite": false,
		"is_inbox_project": true,
		"is_team_inbox": false,
		"url": "https://todoist.com/showProject?id=2319576038",
		"view_style": "list"
	},
	{
		"id": "2322258579",
		"parent_id": null,
		"order": 1,
		"color": "charcoal",
		"name": "PROJECT 1",
		"comment_count": 0,
		"is_shared": false,
		"is_favorite": false,
		"is_inbox_project": false,
		"is_team_inbox": false,
		"url": "https://todoist.com/showProject?id=2322258579",
		"view_style": "list"
	}
]

2023-10-23 16:32:01,542 UTC DEBUG    builtins        {'body': [{'id': '2319576038', 'parent_id': None, 'order': 0, 'color': 'charcoal', 'name': 'Inbox', 'comment_count': 0, 'is_shared': False, 'is_favorite': False, 'is_inbox_project': True, 'is_team_inbox': False, 'url': 'https://todoist.com/showProject?id=2319576038', 'view_style': 'list'}, {'id': '2322258579', 'parent_id': None, 'order': 1, 'color': 'charcoal', 'name': 'PROJECT 1', 'comment_count': 0, 'is_shared': False, 'is_favorite': False, 'is_inbox_project': False, 'is_team_inbox': False, 'url': 'https://todoist.com/showProject?id=2322258579', 'view_style': 'list'}], 'headers': {'Content-Type': 'application/json', 'Content-Length': '626', 'Connection': 'keep-alive', 'Date': 'Mon, 23 Oct 2023 20:32:01 GMT', 'Access-Control-Allow-Credentials': 'false', 'Access-Control-Allow-Origin': '*', 'Referrer-Policy': 'strict-origin-when-cross-origin', 'Server': 'gunicorn', 'Set-Cookie': 'csrf=1cdd678fc1484c9b883e7926dc5c1905; Expires=Thu, 20-Oct-2033 20:32:01 GMT; Secure; Path=/; SameSite=None, tduser=v4.public.eyJ1c2VyX2lkIjogNDU2ODE1ODIsICJleHAiOiAiMjAyMy0xMS0wNlQyMDozMjowMSswMDowMCJ91E0U_03Xmn1YtzNp1rMpggJ67F4XCgruQ_lqMZZ7jBGTfS-b0pVZ1JiYDLx-h5V4nSffwf9CPE5NH4sfUIefAg; Domain=.todoist.com; Expires=Mon, 06-Nov-2023 20:32:01 GMT; Max-Age=1209600; Secure; HttpOnly; Path=/', 'Strict-Transport-Security': 'max-age=31536000; includeSubDomains; preload', 'Vary': 'Accept-Encoding', 'X-Cache': 'Miss from cloudfront', 'Via': '1.1 a620c4b38e5e8f81da1423bebb808af6.cloudfront.net (CloudFront)', 'X-Amz-Cf-Pop': 'SCL51-P4', 'X-Amz-Cf-Id': 'YI31qupwdm1V8kMG8LWLgYKnwuE6piVWBSvW1-Z6MsQ856sNBpgaJg=='}, 'status': 200}
2023-10-23 16:32:01,543 UTC DEBUG    builtins        Scenario tags: ['label_id']
2023-10-23 16:32:01,543 UTC INFO     utils.rest_client Method Name: post
2023-10-23 16:32:01,543 UTC INFO     utils.rest_client Endpoint (URL): https://api.todoist.com/rest/v2/labels
2023-10-23 16:32:14,250 UTC INFO     utils.rest_client Status code: 200
2023-10-23 16:32:14,250 UTC DEBUG    utils.rest_client Request: {'User-Agent': 'python-requests/2.31.0', 'Accept-Encoding': 'gzip, deflate', 'Accept': '*/*', 'Connection': 'keep-alive', 'Authorization': 'Bearer 3bb828df7836d71da0e9fdd090f6d0f66130044b', 'Cookie': 'tduser=v4.public.eyJ1c2VyX2lkIjogNDU2ODE1ODIsICJleHAiOiAiMjAyMy0xMS0wNlQyMDozMjowMSswMDowMCJ91E0U_03Xmn1YtzNp1rMpggJ67F4XCgruQ_lqMZZ7jBGTfS-b0pVZ1JiYDLx-h5V4nSffwf9CPE5NH4sfUIefAg; csrf=1cdd678fc1484c9b883e7926dc5c1905', 'Content-Length': '15', 'Content-Type': 'application/x-www-form-urlencoded'}
2023-10-23 16:32:14,250 UTC INFO     utils.rest_client Response: {
	"id": "2169491626",
	"name": "LABEL TEST",
	"order": 2,
	"color": "charcoal",
	"is_favorite": false
}

2023-10-23 16:32:14,250 UTC DEBUG    builtins        Label id created: 2169491626
2023-10-23 16:32:14,251 UTC DEBUG    builtins        HEADERS: {'Authorization': 'Bearer 3bb828df7836d71da0e9fdd090f6d0f66130044b'}
2023-10-23 16:32:14,251 UTC DEBUG    builtins        URL: https://api.todoist.com/rest/v2/
2023-10-23 16:32:14,252 UTC INFO     utils.rest_client Method Name: get
2023-10-23 16:32:14,252 UTC INFO     utils.rest_client Endpoint (URL): https://api.todoist.com/rest/v2/labels
2023-10-23 16:32:22,207 UTC INFO     utils.rest_client Status code: 200
2023-10-23 16:32:22,207 UTC DEBUG    utils.rest_client Request: {'User-Agent': 'python-requests/2.31.0', 'Accept-Encoding': 'gzip, deflate', 'Accept': '*/*', 'Connection': 'keep-alive', 'Authorization': 'Bearer 3bb828df7836d71da0e9fdd090f6d0f66130044b', 'Cookie': 'tduser=v4.public.eyJ1c2VyX2lkIjogNDU2ODE1ODIsICJleHAiOiAiMjAyMy0xMS0wNlQyMDozMjowMSswMDowMCJ91E0U_03Xmn1YtzNp1rMpggJ67F4XCgruQ_lqMZZ7jBGTfS-b0pVZ1JiYDLx-h5V4nSffwf9CPE5NH4sfUIefAg; csrf=1cdd678fc1484c9b883e7926dc5c1905'}
2023-10-23 16:32:22,207 UTC INFO     utils.rest_client Response: [
	{
		"id": "2168770002",
		"name": "Label 2",
		"order": 1,
		"color": "charcoal",
		"is_favorite": false
	},
	{
		"id": "2169140605",
		"name": "Label 1",
		"order": 1,
		"color": "charcoal",
		"is_favorite": false
	},
	{
		"id": "2169491626",
		"name": "LABEL TEST",
		"order": 2,
		"color": "charcoal",
		"is_favorite": false
	}
]

2023-10-23 16:32:22,208 UTC DEBUG    builtins        Response: {'body': [{'id': '2168770002', 'name': 'Label 2', 'order': 1, 'color': 'charcoal', 'is_favorite': False}, {'id': '2169140605', 'name': 'Label 1', 'order': 1, 'color': 'charcoal', 'is_favorite': False}, {'id': '2169491626', 'name': 'LABEL TEST', 'order': 2, 'color': 'charcoal', 'is_favorite': False}], 'headers': {'Content-Type': 'application/json', 'Content-Length': '336', 'Connection': 'keep-alive', 'Date': 'Mon, 23 Oct 2023 20:32:22 GMT', 'Access-Control-Allow-Credentials': 'false', 'Access-Control-Allow-Origin': '*', 'Referrer-Policy': 'strict-origin-when-cross-origin', 'Server': 'gunicorn', 'Strict-Transport-Security': 'max-age=31536000; includeSubDomains; preload', 'Vary': 'Accept-Encoding', 'X-Cache': 'Miss from cloudfront', 'Via': '1.1 a620c4b38e5e8f81da1423bebb808af6.cloudfront.net (CloudFront)', 'X-Amz-Cf-Pop': 'SCL51-P4', 'X-Amz-Cf-Id': 'P7M3lRF-Ouf6dRHlJlT3YjY57vBDsKb3AGt2PoIEsBOeLRrYV1-R5g=='}, 'status': 200}
2023-10-23 16:32:22,209 UTC DEBUG    builtins        Status code from response: 200
2023-10-23 16:32:22,209 UTC DEBUG    builtins        Status code param: <class 'int'>
2023-10-23 16:32:22,209 UTC DEBUG    builtins        Status code response: <class 'int'>
2023-10-23 16:32:22,210 UTC DEBUG    builtins        Scenario tags: []
2023-10-23 16:32:22,210 UTC DEBUG    builtins        HEADERS: {'Authorization': 'Bearer 3bb828df7836d71da0e9fdd090f6d0f66130044b'}
2023-10-23 16:32:22,210 UTC DEBUG    builtins        URL: https://api.todoist.com/rest/v2/
2023-10-23 16:32:22,211 UTC DEBUG    builtins        JSON: {
  "name": "NEW LABEL"
}
2023-10-23 16:32:22,211 UTC DEBUG    builtins        Dictionary created: {'name': 'NEW LABEL'}
2023-10-23 16:32:22,211 UTC INFO     utils.rest_client Method Name: post
2023-10-23 16:32:22,211 UTC INFO     utils.rest_client Endpoint (URL): https://api.todoist.com/rest/v2/labels
2023-10-23 16:32:30,666 UTC INFO     utils.rest_client Status code: 200
2023-10-23 16:32:30,666 UTC DEBUG    utils.rest_client Request: {'User-Agent': 'python-requests/2.31.0', 'Accept-Encoding': 'gzip, deflate', 'Accept': '*/*', 'Connection': 'keep-alive', 'Authorization': 'Bearer 3bb828df7836d71da0e9fdd090f6d0f66130044b', 'Cookie': 'tduser=v4.public.eyJ1c2VyX2lkIjogNDU2ODE1ODIsICJleHAiOiAiMjAyMy0xMS0wNlQyMDozMjowMSswMDowMCJ91E0U_03Xmn1YtzNp1rMpggJ67F4XCgruQ_lqMZZ7jBGTfS-b0pVZ1JiYDLx-h5V4nSffwf9CPE5NH4sfUIefAg; csrf=1cdd678fc1484c9b883e7926dc5c1905', 'Content-Length': '14', 'Content-Type': 'application/x-www-form-urlencoded'}
2023-10-23 16:32:30,667 UTC INFO     utils.rest_client Response: {
	"id": "2169491631",
	"name": "NEW LABEL",
	"order": 3,
	"color": "charcoal",
	"is_favorite": false
}

2023-10-23 16:32:30,667 UTC DEBUG    builtins        Response: {'body': {'id': '2169491631', 'name': 'NEW LABEL', 'order': 3, 'color': 'charcoal', 'is_favorite': False}, 'headers': {'Content-Type': 'application/json', 'Content-Length': '104', 'Connection': 'keep-alive', 'Date': 'Mon, 23 Oct 2023 20:32:30 GMT', 'Access-Control-Allow-Credentials': 'false', 'Access-Control-Allow-Origin': '*', 'Cache-Control': 'no-cache', 'Referrer-Policy': 'strict-origin-when-cross-origin', 'Server': 'gunicorn', 'Strict-Transport-Security': 'max-age=31536000; includeSubDomains; preload', 'Vary': 'Accept-Encoding', 'X-Cache': 'Miss from cloudfront', 'Via': '1.1 a620c4b38e5e8f81da1423bebb808af6.cloudfront.net (CloudFront)', 'X-Amz-Cf-Pop': 'SCL51-P4', 'X-Amz-Cf-Id': 'AbcfB3eX5uwAqqi8mTtKV4CKOu3P3gFj6fx9rlgwVm_ZlC3MWJzJ_A=='}, 'status': 200}
2023-10-23 16:32:30,667 UTC DEBUG    builtins        Status code from response: 200
2023-10-23 16:32:30,668 UTC DEBUG    builtins        Status code param: <class 'int'>
2023-10-23 16:32:30,668 UTC DEBUG    builtins        Status code response: <class 'int'>
2023-10-23 16:32:30,668 UTC DEBUG    builtins        Scenario tags: ['label_id']
2023-10-23 16:32:30,668 UTC INFO     utils.rest_client Method Name: post
2023-10-23 16:32:30,668 UTC INFO     utils.rest_client Endpoint (URL): https://api.todoist.com/rest/v2/labels
2023-10-23 16:32:39,353 UTC ERROR    utils.rest_client HTTP error: 400 Client Error: Bad Request for url: https://api.todoist.com/rest/v2/labels
2023-10-23 16:32:39,355 UTC INFO     utils.rest_client Method Name: delete
2023-10-23 16:32:39,355 UTC INFO     utils.rest_client Endpoint (URL): https://api.todoist.com/rest/v2/labels/2169491626
2023-10-23 16:32:45,311 UTC INFO     utils.rest_client Status code: 204
2023-10-23 16:32:45,312 UTC DEBUG    utils.rest_client Request: {'User-Agent': 'python-requests/2.31.0', 'Accept-Encoding': 'gzip, deflate', 'Accept': '*/*', 'Connection': 'keep-alive', 'Authorization': 'Bearer 3bb828df7836d71da0e9fdd090f6d0f66130044b', 'Cookie': 'tduser=v4.public.eyJ1c2VyX2lkIjogNDU2ODE1ODIsICJleHAiOiAiMjAyMy0xMS0wNlQyMDozMjowMSswMDowMCJ91E0U_03Xmn1YtzNp1rMpggJ67F4XCgruQ_lqMZZ7jBGTfS-b0pVZ1JiYDLx-h5V4nSffwf9CPE5NH4sfUIefAg; csrf=1cdd678fc1484c9b883e7926dc5c1905', 'Content-Length': '0'}
2023-10-23 16:32:45,312 UTC INFO     utils.rest_client Response: 
2023-10-23 16:32:45,312 UTC INFO     builtins        Deleting label: 2169491626
2023-10-23 16:32:45,312 UTC INFO     utils.rest_client Method Name: delete
2023-10-23 16:32:45,312 UTC INFO     utils.rest_client Endpoint (URL): https://api.todoist.com/rest/v2/labels/2169491631
2023-10-23 16:32:49,664 UTC INFO     utils.rest_client Status code: 204
2023-10-23 16:32:49,664 UTC DEBUG    utils.rest_client Request: {'User-Agent': 'python-requests/2.31.0', 'Accept-Encoding': 'gzip, deflate', 'Accept': '*/*', 'Connection': 'keep-alive', 'Authorization': 'Bearer 3bb828df7836d71da0e9fdd090f6d0f66130044b', 'Cookie': 'tduser=v4.public.eyJ1c2VyX2lkIjogNDU2ODE1ODIsICJleHAiOiAiMjAyMy0xMS0wNlQyMDozMjowMSswMDowMCJ91E0U_03Xmn1YtzNp1rMpggJ67F4XCgruQ_lqMZZ7jBGTfS-b0pVZ1JiYDLx-h5V4nSffwf9CPE5NH4sfUIefAg; csrf=1cdd678fc1484c9b883e7926dc5c1905', 'Content-Length': '0'}
2023-10-23 16:32:49,664 UTC INFO     utils.rest_client Response: 
2023-10-23 16:32:49,664 UTC INFO     builtins        Deleting label: 2169491631
