2023-10-22 00:58:33,764 UTC DEBUG    builtins        Headers before feature: {'Authorization': 'Bearer 3bb828df7836d71da0e9fdd090f6d0f66130044b'}
2023-10-22 00:58:33,764 UTC INFO     utils.rest_client Method Name: get
2023-10-22 00:58:33,764 UTC INFO     utils.rest_client Endpoint (URL): https://api.todoist.com/rest/v2/projects
2023-10-22 00:58:35,379 UTC INFO     utils.rest_client Status code: 200
2023-10-22 00:58:35,379 UTC DEBUG    utils.rest_client Request: {'User-Agent': 'python-requests/2.31.0', 'Accept-Encoding': 'gzip, deflate', 'Accept': '*/*', 'Connection': 'keep-alive', 'Authorization': 'Bearer 3bb828df7836d71da0e9fdd090f6d0f66130044b'}
2023-10-22 00:58:35,379 UTC INFO     utils.rest_client Response: [
	{
		"id": "2319576038",
		"parent_id": null,
		"order": 0,
		"color": "charcoal",
		"name": "Inbox",
		"comment_count": 0,
		"is_shared": false,
		"is_favorite": false,
		"is_inbox_project": true,
		"is_team_inbox": false,
		"url": "https://todoist.com/showProject?id=2319576038",
		"view_style": "list"
	},
	{
		"id": "2322258579",
		"parent_id": null,
		"order": 1,
		"color": "charcoal",
		"name": "PROJECT 1",
		"comment_count": 0,
		"is_shared": false,
		"is_favorite": false,
		"is_inbox_project": false,
		"is_team_inbox": false,
		"url": "https://todoist.com/showProject?id=2322258579",
		"view_style": "list"
	}
]

2023-10-22 00:58:35,379 UTC DEBUG    builtins        {'body': [{'id': '2319576038', 'parent_id': None, 'order': 0, 'color': 'charcoal', 'name': 'Inbox', 'comment_count': 0, 'is_shared': False, 'is_favorite': False, 'is_inbox_project': True, 'is_team_inbox': False, 'url': 'https://todoist.com/showProject?id=2319576038', 'view_style': 'list'}, {'id': '2322258579', 'parent_id': None, 'order': 1, 'color': 'charcoal', 'name': 'PROJECT 1', 'comment_count': 0, 'is_shared': False, 'is_favorite': False, 'is_inbox_project': False, 'is_team_inbox': False, 'url': 'https://todoist.com/showProject?id=2322258579', 'view_style': 'list'}], 'headers': {'Content-Type': 'application/json', 'Content-Length': '626', 'Connection': 'keep-alive', 'Date': 'Sun, 22 Oct 2023 04:58:35 GMT', 'Access-Control-Allow-Credentials': 'false', 'Access-Control-Allow-Origin': '*', 'Referrer-Policy': 'strict-origin-when-cross-origin', 'Server': 'gunicorn', 'Set-Cookie': 'csrf=7fff9c8ec43a4242ba900b4c6b4bbbc0; Expires=Wed, 19-Oct-2033 04:58:34 GMT; Secure; Path=/; SameSite=None, tduser=v4.public.eyJ1c2VyX2lkIjogNDU2ODE1ODIsICJleHAiOiAiMjAyMy0xMS0wNVQwNDo1ODozNSswMDowMCJ9JsQwMgcWwrcGFaiALLC05lmfM957OBAmZSJLurKyQnnNaCSf3LuRAjgM4XJ5OgdhhpWu7rrEmnHw8_7zSIyGAQ; Domain=.todoist.com; Expires=Sun, 05-Nov-2023 04:58:35 GMT; Max-Age=1209600; Secure; HttpOnly; Path=/', 'Strict-Transport-Security': 'max-age=31536000; includeSubDomains; preload', 'Vary': 'Accept-Encoding', 'X-Cache': 'Miss from cloudfront', 'Via': '1.1 6811a79cdd31fc23168e1c950ac000a4.cloudfront.net (CloudFront)', 'X-Amz-Cf-Pop': 'SCL51-P4', 'X-Amz-Cf-Id': '-xkIrf0JyQ72SvL9EIG9vL8qhM7k_zD54nFYsK9foo7XAlCWH-ldVQ=='}, 'status': 200}
2023-10-22 00:58:35,380 UTC DEBUG    builtins        Scenario tags: []
2023-10-22 00:58:35,381 UTC DEBUG    builtins        HEADERS: {'Authorization': 'Bearer 3bb828df7836d71da0e9fdd090f6d0f66130044b'}
2023-10-22 00:58:35,381 UTC DEBUG    builtins        URL: https://api.todoist.com/rest/v2/
2023-10-22 00:58:35,382 UTC INFO     utils.rest_client Method Name: get
2023-10-22 00:58:35,382 UTC INFO     utils.rest_client Endpoint (URL): https://api.todoist.com/rest/v2/projects
2023-10-22 00:58:36,203 UTC INFO     utils.rest_client Status code: 200
2023-10-22 00:58:36,203 UTC DEBUG    utils.rest_client Request: {'User-Agent': 'python-requests/2.31.0', 'Accept-Encoding': 'gzip, deflate', 'Accept': '*/*', 'Connection': 'keep-alive', 'Authorization': 'Bearer 3bb828df7836d71da0e9fdd090f6d0f66130044b', 'Cookie': 'tduser=v4.public.eyJ1c2VyX2lkIjogNDU2ODE1ODIsICJleHAiOiAiMjAyMy0xMS0wNVQwNDo1ODozNSswMDowMCJ9JsQwMgcWwrcGFaiALLC05lmfM957OBAmZSJLurKyQnnNaCSf3LuRAjgM4XJ5OgdhhpWu7rrEmnHw8_7zSIyGAQ; csrf=7fff9c8ec43a4242ba900b4c6b4bbbc0'}
2023-10-22 00:58:36,203 UTC INFO     utils.rest_client Response: [
	{
		"id": "2319576038",
		"parent_id": null,
		"order": 0,
		"color": "charcoal",
		"name": "Inbox",
		"comment_count": 0,
		"is_shared": false,
		"is_favorite": false,
		"is_inbox_project": true,
		"is_team_inbox": false,
		"url": "https://todoist.com/showProject?id=2319576038",
		"view_style": "list"
	},
	{
		"id": "2322258579",
		"parent_id": null,
		"order": 1,
		"color": "charcoal",
		"name": "PROJECT 1",
		"comment_count": 0,
		"is_shared": false,
		"is_favorite": false,
		"is_inbox_project": false,
		"is_team_inbox": false,
		"url": "https://todoist.com/showProject?id=2322258579",
		"view_style": "list"
	}
]

2023-10-22 00:58:36,203 UTC DEBUG    builtins        Response: {'body': [{'id': '2319576038', 'parent_id': None, 'order': 0, 'color': 'charcoal', 'name': 'Inbox', 'comment_count': 0, 'is_shared': False, 'is_favorite': False, 'is_inbox_project': True, 'is_team_inbox': False, 'url': 'https://todoist.com/showProject?id=2319576038', 'view_style': 'list'}, {'id': '2322258579', 'parent_id': None, 'order': 1, 'color': 'charcoal', 'name': 'PROJECT 1', 'comment_count': 0, 'is_shared': False, 'is_favorite': False, 'is_inbox_project': False, 'is_team_inbox': False, 'url': 'https://todoist.com/showProject?id=2322258579', 'view_style': 'list'}], 'headers': {'Content-Type': 'application/json', 'Content-Length': '626', 'Connection': 'keep-alive', 'Date': 'Sun, 22 Oct 2023 04:58:36 GMT', 'Access-Control-Allow-Credentials': 'false', 'Access-Control-Allow-Origin': '*', 'Referrer-Policy': 'strict-origin-when-cross-origin', 'Server': 'gunicorn', 'Strict-Transport-Security': 'max-age=31536000; includeSubDomains; preload', 'Vary': 'Accept-Encoding', 'X-Cache': 'Miss from cloudfront', 'Via': '1.1 6811a79cdd31fc23168e1c950ac000a4.cloudfront.net (CloudFront)', 'X-Amz-Cf-Pop': 'SCL51-P4', 'X-Amz-Cf-Id': 'XTfyV1PEgxVkYBY9YlX1IIB4vdQ7NCL7wJ6gFvCXgO-t7Zln6etmvg=='}, 'status': 200}
2023-10-22 00:58:36,205 UTC DEBUG    builtins        Status code from response: 200
2023-10-22 00:58:36,205 UTC DEBUG    builtins        Status code param: <class 'int'>
2023-10-22 00:58:36,205 UTC DEBUG    builtins        Status code response: <class 'int'>
2023-10-22 00:58:36,205 UTC DEBUG    builtins        Scenario tags: ['project_id']
2023-10-22 00:58:36,205 UTC INFO     utils.rest_client Method Name: post
2023-10-22 00:58:36,206 UTC INFO     utils.rest_client Endpoint (URL): https://api.todoist.com/rest/v2/projects
2023-10-22 00:58:37,221 UTC INFO     utils.rest_client Status code: 200
2023-10-22 00:58:37,221 UTC DEBUG    utils.rest_client Request: {'User-Agent': 'python-requests/2.31.0', 'Accept-Encoding': 'gzip, deflate', 'Accept': '*/*', 'Connection': 'keep-alive', 'Authorization': 'Bearer 3bb828df7836d71da0e9fdd090f6d0f66130044b', 'Cookie': 'tduser=v4.public.eyJ1c2VyX2lkIjogNDU2ODE1ODIsICJleHAiOiAiMjAyMy0xMS0wNVQwNDo1ODozNSswMDowMCJ9JsQwMgcWwrcGFaiALLC05lmfM957OBAmZSJLurKyQnnNaCSf3LuRAjgM4XJ5OgdhhpWu7rrEmnHw8_7zSIyGAQ; csrf=7fff9c8ec43a4242ba900b4c6b4bbbc0', 'Content-Length': '14', 'Content-Type': 'application/x-www-form-urlencoded'}
2023-10-22 00:58:37,221 UTC INFO     utils.rest_client Response: {
	"id": "2322349582",
	"parent_id": null,
	"order": 2,
	"color": "charcoal",
	"name": "project x",
	"comment_count": 0,
	"is_shared": false,
	"is_favorite": false,
	"is_inbox_project": false,
	"is_team_inbox": false,
	"url": "https://todoist.com/showProject?id=2322349582",
	"view_style": "list"
}

2023-10-22 00:58:37,222 UTC DEBUG    builtins        Project id created: 2322349582
2023-10-22 00:58:37,222 UTC DEBUG    builtins        HEADERS: {'Authorization': 'Bearer 3bb828df7836d71da0e9fdd090f6d0f66130044b'}
2023-10-22 00:58:37,222 UTC DEBUG    builtins        URL: https://api.todoist.com/rest/v2/
2023-10-22 00:58:37,223 UTC INFO     utils.rest_client Method Name: get
2023-10-22 00:58:37,223 UTC INFO     utils.rest_client Endpoint (URL): https://api.todoist.com/rest/v2/projects/2322349582
2023-10-22 00:58:37,937 UTC INFO     utils.rest_client Status code: 200
2023-10-22 00:58:37,938 UTC DEBUG    utils.rest_client Request: {'User-Agent': 'python-requests/2.31.0', 'Accept-Encoding': 'gzip, deflate', 'Accept': '*/*', 'Connection': 'keep-alive', 'Authorization': 'Bearer 3bb828df7836d71da0e9fdd090f6d0f66130044b', 'Cookie': 'tduser=v4.public.eyJ1c2VyX2lkIjogNDU2ODE1ODIsICJleHAiOiAiMjAyMy0xMS0wNVQwNDo1ODozNSswMDowMCJ9JsQwMgcWwrcGFaiALLC05lmfM957OBAmZSJLurKyQnnNaCSf3LuRAjgM4XJ5OgdhhpWu7rrEmnHw8_7zSIyGAQ; csrf=7fff9c8ec43a4242ba900b4c6b4bbbc0'}
2023-10-22 00:58:37,938 UTC INFO     utils.rest_client Response: {
	"id": "2322349582",
	"parent_id": null,
	"order": 2,
	"color": "charcoal",
	"name": "project x",
	"comment_count": 0,
	"is_shared": false,
	"is_favorite": false,
	"is_inbox_project": false,
	"is_team_inbox": false,
	"url": "https://todoist.com/showProject?id=2322349582",
	"view_style": "list"
}

2023-10-22 00:58:37,938 UTC DEBUG    builtins        Response: {'body': {'id': '2322349582', 'parent_id': None, 'order': 2, 'color': 'charcoal', 'name': 'project x', 'comment_count': 0, 'is_shared': False, 'is_favorite': False, 'is_inbox_project': False, 'is_team_inbox': False, 'url': 'https://todoist.com/showProject?id=2322349582', 'view_style': 'list'}, 'headers': {'Content-Type': 'application/json', 'Content-Length': '299', 'Connection': 'keep-alive', 'Date': 'Sun, 22 Oct 2023 04:58:37 GMT', 'Access-Control-Allow-Credentials': 'false', 'Access-Control-Allow-Origin': '*', 'Referrer-Policy': 'strict-origin-when-cross-origin', 'Server': 'gunicorn', 'Strict-Transport-Security': 'max-age=31536000; includeSubDomains; preload', 'Vary': 'Accept-Encoding', 'X-Cache': 'Miss from cloudfront', 'Via': '1.1 6811a79cdd31fc23168e1c950ac000a4.cloudfront.net (CloudFront)', 'X-Amz-Cf-Pop': 'SCL51-P4', 'X-Amz-Cf-Id': 'epz_74ltqQEMSmWExa9ZrNjbM4gZ-QhPhzYl59p-BifStNHRdMFigA=='}, 'status': 200}
2023-10-22 00:58:37,939 UTC DEBUG    builtins        Status code from response: 200
2023-10-22 00:58:37,939 UTC DEBUG    builtins        Status code param: <class 'int'>
2023-10-22 00:58:37,939 UTC DEBUG    builtins        Status code response: <class 'int'>
2023-10-22 00:58:37,939 UTC DEBUG    builtins        Scenario tags: []
2023-10-22 00:58:37,940 UTC DEBUG    builtins        HEADERS: {'Authorization': 'Bearer 3bb828df7836d71da0e9fdd090f6d0f66130044b'}
2023-10-22 00:58:37,940 UTC DEBUG    builtins        URL: https://api.todoist.com/rest/v2/
2023-10-22 00:58:37,940 UTC DEBUG    builtins        JSON: {
  "name": "Project TEST"
}
2023-10-22 00:58:37,940 UTC DEBUG    builtins        Dictionary created: {'name': 'Project TEST'}
2023-10-22 00:58:37,941 UTC INFO     utils.rest_client Method Name: post
2023-10-22 00:58:37,941 UTC INFO     utils.rest_client Endpoint (URL): https://api.todoist.com/rest/v2/projects
2023-10-22 00:58:38,859 UTC INFO     utils.rest_client Status code: 200
2023-10-22 00:58:38,859 UTC DEBUG    utils.rest_client Request: {'User-Agent': 'python-requests/2.31.0', 'Accept-Encoding': 'gzip, deflate', 'Accept': '*/*', 'Connection': 'keep-alive', 'Authorization': 'Bearer 3bb828df7836d71da0e9fdd090f6d0f66130044b', 'Cookie': 'tduser=v4.public.eyJ1c2VyX2lkIjogNDU2ODE1ODIsICJleHAiOiAiMjAyMy0xMS0wNVQwNDo1ODozNSswMDowMCJ9JsQwMgcWwrcGFaiALLC05lmfM957OBAmZSJLurKyQnnNaCSf3LuRAjgM4XJ5OgdhhpWu7rrEmnHw8_7zSIyGAQ; csrf=7fff9c8ec43a4242ba900b4c6b4bbbc0', 'Content-Length': '17', 'Content-Type': 'application/x-www-form-urlencoded'}
2023-10-22 00:58:38,859 UTC INFO     utils.rest_client Response: {
	"id": "2322349585",
	"parent_id": null,
	"order": 3,
	"color": "charcoal",
	"name": "Project TEST",
	"comment_count": 0,
	"is_shared": false,
	"is_favorite": false,
	"is_inbox_project": false,
	"is_team_inbox": false,
	"url": "https://todoist.com/showProject?id=2322349585",
	"view_style": "list"
}

2023-10-22 00:58:38,859 UTC DEBUG    builtins        Response: {'body': {'id': '2322349585', 'parent_id': None, 'order': 3, 'color': 'charcoal', 'name': 'Project TEST', 'comment_count': 0, 'is_shared': False, 'is_favorite': False, 'is_inbox_project': False, 'is_team_inbox': False, 'url': 'https://todoist.com/showProject?id=2322349585', 'view_style': 'list'}, 'headers': {'Content-Type': 'application/json', 'Content-Length': '302', 'Connection': 'keep-alive', 'Date': 'Sun, 22 Oct 2023 04:58:38 GMT', 'Access-Control-Allow-Credentials': 'false', 'Access-Control-Allow-Origin': '*', 'Cache-Control': 'no-cache', 'Referrer-Policy': 'strict-origin-when-cross-origin', 'Server': 'gunicorn', 'Strict-Transport-Security': 'max-age=31536000; includeSubDomains; preload', 'Vary': 'Accept-Encoding', 'X-Cache': 'Miss from cloudfront', 'Via': '1.1 6811a79cdd31fc23168e1c950ac000a4.cloudfront.net (CloudFront)', 'X-Amz-Cf-Pop': 'SCL51-P4', 'X-Amz-Cf-Id': 'fFhKWnhTCiJOITUh2-CPBQJdwbx0SYl7e-fJiXWtc86XrPdvYNLsDg=='}, 'status': 200}
2023-10-22 00:58:38,860 UTC DEBUG    builtins        Status code from response: 200
2023-10-22 00:58:38,860 UTC DEBUG    builtins        Status code param: <class 'int'>
2023-10-22 00:58:38,860 UTC DEBUG    builtins        Status code response: <class 'int'>
2023-10-22 00:58:38,861 UTC DEBUG    builtins        Scenario tags: ['project_id']
2023-10-22 00:58:38,861 UTC INFO     utils.rest_client Method Name: post
2023-10-22 00:58:38,861 UTC INFO     utils.rest_client Endpoint (URL): https://api.todoist.com/rest/v2/projects
2023-10-22 00:58:39,616 UTC INFO     utils.rest_client Status code: 200
2023-10-22 00:58:39,616 UTC DEBUG    utils.rest_client Request: {'User-Agent': 'python-requests/2.31.0', 'Accept-Encoding': 'gzip, deflate', 'Accept': '*/*', 'Connection': 'keep-alive', 'Authorization': 'Bearer 3bb828df7836d71da0e9fdd090f6d0f66130044b', 'Cookie': 'tduser=v4.public.eyJ1c2VyX2lkIjogNDU2ODE1ODIsICJleHAiOiAiMjAyMy0xMS0wNVQwNDo1ODozNSswMDowMCJ9JsQwMgcWwrcGFaiALLC05lmfM957OBAmZSJLurKyQnnNaCSf3LuRAjgM4XJ5OgdhhpWu7rrEmnHw8_7zSIyGAQ; csrf=7fff9c8ec43a4242ba900b4c6b4bbbc0', 'Content-Length': '14', 'Content-Type': 'application/x-www-form-urlencoded'}
2023-10-22 00:58:39,616 UTC INFO     utils.rest_client Response: {
	"id": "2322349588",
	"parent_id": null,
	"order": 4,
	"color": "charcoal",
	"name": "project x",
	"comment_count": 0,
	"is_shared": false,
	"is_favorite": false,
	"is_inbox_project": false,
	"is_team_inbox": false,
	"url": "https://todoist.com/showProject?id=2322349588",
	"view_style": "list"
}

2023-10-22 00:58:39,616 UTC DEBUG    builtins        Project id created: 2322349588
2023-10-22 00:58:39,617 UTC DEBUG    builtins        HEADERS: {'Authorization': 'Bearer 3bb828df7836d71da0e9fdd090f6d0f66130044b'}
2023-10-22 00:58:39,617 UTC DEBUG    builtins        URL: https://api.todoist.com/rest/v2/
2023-10-22 00:58:39,617 UTC INFO     utils.rest_client Method Name: delete
2023-10-22 00:58:39,617 UTC INFO     utils.rest_client Endpoint (URL): https://api.todoist.com/rest/v2/projects/2322349588
2023-10-22 00:58:40,503 UTC INFO     utils.rest_client Status code: 204
2023-10-22 00:58:40,503 UTC DEBUG    utils.rest_client Request: {'User-Agent': 'python-requests/2.31.0', 'Accept-Encoding': 'gzip, deflate', 'Accept': '*/*', 'Connection': 'keep-alive', 'Authorization': 'Bearer 3bb828df7836d71da0e9fdd090f6d0f66130044b', 'Cookie': 'tduser=v4.public.eyJ1c2VyX2lkIjogNDU2ODE1ODIsICJleHAiOiAiMjAyMy0xMS0wNVQwNDo1ODozNSswMDowMCJ9JsQwMgcWwrcGFaiALLC05lmfM957OBAmZSJLurKyQnnNaCSf3LuRAjgM4XJ5OgdhhpWu7rrEmnHw8_7zSIyGAQ; csrf=7fff9c8ec43a4242ba900b4c6b4bbbc0', 'Content-Length': '0'}
2023-10-22 00:58:40,503 UTC INFO     utils.rest_client Response: 
2023-10-22 00:58:40,503 UTC DEBUG    builtins        Response: {'body': {'msg': 'No body content'}, 'headers': {'Content-Type': 'text/html; charset=utf-8', 'Connection': 'keep-alive', 'Date': 'Sun, 22 Oct 2023 04:58:40 GMT', 'Access-Control-Allow-Credentials': 'false', 'Access-Control-Allow-Origin': '*', 'Cache-Control': 'no-cache', 'Referrer-Policy': 'strict-origin-when-cross-origin', 'Server': 'gunicorn', 'Strict-Transport-Security': 'max-age=31536000; includeSubDomains; preload', 'Vary': 'Accept-Encoding', 'X-Cache': 'Miss from cloudfront', 'Via': '1.1 6811a79cdd31fc23168e1c950ac000a4.cloudfront.net (CloudFront)', 'X-Amz-Cf-Pop': 'SCL51-P4', 'X-Amz-Cf-Id': 'm3PdNU13PUzRtTJ3SsLRPoCnsGdALxUsWYXh-0kYiseGSg3kQZvwLg=='}, 'status': 204}
2023-10-22 00:58:40,504 UTC DEBUG    builtins        Status code from response: 204
2023-10-22 00:58:40,504 UTC DEBUG    builtins        Status code param: <class 'int'>
2023-10-22 00:58:40,504 UTC DEBUG    builtins        Status code response: <class 'int'>
2023-10-22 00:58:40,505 UTC DEBUG    builtins        Scenario tags: ['project_id', 'wip']
2023-10-22 00:58:40,505 UTC INFO     utils.rest_client Method Name: post
2023-10-22 00:58:40,505 UTC INFO     utils.rest_client Endpoint (URL): https://api.todoist.com/rest/v2/projects
2023-10-22 00:58:41,215 UTC INFO     utils.rest_client Status code: 200
2023-10-22 00:58:41,215 UTC DEBUG    utils.rest_client Request: {'User-Agent': 'python-requests/2.31.0', 'Accept-Encoding': 'gzip, deflate', 'Accept': '*/*', 'Connection': 'keep-alive', 'Authorization': 'Bearer 3bb828df7836d71da0e9fdd090f6d0f66130044b', 'Cookie': 'tduser=v4.public.eyJ1c2VyX2lkIjogNDU2ODE1ODIsICJleHAiOiAiMjAyMy0xMS0wNVQwNDo1ODozNSswMDowMCJ9JsQwMgcWwrcGFaiALLC05lmfM957OBAmZSJLurKyQnnNaCSf3LuRAjgM4XJ5OgdhhpWu7rrEmnHw8_7zSIyGAQ; csrf=7fff9c8ec43a4242ba900b4c6b4bbbc0', 'Content-Length': '14', 'Content-Type': 'application/x-www-form-urlencoded'}
2023-10-22 00:58:41,215 UTC INFO     utils.rest_client Response: {
	"id": "2322349589",
	"parent_id": null,
	"order": 4,
	"color": "charcoal",
	"name": "project x",
	"comment_count": 0,
	"is_shared": false,
	"is_favorite": false,
	"is_inbox_project": false,
	"is_team_inbox": false,
	"url": "https://todoist.com/showProject?id=2322349589",
	"view_style": "list"
}

2023-10-22 00:58:41,215 UTC DEBUG    builtins        Project id created: 2322349589
2023-10-22 00:58:41,216 UTC DEBUG    builtins        HEADERS: {'Authorization': 'Bearer 3bb828df7836d71da0e9fdd090f6d0f66130044b'}
2023-10-22 00:58:41,216 UTC DEBUG    builtins        URL: https://api.todoist.com/rest/v2/
2023-10-22 00:58:41,216 UTC DEBUG    builtins        JSON: {
  "name": "Project updated",
  "color": "red"
}
2023-10-22 00:58:41,216 UTC DEBUG    builtins        Dictionary created: {'name': 'Project updated', 'color': 'red'}
2023-10-22 00:58:41,216 UTC INFO     utils.rest_client Method Name: post
2023-10-22 00:58:41,216 UTC INFO     utils.rest_client Endpoint (URL): https://api.todoist.com/rest/v2/projects/2322349589
2023-10-22 00:58:41,829 UTC INFO     utils.rest_client Status code: 200
2023-10-22 00:58:41,830 UTC DEBUG    utils.rest_client Request: {'User-Agent': 'python-requests/2.31.0', 'Accept-Encoding': 'gzip, deflate', 'Accept': '*/*', 'Connection': 'keep-alive', 'Authorization': 'Bearer 3bb828df7836d71da0e9fdd090f6d0f66130044b', 'Cookie': 'tduser=v4.public.eyJ1c2VyX2lkIjogNDU2ODE1ODIsICJleHAiOiAiMjAyMy0xMS0wNVQwNDo1ODozNSswMDowMCJ9JsQwMgcWwrcGFaiALLC05lmfM957OBAmZSJLurKyQnnNaCSf3LuRAjgM4XJ5OgdhhpWu7rrEmnHw8_7zSIyGAQ; csrf=7fff9c8ec43a4242ba900b4c6b4bbbc0', 'Content-Length': '30', 'Content-Type': 'application/x-www-form-urlencoded'}
2023-10-22 00:58:41,830 UTC INFO     utils.rest_client Response: {
	"id": "2322349589",
	"parent_id": null,
	"order": 4,
	"color": "red",
	"name": "Project updated",
	"comment_count": 0,
	"is_shared": false,
	"is_favorite": false,
	"is_inbox_project": false,
	"is_team_inbox": false,
	"url": "https://todoist.com/showProject?id=2322349589",
	"view_style": "list"
}

2023-10-22 00:58:41,830 UTC DEBUG    builtins        Response: {'body': {'id': '2322349589', 'parent_id': None, 'order': 4, 'color': 'red', 'name': 'Project updated', 'comment_count': 0, 'is_shared': False, 'is_favorite': False, 'is_inbox_project': False, 'is_team_inbox': False, 'url': 'https://todoist.com/showProject?id=2322349589', 'view_style': 'list'}, 'headers': {'Content-Type': 'application/json', 'Content-Length': '300', 'Connection': 'keep-alive', 'Date': 'Sun, 22 Oct 2023 04:58:41 GMT', 'Access-Control-Allow-Credentials': 'false', 'Access-Control-Allow-Origin': '*', 'Cache-Control': 'no-cache', 'Referrer-Policy': 'strict-origin-when-cross-origin', 'Server': 'gunicorn', 'Strict-Transport-Security': 'max-age=31536000; includeSubDomains; preload', 'Vary': 'Accept-Encoding', 'X-Cache': 'Miss from cloudfront', 'Via': '1.1 6811a79cdd31fc23168e1c950ac000a4.cloudfront.net (CloudFront)', 'X-Amz-Cf-Pop': 'SCL51-P4', 'X-Amz-Cf-Id': 'LlDpG8DnnVZhfJNBXZI4dnWGRjnEoU0wR6QepEXeLBeiz5V9eKgbUA=='}, 'status': 200}
2023-10-22 00:58:41,831 UTC DEBUG    builtins        Status code from response: 200
2023-10-22 00:58:41,831 UTC DEBUG    builtins        Status code param: <class 'int'>
2023-10-22 00:58:41,831 UTC DEBUG    builtins        Status code response: <class 'int'>
2023-10-22 00:58:41,832 UTC DEBUG    builtins        Scenario tags: []
2023-10-22 00:58:41,832 UTC DEBUG    builtins        HEADERS: {'Authorization': 'Bearer 3bb828df7836d71da0e9fdd090f6d0f66130044b'}
2023-10-22 00:58:41,832 UTC DEBUG    builtins        URL: https://api.todoist.com/rest/v2/
2023-10-22 00:58:41,833 UTC INFO     utils.rest_client Method Name: get
2023-10-22 00:58:41,833 UTC INFO     utils.rest_client Endpoint (URL): https://api.todoist.com/rest/v2/sections
2023-10-22 00:58:42,240 UTC INFO     utils.rest_client Status code: 200
2023-10-22 00:58:42,240 UTC DEBUG    utils.rest_client Request: {'User-Agent': 'python-requests/2.31.0', 'Accept-Encoding': 'gzip, deflate', 'Accept': '*/*', 'Connection': 'keep-alive', 'Authorization': 'Bearer 3bb828df7836d71da0e9fdd090f6d0f66130044b', 'Cookie': 'tduser=v4.public.eyJ1c2VyX2lkIjogNDU2ODE1ODIsICJleHAiOiAiMjAyMy0xMS0wNVQwNDo1ODozNSswMDowMCJ9JsQwMgcWwrcGFaiALLC05lmfM957OBAmZSJLurKyQnnNaCSf3LuRAjgM4XJ5OgdhhpWu7rrEmnHw8_7zSIyGAQ; csrf=7fff9c8ec43a4242ba900b4c6b4bbbc0'}
2023-10-22 00:58:42,240 UTC INFO     utils.rest_client Response: [
	{
		"id": "136923058",
		"project_id": "2319576038",
		"order": 2,
		"name": "UPDATED SECTION"
	},
	{
		"id": "137534113",
		"project_id": "2322258579",
		"order": 1,
		"name": "section x"
	},
	{
		"id": "137536792",
		"project_id": "2322258579",
		"order": 2,
		"name": "section x"
	}
]

2023-10-22 00:58:42,241 UTC DEBUG    builtins        Response: {'body': [{'id': '136923058', 'project_id': '2319576038', 'order': 2, 'name': 'UPDATED SECTION'}, {'id': '137534113', 'project_id': '2322258579', 'order': 1, 'name': 'section x'}, {'id': '137536792', 'project_id': '2322258579', 'order': 2, 'name': 'section x'}], 'headers': {'Content-Type': 'application/json', 'Content-Length': '291', 'Connection': 'keep-alive', 'Date': 'Sun, 22 Oct 2023 04:58:42 GMT', 'Access-Control-Allow-Credentials': 'false', 'Access-Control-Allow-Origin': '*', 'Referrer-Policy': 'strict-origin-when-cross-origin', 'Server': 'gunicorn', 'Strict-Transport-Security': 'max-age=31536000; includeSubDomains; preload', 'Vary': 'Accept-Encoding', 'X-Cache': 'Miss from cloudfront', 'Via': '1.1 6811a79cdd31fc23168e1c950ac000a4.cloudfront.net (CloudFront)', 'X-Amz-Cf-Pop': 'SCL51-P4', 'X-Amz-Cf-Id': 'sPRI7bp9i-6cdAdFzpjU1ydOROOxJWUx_lEtICdWiIuTp3TTI0pvcQ=='}, 'status': 200}
2023-10-22 00:58:42,241 UTC DEBUG    builtins        Status code from response: 200
2023-10-22 00:58:42,241 UTC DEBUG    builtins        Status code param: <class 'int'>
2023-10-22 00:58:42,241 UTC DEBUG    builtins        Status code response: <class 'int'>
2023-10-22 00:58:42,242 UTC DEBUG    builtins        Scenario tags: ['project_id']
2023-10-22 00:58:42,242 UTC INFO     utils.rest_client Method Name: post
2023-10-22 00:58:42,242 UTC INFO     utils.rest_client Endpoint (URL): https://api.todoist.com/rest/v2/projects
2023-10-22 00:58:43,217 UTC INFO     utils.rest_client Status code: 200
2023-10-22 00:58:43,217 UTC DEBUG    utils.rest_client Request: {'User-Agent': 'python-requests/2.31.0', 'Accept-Encoding': 'gzip, deflate', 'Accept': '*/*', 'Connection': 'keep-alive', 'Authorization': 'Bearer 3bb828df7836d71da0e9fdd090f6d0f66130044b', 'Cookie': 'tduser=v4.public.eyJ1c2VyX2lkIjogNDU2ODE1ODIsICJleHAiOiAiMjAyMy0xMS0wNVQwNDo1ODozNSswMDowMCJ9JsQwMgcWwrcGFaiALLC05lmfM957OBAmZSJLurKyQnnNaCSf3LuRAjgM4XJ5OgdhhpWu7rrEmnHw8_7zSIyGAQ; csrf=7fff9c8ec43a4242ba900b4c6b4bbbc0', 'Content-Length': '14', 'Content-Type': 'application/x-www-form-urlencoded'}
2023-10-22 00:58:43,218 UTC INFO     utils.rest_client Response: {
	"id": "2322349590",
	"parent_id": null,
	"order": 5,
	"color": "charcoal",
	"name": "project x",
	"comment_count": 0,
	"is_shared": false,
	"is_favorite": false,
	"is_inbox_project": false,
	"is_team_inbox": false,
	"url": "https://todoist.com/showProject?id=2322349590",
	"view_style": "list"
}

2023-10-22 00:58:43,218 UTC DEBUG    builtins        Project id created: 2322349590
2023-10-22 00:58:43,218 UTC DEBUG    builtins        HEADERS: {'Authorization': 'Bearer 3bb828df7836d71da0e9fdd090f6d0f66130044b'}
2023-10-22 00:58:43,218 UTC DEBUG    builtins        URL: https://api.todoist.com/rest/v2/
2023-10-22 00:58:43,219 UTC DEBUG    builtins        JSON: {
  "project_id": "project_id",
  "name": "Section created"
}
2023-10-22 00:58:43,219 UTC DEBUG    builtins        Dictionary created: {'project_id': '2322349590', 'name': 'Section created'}
2023-10-22 00:58:43,219 UTC INFO     utils.rest_client Method Name: post
2023-10-22 00:58:43,219 UTC INFO     utils.rest_client Endpoint (URL): https://api.todoist.com/rest/v2/sections
2023-10-22 00:58:43,877 UTC INFO     utils.rest_client Status code: 200
2023-10-22 00:58:43,877 UTC DEBUG    utils.rest_client Request: {'User-Agent': 'python-requests/2.31.0', 'Accept-Encoding': 'gzip, deflate', 'Accept': '*/*', 'Connection': 'keep-alive', 'Authorization': 'Bearer 3bb828df7836d71da0e9fdd090f6d0f66130044b', 'Cookie': 'tduser=v4.public.eyJ1c2VyX2lkIjogNDU2ODE1ODIsICJleHAiOiAiMjAyMy0xMS0wNVQwNDo1ODozNSswMDowMCJ9JsQwMgcWwrcGFaiALLC05lmfM957OBAmZSJLurKyQnnNaCSf3LuRAjgM4XJ5OgdhhpWu7rrEmnHw8_7zSIyGAQ; csrf=7fff9c8ec43a4242ba900b4c6b4bbbc0', 'Content-Length': '42', 'Content-Type': 'application/x-www-form-urlencoded'}
2023-10-22 00:58:43,877 UTC INFO     utils.rest_client Response: {
	"id": "137536837",
	"project_id": "2322349590",
	"order": 1,
	"name": "Section created"
}

2023-10-22 00:58:43,878 UTC DEBUG    builtins        Response: {'body': {'id': '137536837', 'project_id': '2322349590', 'order': 1, 'name': 'Section created'}, 'headers': {'Content-Type': 'application/json', 'Content-Length': '93', 'Connection': 'keep-alive', 'Date': 'Sun, 22 Oct 2023 04:58:43 GMT', 'Access-Control-Allow-Credentials': 'false', 'Access-Control-Allow-Origin': '*', 'Cache-Control': 'no-cache', 'Referrer-Policy': 'strict-origin-when-cross-origin', 'Server': 'gunicorn', 'Strict-Transport-Security': 'max-age=31536000; includeSubDomains; preload', 'Vary': 'Accept-Encoding', 'X-Cache': 'Miss from cloudfront', 'Via': '1.1 6811a79cdd31fc23168e1c950ac000a4.cloudfront.net (CloudFront)', 'X-Amz-Cf-Pop': 'SCL51-P4', 'X-Amz-Cf-Id': '31BL8-xnGK7mICIlzzq9zQzx4Ro1optAVDzJUa0q9BJkRqesXoMaJQ=='}, 'status': 200}
2023-10-22 00:58:43,878 UTC DEBUG    builtins        Status code from response: 200
2023-10-22 00:58:43,878 UTC DEBUG    builtins        Status code param: <class 'int'>
2023-10-22 00:58:43,878 UTC DEBUG    builtins        Status code response: <class 'int'>
2023-10-22 00:58:43,879 UTC DEBUG    builtins        Scenario tags: ['section_id']
2023-10-22 00:58:43,879 UTC INFO     utils.rest_client Method Name: post
2023-10-22 00:58:43,879 UTC INFO     utils.rest_client Endpoint (URL): https://api.todoist.com/rest/v2/sections
2023-10-22 00:58:44,594 UTC INFO     utils.rest_client Status code: 200
2023-10-22 00:58:44,594 UTC DEBUG    utils.rest_client Request: {'User-Agent': 'python-requests/2.31.0', 'Accept-Encoding': 'gzip, deflate', 'Accept': '*/*', 'Connection': 'keep-alive', 'Authorization': 'Bearer 3bb828df7836d71da0e9fdd090f6d0f66130044b', 'Cookie': 'tduser=v4.public.eyJ1c2VyX2lkIjogNDU2ODE1ODIsICJleHAiOiAiMjAyMy0xMS0wNVQwNDo1ODozNSswMDowMCJ9JsQwMgcWwrcGFaiALLC05lmfM957OBAmZSJLurKyQnnNaCSf3LuRAjgM4XJ5OgdhhpWu7rrEmnHw8_7zSIyGAQ; csrf=7fff9c8ec43a4242ba900b4c6b4bbbc0', 'Content-Length': '36', 'Content-Type': 'application/x-www-form-urlencoded'}
2023-10-22 00:58:44,594 UTC INFO     utils.rest_client Response: {
	"id": "137536840",
	"project_id": "2322258579",
	"order": 3,
	"name": "section x"
}

2023-10-22 00:58:44,595 UTC DEBUG    builtins        Section id created: 137536840
2023-10-22 00:58:44,595 UTC DEBUG    builtins        HEADERS: {'Authorization': 'Bearer 3bb828df7836d71da0e9fdd090f6d0f66130044b'}
2023-10-22 00:58:44,595 UTC DEBUG    builtins        URL: https://api.todoist.com/rest/v2/
2023-10-22 00:58:44,596 UTC INFO     utils.rest_client Method Name: delete
2023-10-22 00:58:44,596 UTC INFO     utils.rest_client Endpoint (URL): https://api.todoist.com/rest/v2/sections/137536840
2023-10-22 00:58:45,208 UTC INFO     utils.rest_client Status code: 204
2023-10-22 00:58:45,209 UTC DEBUG    utils.rest_client Request: {'User-Agent': 'python-requests/2.31.0', 'Accept-Encoding': 'gzip, deflate', 'Accept': '*/*', 'Connection': 'keep-alive', 'Authorization': 'Bearer 3bb828df7836d71da0e9fdd090f6d0f66130044b', 'Cookie': 'tduser=v4.public.eyJ1c2VyX2lkIjogNDU2ODE1ODIsICJleHAiOiAiMjAyMy0xMS0wNVQwNDo1ODozNSswMDowMCJ9JsQwMgcWwrcGFaiALLC05lmfM957OBAmZSJLurKyQnnNaCSf3LuRAjgM4XJ5OgdhhpWu7rrEmnHw8_7zSIyGAQ; csrf=7fff9c8ec43a4242ba900b4c6b4bbbc0', 'Content-Length': '0'}
2023-10-22 00:58:45,209 UTC INFO     utils.rest_client Response: 
2023-10-22 00:58:45,209 UTC DEBUG    builtins        Response: {'body': {'msg': 'No body content'}, 'headers': {'Content-Type': 'text/html; charset=utf-8', 'Connection': 'keep-alive', 'Date': 'Sun, 22 Oct 2023 04:58:45 GMT', 'Access-Control-Allow-Credentials': 'false', 'Access-Control-Allow-Origin': '*', 'Cache-Control': 'no-cache', 'Referrer-Policy': 'strict-origin-when-cross-origin', 'Server': 'gunicorn', 'Strict-Transport-Security': 'max-age=31536000; includeSubDomains; preload', 'Vary': 'Accept-Encoding', 'X-Cache': 'Miss from cloudfront', 'Via': '1.1 6811a79cdd31fc23168e1c950ac000a4.cloudfront.net (CloudFront)', 'X-Amz-Cf-Pop': 'SCL51-P4', 'X-Amz-Cf-Id': 'CJWDz_bY4Gh4Ms0-yD09fBCpd-Bb1ihaFeLhBufKXlaGQeHPORjpqA=='}, 'status': 204}
2023-10-22 00:58:45,210 UTC DEBUG    builtins        Status code from response: 204
2023-10-22 00:58:45,210 UTC DEBUG    builtins        Status code param: <class 'int'>
2023-10-22 00:58:45,210 UTC DEBUG    builtins        Status code response: <class 'int'>
2023-10-22 00:58:45,210 UTC DEBUG    builtins        Scenario tags: ['section_id']
2023-10-22 00:58:45,210 UTC INFO     utils.rest_client Method Name: post
2023-10-22 00:58:45,210 UTC INFO     utils.rest_client Endpoint (URL): https://api.todoist.com/rest/v2/sections
2023-10-22 00:58:45,618 UTC INFO     utils.rest_client Status code: 200
2023-10-22 00:58:45,619 UTC DEBUG    utils.rest_client Request: {'User-Agent': 'python-requests/2.31.0', 'Accept-Encoding': 'gzip, deflate', 'Accept': '*/*', 'Connection': 'keep-alive', 'Authorization': 'Bearer 3bb828df7836d71da0e9fdd090f6d0f66130044b', 'Cookie': 'tduser=v4.public.eyJ1c2VyX2lkIjogNDU2ODE1ODIsICJleHAiOiAiMjAyMy0xMS0wNVQwNDo1ODozNSswMDowMCJ9JsQwMgcWwrcGFaiALLC05lmfM957OBAmZSJLurKyQnnNaCSf3LuRAjgM4XJ5OgdhhpWu7rrEmnHw8_7zSIyGAQ; csrf=7fff9c8ec43a4242ba900b4c6b4bbbc0', 'Content-Length': '36', 'Content-Type': 'application/x-www-form-urlencoded'}
2023-10-22 00:58:45,619 UTC INFO     utils.rest_client Response: {
	"id": "137536844",
	"project_id": "2322258579",
	"order": 3,
	"name": "section x"
}

2023-10-22 00:58:45,619 UTC DEBUG    builtins        Section id created: 137536844
2023-10-22 00:58:45,620 UTC DEBUG    builtins        HEADERS: {'Authorization': 'Bearer 3bb828df7836d71da0e9fdd090f6d0f66130044b'}
2023-10-22 00:58:45,620 UTC DEBUG    builtins        URL: https://api.todoist.com/rest/v2/
2023-10-22 00:58:45,620 UTC DEBUG    builtins        JSON: {
  "name": "SECTION UPDATED"
}
2023-10-22 00:58:45,620 UTC DEBUG    builtins        Dictionary created: {'name': 'SECTION UPDATED'}
2023-10-22 00:58:45,621 UTC INFO     utils.rest_client Method Name: post
2023-10-22 00:58:45,621 UTC INFO     utils.rest_client Endpoint (URL): https://api.todoist.com/rest/v2/sections
2023-10-22 00:58:46,192 UTC ERROR    utils.rest_client HTTP error: 404 Client Error: Not Found for url: https://api.todoist.com/rest/v2/sections
2023-10-22 00:58:46,192 UTC DEBUG    builtins        Response: {'body': {'msg': 'Project not found'}, 'headers': {'Content-Type': 'text/plain; charset=utf-8', 'Content-Length': '17', 'Connection': 'keep-alive', 'Date': 'Sun, 22 Oct 2023 04:58:46 GMT', 'Access-Control-Allow-Credentials': 'false', 'Access-Control-Allow-Origin': '*', 'Cache-Control': 'no-cache', 'Referrer-Policy': 'strict-origin-when-cross-origin', 'Server': 'gunicorn', 'Strict-Transport-Security': 'max-age=31536000; includeSubDomains; preload', 'Vary': 'Accept-Encoding', 'X-Cache': 'Error from cloudfront', 'Via': '1.1 6811a79cdd31fc23168e1c950ac000a4.cloudfront.net (CloudFront)', 'X-Amz-Cf-Pop': 'SCL51-P4', 'X-Amz-Cf-Id': 'xp-0JAGdRpSwVWgdvfIMsCqdpl6UFW4jtbSFTH9Gn1peSV23_VKwcg=='}, 'status': 404}
2023-10-22 00:58:46,194 UTC INFO     utils.rest_client Method Name: delete
2023-10-22 00:58:46,194 UTC INFO     utils.rest_client Endpoint (URL): https://api.todoist.com/rest/v2/projects/2322349582
2023-10-22 00:58:46,540 UTC INFO     utils.rest_client Status code: 204
2023-10-22 00:58:46,540 UTC DEBUG    utils.rest_client Request: {'User-Agent': 'python-requests/2.31.0', 'Accept-Encoding': 'gzip, deflate', 'Accept': '*/*', 'Connection': 'keep-alive', 'Authorization': 'Bearer 3bb828df7836d71da0e9fdd090f6d0f66130044b', 'Cookie': 'tduser=v4.public.eyJ1c2VyX2lkIjogNDU2ODE1ODIsICJleHAiOiAiMjAyMy0xMS0wNVQwNDo1ODozNSswMDowMCJ9JsQwMgcWwrcGFaiALLC05lmfM957OBAmZSJLurKyQnnNaCSf3LuRAjgM4XJ5OgdhhpWu7rrEmnHw8_7zSIyGAQ; csrf=7fff9c8ec43a4242ba900b4c6b4bbbc0', 'Content-Length': '0'}
2023-10-22 00:58:46,540 UTC INFO     utils.rest_client Response: 
2023-10-22 00:58:46,540 UTC INFO     builtins        Deleting project: 2322349582
2023-10-22 00:58:46,540 UTC INFO     utils.rest_client Method Name: delete
2023-10-22 00:58:46,541 UTC INFO     utils.rest_client Endpoint (URL): https://api.todoist.com/rest/v2/projects/2322349585
2023-10-22 00:58:46,949 UTC INFO     utils.rest_client Status code: 204
2023-10-22 00:58:46,949 UTC DEBUG    utils.rest_client Request: {'User-Agent': 'python-requests/2.31.0', 'Accept-Encoding': 'gzip, deflate', 'Accept': '*/*', 'Connection': 'keep-alive', 'Authorization': 'Bearer 3bb828df7836d71da0e9fdd090f6d0f66130044b', 'Cookie': 'tduser=v4.public.eyJ1c2VyX2lkIjogNDU2ODE1ODIsICJleHAiOiAiMjAyMy0xMS0wNVQwNDo1ODozNSswMDowMCJ9JsQwMgcWwrcGFaiALLC05lmfM957OBAmZSJLurKyQnnNaCSf3LuRAjgM4XJ5OgdhhpWu7rrEmnHw8_7zSIyGAQ; csrf=7fff9c8ec43a4242ba900b4c6b4bbbc0', 'Content-Length': '0'}
2023-10-22 00:58:46,950 UTC INFO     utils.rest_client Response: 
2023-10-22 00:58:46,950 UTC INFO     builtins        Deleting project: 2322349585
2023-10-22 00:58:46,950 UTC INFO     utils.rest_client Method Name: delete
2023-10-22 00:58:46,950 UTC INFO     utils.rest_client Endpoint (URL): https://api.todoist.com/rest/v2/projects/2322349588
2023-10-22 00:58:47,768 UTC INFO     utils.rest_client Status code: 204
2023-10-22 00:58:47,768 UTC DEBUG    utils.rest_client Request: {'User-Agent': 'python-requests/2.31.0', 'Accept-Encoding': 'gzip, deflate', 'Accept': '*/*', 'Connection': 'keep-alive', 'Authorization': 'Bearer 3bb828df7836d71da0e9fdd090f6d0f66130044b', 'Cookie': 'tduser=v4.public.eyJ1c2VyX2lkIjogNDU2ODE1ODIsICJleHAiOiAiMjAyMy0xMS0wNVQwNDo1ODozNSswMDowMCJ9JsQwMgcWwrcGFaiALLC05lmfM957OBAmZSJLurKyQnnNaCSf3LuRAjgM4XJ5OgdhhpWu7rrEmnHw8_7zSIyGAQ; csrf=7fff9c8ec43a4242ba900b4c6b4bbbc0', 'Content-Length': '0'}
2023-10-22 00:58:47,769 UTC INFO     utils.rest_client Response: 
2023-10-22 00:58:47,769 UTC INFO     builtins        Deleting project: 2322349588
2023-10-22 00:58:47,769 UTC INFO     utils.rest_client Method Name: delete
2023-10-22 00:58:47,769 UTC INFO     utils.rest_client Endpoint (URL): https://api.todoist.com/rest/v2/projects/2322349589
2023-10-22 00:58:48,383 UTC INFO     utils.rest_client Status code: 204
2023-10-22 00:58:48,383 UTC DEBUG    utils.rest_client Request: {'User-Agent': 'python-requests/2.31.0', 'Accept-Encoding': 'gzip, deflate', 'Accept': '*/*', 'Connection': 'keep-alive', 'Authorization': 'Bearer 3bb828df7836d71da0e9fdd090f6d0f66130044b', 'Cookie': 'tduser=v4.public.eyJ1c2VyX2lkIjogNDU2ODE1ODIsICJleHAiOiAiMjAyMy0xMS0wNVQwNDo1ODozNSswMDowMCJ9JsQwMgcWwrcGFaiALLC05lmfM957OBAmZSJLurKyQnnNaCSf3LuRAjgM4XJ5OgdhhpWu7rrEmnHw8_7zSIyGAQ; csrf=7fff9c8ec43a4242ba900b4c6b4bbbc0', 'Content-Length': '0'}
2023-10-22 00:58:48,383 UTC INFO     utils.rest_client Response: 
2023-10-22 00:58:48,383 UTC INFO     builtins        Deleting project: 2322349589
2023-10-22 00:58:48,383 UTC INFO     utils.rest_client Method Name: delete
2023-10-22 00:58:48,384 UTC INFO     utils.rest_client Endpoint (URL): https://api.todoist.com/rest/v2/projects/2322349589
2023-10-22 00:58:48,897 UTC INFO     utils.rest_client Status code: 204
2023-10-22 00:58:48,897 UTC DEBUG    utils.rest_client Request: {'User-Agent': 'python-requests/2.31.0', 'Accept-Encoding': 'gzip, deflate', 'Accept': '*/*', 'Connection': 'keep-alive', 'Authorization': 'Bearer 3bb828df7836d71da0e9fdd090f6d0f66130044b', 'Cookie': 'tduser=v4.public.eyJ1c2VyX2lkIjogNDU2ODE1ODIsICJleHAiOiAiMjAyMy0xMS0wNVQwNDo1ODozNSswMDowMCJ9JsQwMgcWwrcGFaiALLC05lmfM957OBAmZSJLurKyQnnNaCSf3LuRAjgM4XJ5OgdhhpWu7rrEmnHw8_7zSIyGAQ; csrf=7fff9c8ec43a4242ba900b4c6b4bbbc0', 'Content-Length': '0'}
2023-10-22 00:58:48,897 UTC INFO     utils.rest_client Response: 
2023-10-22 00:58:48,897 UTC INFO     builtins        Deleting project: 2322349589
2023-10-22 00:58:48,897 UTC INFO     utils.rest_client Method Name: delete
2023-10-22 00:58:48,897 UTC INFO     utils.rest_client Endpoint (URL): https://api.todoist.com/rest/v2/projects/2322349590
2023-10-22 00:58:49,614 UTC INFO     utils.rest_client Status code: 204
2023-10-22 00:58:49,614 UTC DEBUG    utils.rest_client Request: {'User-Agent': 'python-requests/2.31.0', 'Accept-Encoding': 'gzip, deflate', 'Accept': '*/*', 'Connection': 'keep-alive', 'Authorization': 'Bearer 3bb828df7836d71da0e9fdd090f6d0f66130044b', 'Cookie': 'tduser=v4.public.eyJ1c2VyX2lkIjogNDU2ODE1ODIsICJleHAiOiAiMjAyMy0xMS0wNVQwNDo1ODozNSswMDowMCJ9JsQwMgcWwrcGFaiALLC05lmfM957OBAmZSJLurKyQnnNaCSf3LuRAjgM4XJ5OgdhhpWu7rrEmnHw8_7zSIyGAQ; csrf=7fff9c8ec43a4242ba900b4c6b4bbbc0', 'Content-Length': '0'}
2023-10-22 00:58:49,615 UTC INFO     utils.rest_client Response: 
2023-10-22 00:58:49,615 UTC INFO     builtins        Deleting project: 2322349590
